{"/Users/tavasya/Documents/Native/code/native/src/app/hooks.ts": {"path":"/Users/tavasya/Documents/Native/code/native/src/app/hooks.ts","statementMap":{"0":{"start":{"line":1,"column":0},"end":{"line":1,"column":77}},"1":{"start":{"line":5,"column":49},"end":{"line":7,"column":1}},"2":{"start":{"line":6,"column":2},"end":{"line":6,"column":23}},"3":{"start":{"line":5,"column":13},"end":{"line":5,"column":49}},"4":{"start":{"line":10,"column":63},"end":{"line":13,"column":1}},"5":{"start":{"line":12,"column":2},"end":{"line":12,"column":43}},"6":{"start":{"line":10,"column":13},"end":{"line":10,"column":63}}},"fnMap":{"0":{"name":"(anonymous_0)","decl":{"start":{"line":5,"column":49},"end":{"line":5,"column":52}},"loc":{"start":{"line":5,"column":54},"end":{"line":7,"column":1}}},"1":{"name":"(anonymous_1)","decl":{"start":{"line":10,"column":63},"end":{"line":10,"column":64}},"loc":{"start":{"line":10,"column":88},"end":{"line":13,"column":1}}}},"branchMap":{},"s":{"0":0,"1":0,"2":0,"3":0,"4":0,"5":0,"6":0},"f":{"0":0,"1":0},"b":{}}
,"/Users/tavasya/Documents/Native/code/native/src/components/FeedbackItem.tsx": {"path":"/Users/tavasya/Documents/Native/code/native/src/components/FeedbackItem.tsx","statementMap":{"0":{"start":{"line":7,"column":21},"end":{"line":21,"column":1}},"1":{"start":{"line":8,"column":2},"end":{"line":20,"column":4}},"2":{"start":{"line":23,"column":0},"end":{"line":23,"column":28}}},"fnMap":{"0":{"name":"(anonymous_0)","decl":{"start":{"line":7,"column":21},"end":{"line":7,"column":22}},"loc":{"start":{"line":7,"column":70},"end":{"line":21,"column":1}}}},"branchMap":{"0":{"loc":{"start":{"line":12,"column":9},"end":{"line":15,"column":null}},"type":"binary-expr","locations":[{"start":{"line":12,"column":9},"end":{"line":12,"column":28}},{"start":{"line":13,"column":10},"end":{"line":14,"column":null}}]}},"s":{"0":0,"1":0,"2":0},"f":{"0":0},"b":{"0":[0,0]}}
,"/Users/tavasya/Documents/Native/code/native/src/components/GrammarSuggestion.tsx": {"path":"/Users/tavasya/Documents/Native/code/native/src/components/GrammarSuggestion.tsx","statementMap":{"0":{"start":{"line":1,"column":0},"end":{"line":1,"column":37}},"1":{"start":{"line":2,"column":0},"end":{"line":2,"column":40}},"2":{"start":{"line":3,"column":0},"end":{"line":3,"column":46}},"3":{"start":{"line":26,"column":33},"end":{"line":140,"column":1}},"4":{"start":{"line":33,"column":25},"end":{"line":91,"column":3}},"5":{"start":{"line":34,"column":4},"end":{"line":90,"column":5}},"6":{"start":{"line":36,"column":8},"end":{"line":40,"column":10}},"7":{"start":{"line":42,"column":8},"end":{"line":46,"column":10}},"8":{"start":{"line":48,"column":8},"end":{"line":52,"column":10}},"9":{"start":{"line":54,"column":8},"end":{"line":58,"column":10}},"10":{"start":{"line":60,"column":8},"end":{"line":64,"column":10}},"11":{"start":{"line":66,"column":8},"end":{"line":70,"column":10}},"12":{"start":{"line":72,"column":8},"end":{"line":76,"column":10}},"13":{"start":{"line":78,"column":8},"end":{"line":82,"column":10}},"14":{"start":{"line":85,"column":8},"end":{"line":89,"column":10}},"15":{"start":{"line":93,"column":22},"end":{"line":93,"column":38}},"16":{"start":{"line":95,"column":2},"end":{"line":139,"column":4}},"17":{"start":{"line":26,"column":13},"end":{"line":26,"column":33}}},"fnMap":{"0":{"name":"(anonymous_0)","decl":{"start":{"line":26,"column":33},"end":{"line":26,"column":34}},"loc":{"start":{"line":31,"column":29},"end":{"line":140,"column":1}}},"1":{"name":"(anonymous_1)","decl":{"start":{"line":33,"column":25},"end":{"line":33,"column":28}},"loc":{"start":{"line":33,"column":30},"end":{"line":91,"column":3}}}},"branchMap":{"0":{"loc":{"start":{"line":34,"column":4},"end":{"line":90,"column":5}},"type":"switch","locations":[{"start":{"line":35,"column":6},"end":{"line":40,"column":10}},{"start":{"line":41,"column":6},"end":{"line":46,"column":10}},{"start":{"line":47,"column":6},"end":{"line":52,"column":10}},{"start":{"line":53,"column":6},"end":{"line":58,"column":10}},{"start":{"line":59,"column":6},"end":{"line":64,"column":10}},{"start":{"line":65,"column":6},"end":{"line":70,"column":10}},{"start":{"line":71,"column":6},"end":{"line":76,"column":10}},{"start":{"line":77,"column":6},"end":{"line":82,"column":10}},{"start":{"line":83,"column":6},"end":{"line":83,"column":19}},{"start":{"line":84,"column":6},"end":{"line":89,"column":10}}]},"1":{"loc":{"start":{"line":112,"column":45},"end":{"line":112,"column":97}},"type":"binary-expr","locations":[{"start":{"line":112,"column":45},"end":{"line":112,"column":77}},{"start":{"line":112,"column":81},"end":{"line":112,"column":97}}]}},"s":{"0":0,"1":0,"2":0,"3":0,"4":0,"5":0,"6":0,"7":0,"8":0,"9":0,"10":0,"11":0,"12":0,"13":0,"14":0,"15":0,"16":0,"17":0},"f":{"0":0,"1":0},"b":{"0":[0,0,0,0,0,0,0,0,0,0],"1":[0,0]}}
,"/Users/tavasya/Documents/Native/code/native/src/components/HowItWorks.tsx": {"path":"/Users/tavasya/Documents/Native/code/native/src/components/HowItWorks.tsx","statementMap":{"0":{"start":{"line":3,"column":0},"end":{"line":3,"column":40}},"1":{"start":{"line":5,"column":19},"end":{"line":72,"column":1}},"2":{"start":{"line":6,"column":16},"end":{"line":27,"column":4}},"3":{"start":{"line":29,"column":2},"end":{"line":71,"column":4}},"4":{"start":{"line":41,"column":12},"end":{"line":42,"column":null}},"5":{"start":{"line":74,"column":0},"end":{"line":74,"column":26}}},"fnMap":{"0":{"name":"(anonymous_0)","decl":{"start":{"line":5,"column":19},"end":{"line":5,"column":22}},"loc":{"start":{"line":5,"column":24},"end":{"line":72,"column":1}}},"1":{"name":"(anonymous_1)","decl":{"start":{"line":40,"column":21},"end":{"line":40,"column":22}},"loc":{"start":{"line":41,"column":12},"end":{"line":42,"column":null}}}},"branchMap":{"0":{"loc":{"start":{"line":43,"column":42},"end":{"line":43,"column":97}},"type":"cond-expr","locations":[{"start":{"line":43,"column":60},"end":{"line":43,"column":81}},{"start":{"line":43,"column":84},"end":{"line":43,"column":97}}]}},"s":{"0":0,"1":0,"2":0,"3":0,"4":0,"5":0},"f":{"0":0,"1":0},"b":{"0":[0,0]}}
,"/Users/tavasya/Documents/Native/code/native/src/components/LoadingSpinner.tsx": {"path":"/Users/tavasya/Documents/Native/code/native/src/components/LoadingSpinner.tsx","statementMap":{"0":{"start":{"line":27,"column":0},"end":{"line":27,"column":24}},"1":{"start":{"line":2,"column":0},"end":{"line":2,"column":54}},"2":{"start":{"line":4,"column":13},"end":{"line":7,"column":2}},"3":{"start":{"line":9,"column":25},"end":{"line":16,"column":2}},"4":{"start":{"line":18,"column":16},"end":{"line":25,"column":2}},"5":{"start":{"line":28,"column":2},"end":{"line":32,"column":4}}},"fnMap":{"0":{"name":"LoadingSpinner","decl":{"start":{"line":27,"column":24},"end":{"line":27,"column":38}},"loc":{"start":{"line":27,"column":38},"end":{"line":33,"column":1}}}},"branchMap":{},"s":{"0":1,"1":1,"2":1,"3":1,"4":1,"5":3},"f":{"0":3},"b":{}}
,"/Users/tavasya/Documents/Native/code/native/src/components/Modal.tsx": {"path":"/Users/tavasya/Documents/Native/code/native/src/components/Modal.tsx","statementMap":{"0":{"start":{"line":10,"column":0},"end":{"line":10,"column":24}},"1":{"start":{"line":11,"column":2},"end":{"line":11,"column":27}},"2":{"start":{"line":11,"column":15},"end":{"line":11,"column":27}},"3":{"start":{"line":13,"column":2},"end":{"line":64,"column":4}}},"fnMap":{"0":{"name":"Modal","decl":{"start":{"line":10,"column":24},"end":{"line":10,"column":29}},"loc":{"start":{"line":10,"column":78},"end":{"line":65,"column":1}}}},"branchMap":{"0":{"loc":{"start":{"line":11,"column":2},"end":{"line":11,"column":27}},"type":"if","locations":[{"start":{"line":11,"column":2},"end":{"line":11,"column":27}}]},"1":{"loc":{"start":{"line":42,"column":11},"end":{"line":46,"column":25}},"type":"binary-expr","locations":[{"start":{"line":42,"column":11},"end":{"line":42,"column":16}},{"start":{"line":42,"column":20},"end":{"line":46,"column":25}}]}},"s":{"0":0,"1":0,"2":0,"3":0},"f":{"0":0},"b":{"0":[0],"1":[0,0]}}
,"/Users/tavasya/Documents/Native/code/native/src/components/VocabSuggestion.tsx": {"path":"/Users/tavasya/Documents/Native/code/native/src/components/VocabSuggestion.tsx","statementMap":{"0":{"start":{"line":1,"column":0},"end":{"line":1,"column":37}},"1":{"start":{"line":2,"column":0},"end":{"line":2,"column":40}},"2":{"start":{"line":3,"column":0},"end":{"line":3,"column":46}},"3":{"start":{"line":26,"column":31},"end":{"line":139,"column":1}},"4":{"start":{"line":33,"column":25},"end":{"line":90,"column":3}},"5":{"start":{"line":34,"column":4},"end":{"line":89,"column":5}},"6":{"start":{"line":36,"column":8},"end":{"line":40,"column":10}},"7":{"start":{"line":42,"column":8},"end":{"line":46,"column":10}},"8":{"start":{"line":48,"column":8},"end":{"line":52,"column":10}},"9":{"start":{"line":54,"column":8},"end":{"line":58,"column":10}},"10":{"start":{"line":60,"column":8},"end":{"line":64,"column":10}},"11":{"start":{"line":66,"column":8},"end":{"line":70,"column":10}},"12":{"start":{"line":72,"column":8},"end":{"line":76,"column":10}},"13":{"start":{"line":78,"column":8},"end":{"line":82,"column":10}},"14":{"start":{"line":84,"column":8},"end":{"line":88,"column":10}},"15":{"start":{"line":92,"column":22},"end":{"line":92,"column":38}},"16":{"start":{"line":94,"column":2},"end":{"line":138,"column":4}},"17":{"start":{"line":26,"column":13},"end":{"line":26,"column":31}}},"fnMap":{"0":{"name":"(anonymous_0)","decl":{"start":{"line":26,"column":31},"end":{"line":26,"column":32}},"loc":{"start":{"line":31,"column":27},"end":{"line":139,"column":1}}},"1":{"name":"(anonymous_1)","decl":{"start":{"line":33,"column":25},"end":{"line":33,"column":28}},"loc":{"start":{"line":33,"column":30},"end":{"line":90,"column":3}}}},"branchMap":{"0":{"loc":{"start":{"line":34,"column":4},"end":{"line":89,"column":5}},"type":"switch","locations":[{"start":{"line":35,"column":6},"end":{"line":40,"column":10}},{"start":{"line":41,"column":6},"end":{"line":46,"column":10}},{"start":{"line":47,"column":6},"end":{"line":52,"column":10}},{"start":{"line":53,"column":6},"end":{"line":58,"column":10}},{"start":{"line":59,"column":6},"end":{"line":64,"column":10}},{"start":{"line":65,"column":6},"end":{"line":70,"column":10}},{"start":{"line":71,"column":6},"end":{"line":76,"column":10}},{"start":{"line":77,"column":6},"end":{"line":82,"column":10}},{"start":{"line":83,"column":6},"end":{"line":88,"column":10}}]},"1":{"loc":{"start":{"line":111,"column":45},"end":{"line":111,"column":97}},"type":"binary-expr","locations":[{"start":{"line":111,"column":45},"end":{"line":111,"column":77}},{"start":{"line":111,"column":81},"end":{"line":111,"column":97}}]}},"s":{"0":0,"1":0,"2":0,"3":0,"4":0,"5":0,"6":0,"7":0,"8":0,"9":0,"10":0,"11":0,"12":0,"13":0,"14":0,"15":0,"16":0,"17":0},"f":{"0":0,"1":0},"b":{"0":[0,0,0,0,0,0,0,0,0],"1":[0,0]}}
,"/Users/tavasya/Documents/Native/code/native/src/components/assignment/AssignmentHeader.tsx": {"path":"/Users/tavasya/Documents/Native/code/native/src/components/assignment/AssignmentHeader.tsx","statementMap":{"0":{"start":{"line":16,"column":58},"end":{"line":56,"column":1}},"1":{"start":{"line":28,"column":2},"end":{"line":55,"column":4}},"2":{"start":{"line":58,"column":0},"end":{"line":58,"column":32}}},"fnMap":{"0":{"name":"(anonymous_0)","decl":{"start":{"line":16,"column":58},"end":{"line":16,"column":59}},"loc":{"start":{"line":27,"column":5},"end":{"line":56,"column":1}}}},"branchMap":{"0":{"loc":{"start":{"line":21,"column":2},"end":{"line":21,"column":16}},"type":"default-arg","locations":[{"start":{"line":21,"column":11},"end":{"line":21,"column":16}}]},"1":{"loc":{"start":{"line":22,"column":2},"end":{"line":22,"column":26}},"type":"default-arg","locations":[{"start":{"line":22,"column":21},"end":{"line":22,"column":26}}]},"2":{"loc":{"start":{"line":23,"column":2},"end":{"line":23,"column":23}},"type":"default-arg","locations":[{"start":{"line":23,"column":22},"end":{"line":23,"column":23}}]},"3":{"loc":{"start":{"line":25,"column":2},"end":{"line":25,"column":25}},"type":"default-arg","locations":[{"start":{"line":25,"column":20},"end":{"line":25,"column":25}}]},"4":{"loc":{"start":{"line":36,"column":9},"end":{"line":45,"column":null}},"type":"binary-expr","locations":[{"start":{"line":36,"column":9},"end":{"line":36,"column":15}},{"start":{"line":36,"column":20},"end":{"line":36,"column":36}},{"start":{"line":36,"column":40},"end":{"line":36,"column":55}},{"start":{"line":37,"column":10},"end":{"line":44,"column":null}}]},"5":{"loc":{"start":{"line":40,"column":15},"end":{"line":42,"column":36}},"type":"cond-expr","locations":[{"start":{"line":41,"column":16},"end":{"line":41,"column":49}},{"start":{"line":42,"column":17},"end":{"line":42,"column":35}}]},"6":{"loc":{"start":{"line":40,"column":15},"end":{"line":40,"column":49}},"type":"binary-expr","locations":[{"start":{"line":40,"column":15},"end":{"line":40,"column":31}},{"start":{"line":40,"column":35},"end":{"line":40,"column":49}}]},"7":{"loc":{"start":{"line":42,"column":17},"end":{"line":42,"column":35}},"type":"binary-expr","locations":[{"start":{"line":42,"column":17},"end":{"line":42,"column":25}},{"start":{"line":42,"column":29},"end":{"line":42,"column":35}}]}},"s":{"0":0,"1":0,"2":0},"f":{"0":0},"b":{"0":[0],"1":[0],"2":[0],"3":[0],"4":[0,0,0,0],"5":[0,0],"6":[0,0],"7":[0,0]}}
,"/Users/tavasya/Documents/Native/code/native/src/components/assignment/AudioPlayer.tsx": {"path":"/Users/tavasya/Documents/Native/code/native/src/components/assignment/AudioPlayer.tsx","statementMap":{"0":{"start":{"line":2,"column":0},"end":{"line":2,"column":85}},"1":{"start":{"line":3,"column":0},"end":{"line":3,"column":61}},"2":{"start":{"line":4,"column":0},"end":{"line":4,"column":46}},"3":{"start":{"line":14,"column":26},"end":{"line":228,"column":null}},"4":{"start":{"line":16,"column":26},"end":{"line":16,"column":43}},"5":{"start":{"line":17,"column":4},"end":{"line":17,"column":58}},"6":{"start":{"line":17,"column":35},"end":{"line":17,"column":56}},"7":{"start":{"line":18,"column":39},"end":{"line":18,"column":54}},"8":{"start":{"line":19,"column":45},"end":{"line":19,"column":56}},"9":{"start":{"line":20,"column":38},"end":{"line":20,"column":53}},"10":{"start":{"line":21,"column":22},"end":{"line":21,"column":35}},"11":{"start":{"line":23,"column":4},"end":{"line":109,"column":19}},"12":{"start":{"line":24,"column":6},"end":{"line":108,"column":7}},"13":{"start":{"line":25,"column":29},"end":{"line":25,"column":64}},"14":{"start":{"line":27,"column":8},"end":{"line":107,"column":9}},"15":{"start":{"line":29,"column":10},"end":{"line":29,"column":40}},"16":{"start":{"line":30,"column":10},"end":{"line":30,"column":29}},"17":{"start":{"line":31,"column":10},"end":{"line":31,"column":66}},"18":{"start":{"line":34,"column":33},"end":{"line":51,"column":11}},"19":{"start":{"line":35,"column":12},"end":{"line":50,"column":13}},"20":{"start":{"line":36,"column":34},"end":{"line":36,"column":93}},"21":{"start":{"line":37,"column":31},"end":{"line":37,"column":52}},"22":{"start":{"line":38,"column":14},"end":{"line":49,"column":15}},"23":{"start":{"line":39,"column":33},"end":{"line":39,"column":63}},"24":{"start":{"line":40,"column":16},"end":{"line":40,"column":42}},"25":{"start":{"line":41,"column":16},"end":{"line":41,"column":76}},"26":{"start":{"line":44,"column":16},"end":{"line":48,"column":17}},"27":{"start":{"line":45,"column":18},"end":{"line":45,"column":38}},"28":{"start":{"line":46,"column":18},"end":{"line":46,"column":43}},"29":{"start":{"line":47,"column":18},"end":{"line":47,"column":57}},"30":{"start":{"line":54,"column":34},"end":{"line":57,"column":11}},"31":{"start":{"line":55,"column":12},"end":{"line":55,"column":43}},"32":{"start":{"line":56,"column":12},"end":{"line":56,"column":31}},"33":{"start":{"line":59,"column":39},"end":{"line":63,"column":11}},"34":{"start":{"line":60,"column":12},"end":{"line":60,"column":71}},"35":{"start":{"line":61,"column":12},"end":{"line":61,"column":32}},"36":{"start":{"line":62,"column":12},"end":{"line":62,"column":37}},"37":{"start":{"line":65,"column":39},"end":{"line":67,"column":11}},"38":{"start":{"line":66,"column":12},"end":{"line":66,"column":80}},"39":{"start":{"line":69,"column":35},"end":{"line":71,"column":11}},"40":{"start":{"line":70,"column":12},"end":{"line":70,"column":42}},"41":{"start":{"line":73,"column":29},"end":{"line":75,"column":11}},"42":{"start":{"line":74,"column":12},"end":{"line":74,"column":31}},"43":{"start":{"line":77,"column":30},"end":{"line":79,"column":11}},"44":{"start":{"line":78,"column":12},"end":{"line":78,"column":32}},"45":{"start":{"line":82,"column":10},"end":{"line":82,"column":70}},"46":{"start":{"line":83,"column":10},"end":{"line":83,"column":68}},"47":{"start":{"line":84,"column":10},"end":{"line":84,"column":80}},"48":{"start":{"line":85,"column":10},"end":{"line":85,"column":80}},"49":{"start":{"line":86,"column":10},"end":{"line":86,"column":72}},"50":{"start":{"line":87,"column":10},"end":{"line":87,"column":60}},"51":{"start":{"line":88,"column":10},"end":{"line":88,"column":62}},"52":{"start":{"line":91,"column":10},"end":{"line":91,"column":30}},"53":{"start":{"line":94,"column":10},"end":{"line":102,"column":12}},"54":{"start":{"line":95,"column":12},"end":{"line":95,"column":75}},"55":{"start":{"line":96,"column":12},"end":{"line":96,"column":73}},"56":{"start":{"line":97,"column":12},"end":{"line":97,"column":85}},"57":{"start":{"line":98,"column":12},"end":{"line":98,"column":85}},"58":{"start":{"line":99,"column":12},"end":{"line":99,"column":77}},"59":{"start":{"line":100,"column":12},"end":{"line":100,"column":65}},"60":{"start":{"line":101,"column":12},"end":{"line":101,"column":67}},"61":{"start":{"line":105,"column":10},"end":{"line":105,"column":68}},"62":{"start":{"line":106,"column":10},"end":{"line":106,"column":30}},"63":{"start":{"line":111,"column":4},"end":{"line":111,"column":49}},"64":{"start":{"line":111,"column":37},"end":{"line":111,"column":49}},"65":{"start":{"line":113,"column":4},"end":{"line":227,"column":6}},"66":{"start":{"line":154,"column":37},"end":{"line":154,"column":74}},"67":{"start":{"line":155,"column":16},"end":{"line":163,"column":17}},"68":{"start":{"line":156,"column":18},"end":{"line":162,"column":19}},"69":{"start":{"line":157,"column":20},"end":{"line":157,"column":40}},"70":{"start":{"line":158,"column":20},"end":{"line":158,"column":39}},"71":{"start":{"line":160,"column":20},"end":{"line":160,"column":41}},"72":{"start":{"line":161,"column":20},"end":{"line":161,"column":40}},"73":{"start":{"line":182,"column":39},"end":{"line":182,"column":74}},"74":{"start":{"line":183,"column":18},"end":{"line":185,"column":19}},"75":{"start":{"line":184,"column":20},"end":{"line":184,"column":59}},"76":{"start":{"line":201,"column":18},"end":{"line":201,"column":66}},"77":{"start":{"line":202,"column":18},"end":{"line":202,"column":38}},"78":{"start":{"line":205,"column":18},"end":{"line":205,"column":57}},"79":{"start":{"line":208,"column":18},"end":{"line":208,"column":50}},"80":{"start":{"line":211,"column":18},"end":{"line":211,"column":58}},"81":{"start":{"line":212,"column":18},"end":{"line":212,"column":38}},"82":{"start":{"line":215,"column":18},"end":{"line":215,"column":61}},"83":{"start":{"line":216,"column":18},"end":{"line":216,"column":38}},"84":{"start":{"line":219,"column":18},"end":{"line":219,"column":58}},"85":{"start":{"line":220,"column":18},"end":{"line":220,"column":38}},"86":{"start":{"line":231,"column":0},"end":{"line":231,"column":33}}},"fnMap":{"0":{"name":"(anonymous_9)","decl":{"start":{"line":15,"column":2},"end":{"line":15,"column":3}},"loc":{"start":{"line":15,"column":64},"end":{"line":228,"column":3}}},"1":{"name":"(anonymous_10)","decl":{"start":{"line":17,"column":29},"end":{"line":17,"column":32}},"loc":{"start":{"line":17,"column":35},"end":{"line":17,"column":56}}},"2":{"name":"(anonymous_11)","decl":{"start":{"line":23,"column":14},"end":{"line":23,"column":17}},"loc":{"start":{"line":23,"column":19},"end":{"line":109,"column":5}}},"3":{"name":"(anonymous_12)","decl":{"start":{"line":34,"column":33},"end":{"line":34,"column":36}},"loc":{"start":{"line":34,"column":38},"end":{"line":51,"column":11}}},"4":{"name":"(anonymous_13)","decl":{"start":{"line":54,"column":34},"end":{"line":54,"column":37}},"loc":{"start":{"line":54,"column":39},"end":{"line":57,"column":11}}},"5":{"name":"(anonymous_14)","decl":{"start":{"line":59,"column":39},"end":{"line":59,"column":42}},"loc":{"start":{"line":59,"column":44},"end":{"line":63,"column":11}}},"6":{"name":"(anonymous_15)","decl":{"start":{"line":65,"column":39},"end":{"line":65,"column":42}},"loc":{"start":{"line":65,"column":44},"end":{"line":67,"column":11}}},"7":{"name":"(anonymous_16)","decl":{"start":{"line":69,"column":35},"end":{"line":69,"column":38}},"loc":{"start":{"line":69,"column":40},"end":{"line":71,"column":11}}},"8":{"name":"(anonymous_17)","decl":{"start":{"line":73,"column":29},"end":{"line":73,"column":32}},"loc":{"start":{"line":73,"column":34},"end":{"line":75,"column":11}}},"9":{"name":"(anonymous_18)","decl":{"start":{"line":77,"column":30},"end":{"line":77,"column":33}},"loc":{"start":{"line":77,"column":35},"end":{"line":79,"column":11}}},"10":{"name":"(anonymous_19)","decl":{"start":{"line":94,"column":17},"end":{"line":94,"column":20}},"loc":{"start":{"line":94,"column":22},"end":{"line":102,"column":11}}},"11":{"name":"(anonymous_20)","decl":{"start":{"line":153,"column":23},"end":{"line":153,"column":26}},"loc":{"start":{"line":153,"column":28},"end":{"line":164,"column":15}}},"12":{"name":"(anonymous_21)","decl":{"start":{"line":181,"column":26},"end":{"line":181,"column":27}},"loc":{"start":{"line":181,"column":39},"end":{"line":186,"column":17}}},"13":{"name":"(anonymous_22)","decl":{"start":{"line":200,"column":30},"end":{"line":200,"column":33}},"loc":{"start":{"line":200,"column":35},"end":{"line":203,"column":17}}},"14":{"name":"(anonymous_23)","decl":{"start":{"line":204,"column":34},"end":{"line":204,"column":37}},"loc":{"start":{"line":204,"column":39},"end":{"line":206,"column":17}}},"15":{"name":"(anonymous_24)","decl":{"start":{"line":207,"column":27},"end":{"line":207,"column":30}},"loc":{"start":{"line":207,"column":32},"end":{"line":209,"column":17}}},"16":{"name":"(anonymous_25)","decl":{"start":{"line":210,"column":34},"end":{"line":210,"column":37}},"loc":{"start":{"line":210,"column":39},"end":{"line":213,"column":17}}},"17":{"name":"(anonymous_26)","decl":{"start":{"line":214,"column":25},"end":{"line":214,"column":26}},"loc":{"start":{"line":214,"column":31},"end":{"line":217,"column":17}}},"18":{"name":"(anonymous_27)","decl":{"start":{"line":218,"column":25},"end":{"line":218,"column":28}},"loc":{"start":{"line":218,"column":30},"end":{"line":221,"column":17}}}},"branchMap":{"0":{"loc":{"start":{"line":24,"column":6},"end":{"line":108,"column":7}},"type":"if","locations":[{"start":{"line":24,"column":6},"end":{"line":108,"column":7}}]},"1":{"loc":{"start":{"line":24,"column":10},"end":{"line":24,"column":81}},"type":"binary-expr","locations":[{"start":{"line":24,"column":10},"end":{"line":24,"column":18}},{"start":{"line":24,"column":22},"end":{"line":24,"column":59}},{"start":{"line":24,"column":63},"end":{"line":24,"column":81}}]},"2":{"loc":{"start":{"line":24,"column":22},"end":{"line":24,"column":59}},"type":"cond-expr","locations":[{"start":{"line":24,"column":50},"end":{"line":24,"column":52}},{"start":{"line":24,"column":50},"end":{"line":24,"column":59}}]},"3":{"loc":{"start":{"line":24,"column":22},"end":{"line":24,"column":52}},"type":"binary-expr","locations":[{"start":{"line":24,"column":22},"end":{"line":24,"column":52}},{"start":{"line":24,"column":50},"end":{"line":24,"column":52}}]},"4":{"loc":{"start":{"line":24,"column":22},"end":{"line":24,"column":50}},"type":"cond-expr","locations":[{"start":{"line":24,"column":43},"end":{"line":24,"column":45}},{"start":{"line":24,"column":43},"end":{"line":24,"column":50}}]},"5":{"loc":{"start":{"line":24,"column":22},"end":{"line":24,"column":45}},"type":"binary-expr","locations":[{"start":{"line":24,"column":22},"end":{"line":24,"column":45}},{"start":{"line":24,"column":43},"end":{"line":24,"column":45}}]},"6":{"loc":{"start":{"line":35,"column":12},"end":{"line":50,"column":13}},"type":"if","locations":[{"start":{"line":35,"column":12},"end":{"line":50,"column":13}}]},"7":{"loc":{"start":{"line":38,"column":14},"end":{"line":49,"column":15}},"type":"if","locations":[{"start":{"line":38,"column":14},"end":{"line":49,"column":15}}]},"8":{"loc":{"start":{"line":44,"column":16},"end":{"line":48,"column":17}},"type":"if","locations":[{"start":{"line":44,"column":16},"end":{"line":48,"column":17}}]},"9":{"loc":{"start":{"line":111,"column":4},"end":{"line":111,"column":49}},"type":"if","locations":[{"start":{"line":111,"column":4},"end":{"line":111,"column":49}}]},"10":{"loc":{"start":{"line":111,"column":8},"end":{"line":111,"column":35}},"type":"binary-expr","locations":[{"start":{"line":111,"column":8},"end":{"line":111,"column":20}},{"start":{"line":111,"column":24},"end":{"line":111,"column":35}}]},"11":{"loc":{"start":{"line":154,"column":37},"end":{"line":154,"column":74}},"type":"cond-expr","locations":[{"start":{"line":154,"column":65},"end":{"line":154,"column":67}},{"start":{"line":154,"column":65},"end":{"line":154,"column":74}}]},"12":{"loc":{"start":{"line":154,"column":37},"end":{"line":154,"column":67}},"type":"binary-expr","locations":[{"start":{"line":154,"column":37},"end":{"line":154,"column":67}},{"start":{"line":154,"column":65},"end":{"line":154,"column":67}}]},"13":{"loc":{"start":{"line":154,"column":37},"end":{"line":154,"column":65}},"type":"cond-expr","locations":[{"start":{"line":154,"column":58},"end":{"line":154,"column":60}},{"start":{"line":154,"column":58},"end":{"line":154,"column":65}}]},"14":{"loc":{"start":{"line":154,"column":37},"end":{"line":154,"column":60}},"type":"binary-expr","locations":[{"start":{"line":154,"column":37},"end":{"line":154,"column":60}},{"start":{"line":154,"column":58},"end":{"line":154,"column":60}}]},"15":{"loc":{"start":{"line":155,"column":16},"end":{"line":163,"column":17}},"type":"if","locations":[{"start":{"line":155,"column":16},"end":{"line":163,"column":17}}]},"16":{"loc":{"start":{"line":156,"column":18},"end":{"line":162,"column":19}},"type":"if","locations":[{"start":{"line":156,"column":18},"end":{"line":162,"column":19}},{"start":{"line":159,"column":25},"end":{"line":162,"column":19}}]},"17":{"loc":{"start":{"line":167,"column":15},"end":{"line":174,"column":null}},"type":"cond-expr","locations":[{"start":{"line":168,"column":16},"end":{"line":169,"column":null}},{"start":{"line":172,"column":16},"end":{"line":173,"column":null}}]},"18":{"loc":{"start":{"line":183,"column":18},"end":{"line":185,"column":19}},"type":"if","locations":[{"start":{"line":183,"column":18},"end":{"line":185,"column":19}}]}},"s":{"0":0,"1":0,"2":0,"3":0,"4":0,"5":0,"6":0,"7":0,"8":0,"9":0,"10":0,"11":0,"12":0,"13":0,"14":0,"15":0,"16":0,"17":0,"18":0,"19":0,"20":0,"21":0,"22":0,"23":0,"24":0,"25":0,"26":0,"27":0,"28":0,"29":0,"30":0,"31":0,"32":0,"33":0,"34":0,"35":0,"36":0,"37":0,"38":0,"39":0,"40":0,"41":0,"42":0,"43":0,"44":0,"45":0,"46":0,"47":0,"48":0,"49":0,"50":0,"51":0,"52":0,"53":0,"54":0,"55":0,"56":0,"57":0,"58":0,"59":0,"60":0,"61":0,"62":0,"63":0,"64":0,"65":0,"66":0,"67":0,"68":0,"69":0,"70":0,"71":0,"72":0,"73":0,"74":0,"75":0,"76":0,"77":0,"78":0,"79":0,"80":0,"81":0,"82":0,"83":0,"84":0,"85":0,"86":0},"f":{"0":0,"1":0,"2":0,"3":0,"4":0,"5":0,"6":0,"7":0,"8":0,"9":0,"10":0,"11":0,"12":0,"13":0,"14":0,"15":0,"16":0,"17":0,"18":0},"b":{"0":[0],"1":[0,0,0],"2":[0,0],"3":[0,0],"4":[0,0],"5":[0,0],"6":[0],"7":[0],"8":[0],"9":[0],"10":[0,0],"11":[0,0],"12":[0,0],"13":[0,0],"14":[0,0],"15":[0],"16":[0,0],"17":[0,0],"18":[0]}}
,"/Users/tavasya/Documents/Native/code/native/src/components/assignment/AudioVisualizer.tsx": {"path":"/Users/tavasya/Documents/Native/code/native/src/components/assignment/AudioVisualizer.tsx","statementMap":{"0":{"start":{"line":1,"column":0},"end":{"line":1,"column":49}},"1":{"start":{"line":8,"column":56},"end":{"line":137,"column":1}},"2":{"start":{"line":9,"column":20},"end":{"line":9,"column":51}},"3":{"start":{"line":10,"column":23},"end":{"line":10,"column":39}},"4":{"start":{"line":11,"column":26},"end":{"line":11,"column":48}},"5":{"start":{"line":12,"column":22},"end":{"line":12,"column":44}},"6":{"start":{"line":13,"column":23},"end":{"line":13,"column":43}},"7":{"start":{"line":15,"column":2},"end":{"line":80,"column":28}},"8":{"start":{"line":16,"column":4},"end":{"line":24,"column":5}},"9":{"start":{"line":17,"column":6},"end":{"line":19,"column":7}},"10":{"start":{"line":18,"column":8},"end":{"line":18,"column":51}},"11":{"start":{"line":20,"column":6},"end":{"line":22,"column":7}},"12":{"start":{"line":21,"column":8},"end":{"line":21,"column":40}},"13":{"start":{"line":23,"column":6},"end":{"line":23,"column":13}},"14":{"start":{"line":26,"column":30},"end":{"line":68,"column":6}},"15":{"start":{"line":26,"column":41},"end":{"line":68,"column":6}},"16":{"start":{"line":27,"column":6},"end":{"line":67,"column":7}},"17":{"start":{"line":28,"column":29},"end":{"line":28,"column":47}},"18":{"start":{"line":29,"column":25},"end":{"line":29,"column":54}},"19":{"start":{"line":30,"column":23},"end":{"line":30,"column":67}},"20":{"start":{"line":32,"column":8},"end":{"line":32,"column":31}},"21":{"start":{"line":33,"column":8},"end":{"line":33,"column":45}},"22":{"start":{"line":34,"column":8},"end":{"line":34,"column":33}},"23":{"start":{"line":36,"column":29},"end":{"line":36,"column":55}},"24":{"start":{"line":37,"column":26},"end":{"line":37,"column":54}},"25":{"start":{"line":39,"column":8},"end":{"line":39,"column":47}},"26":{"start":{"line":40,"column":8},"end":{"line":40,"column":39}},"27":{"start":{"line":41,"column":8},"end":{"line":41,"column":41}},"28":{"start":{"line":44,"column":23},"end":{"line":44,"column":41}},"29":{"start":{"line":45,"column":20},"end":{"line":45,"column":44}},"30":{"start":{"line":46,"column":20},"end":{"line":46,"column":48}},"31":{"start":{"line":49,"column":25},"end":{"line":49,"column":28}},"32":{"start":{"line":50,"column":26},"end":{"line":50,"column":28}},"33":{"start":{"line":53,"column":8},"end":{"line":53,"column":38}},"34":{"start":{"line":54,"column":8},"end":{"line":54,"column":40}},"35":{"start":{"line":55,"column":8},"end":{"line":55,"column":45}},"36":{"start":{"line":56,"column":8},"end":{"line":56,"column":47}},"37":{"start":{"line":59,"column":8},"end":{"line":59,"column":28}},"38":{"start":{"line":62,"column":8},"end":{"line":62,"column":42}},"39":{"start":{"line":64,"column":8},"end":{"line":64,"column":15}},"40":{"start":{"line":66,"column":8},"end":{"line":66,"column":64}},"41":{"start":{"line":70,"column":4},"end":{"line":70,"column":24}},"42":{"start":{"line":72,"column":4},"end":{"line":79,"column":6}},"43":{"start":{"line":73,"column":6},"end":{"line":75,"column":7}},"44":{"start":{"line":74,"column":8},"end":{"line":74,"column":51}},"45":{"start":{"line":76,"column":6},"end":{"line":78,"column":7}},"46":{"start":{"line":77,"column":8},"end":{"line":77,"column":40}},"47":{"start":{"line":82,"column":15},"end":{"line":127,"column":3}},"48":{"start":{"line":83,"column":4},"end":{"line":83,"column":84}},"49":{"start":{"line":83,"column":77},"end":{"line":83,"column":84}},"50":{"start":{"line":85,"column":19},"end":{"line":85,"column":36}},"51":{"start":{"line":86,"column":22},"end":{"line":86,"column":45}},"52":{"start":{"line":87,"column":4},"end":{"line":87,"column":27}},"53":{"start":{"line":87,"column":20},"end":{"line":87,"column":27}},"54":{"start":{"line":89,"column":21},"end":{"line":89,"column":40}},"55":{"start":{"line":90,"column":22},"end":{"line":90,"column":42}},"56":{"start":{"line":92,"column":4},"end":{"line":92,"column":55}},"57":{"start":{"line":94,"column":4},"end":{"line":94,"column":45}},"58":{"start":{"line":97,"column":4},"end":{"line":97,"column":111}},"59":{"start":{"line":99,"column":20},"end":{"line":99,"column":22}},"60":{"start":{"line":100,"column":21},"end":{"line":100,"column":22}},"61":{"start":{"line":101,"column":23},"end":{"line":101,"column":24}},"62":{"start":{"line":102,"column":20},"end":{"line":102,"column":64}},"63":{"start":{"line":103,"column":20},"end":{"line":103,"column":65}},"64":{"start":{"line":104,"column":23},"end":{"line":104,"column":74}},"65":{"start":{"line":105,"column":19},"end":{"line":105,"column":45}},"66":{"start":{"line":107,"column":4},"end":{"line":126,"column":5}},"67":{"start":{"line":107,"column":17},"end":{"line":107,"column":18}},"68":{"start":{"line":108,"column":24},"end":{"line":108,"column":68}},"69":{"start":{"line":109,"column":22},"end":{"line":109,"column":100}},"70":{"start":{"line":110,"column":6},"end":{"line":110,"column":41}},"71":{"start":{"line":113,"column":16},"end":{"line":113,"column":64}},"72":{"start":{"line":115,"column":6},"end":{"line":115,"column":38}},"73":{"start":{"line":119,"column":6},"end":{"line":119,"column":70}},"74":{"start":{"line":121,"column":6},"end":{"line":121,"column":58}},"75":{"start":{"line":123,"column":6},"end":{"line":123,"column":115}},"76":{"start":{"line":125,"column":6},"end":{"line":125,"column":103}},"77":{"start":{"line":129,"column":2},"end":{"line":136,"column":4}},"78":{"start":{"line":139,"column":0},"end":{"line":139,"column":31}}},"fnMap":{"0":{"name":"(anonymous_7)","decl":{"start":{"line":8,"column":56},"end":{"line":8,"column":57}},"loc":{"start":{"line":8,"column":84},"end":{"line":137,"column":1}}},"1":{"name":"(anonymous_8)","decl":{"start":{"line":15,"column":12},"end":{"line":15,"column":15}},"loc":{"start":{"line":15,"column":17},"end":{"line":80,"column":3}}},"2":{"name":"(anonymous_9)","decl":{"start":{"line":26,"column":30},"end":{"line":26,"column":39}},"loc":{"start":{"line":26,"column":41},"end":{"line":68,"column":6}}},"3":{"name":"(anonymous_10)","decl":{"start":{"line":26,"column":41},"end":{"line":26,"column":null}},"loc":{"start":{"line":26,"column":41},"end":{"line":68,"column":5}}},"4":{"name":"(anonymous_11)","decl":{"start":{"line":72,"column":11},"end":{"line":72,"column":14}},"loc":{"start":{"line":72,"column":16},"end":{"line":79,"column":5}}},"5":{"name":"(anonymous_12)","decl":{"start":{"line":82,"column":15},"end":{"line":82,"column":18}},"loc":{"start":{"line":82,"column":20},"end":{"line":127,"column":3}}}},"branchMap":{"0":{"loc":{"start":{"line":16,"column":4},"end":{"line":24,"column":5}},"type":"if","locations":[{"start":{"line":16,"column":4},"end":{"line":24,"column":5}}]},"1":{"loc":{"start":{"line":16,"column":8},"end":{"line":16,"column":31}},"type":"binary-expr","locations":[{"start":{"line":16,"column":8},"end":{"line":16,"column":15}},{"start":{"line":16,"column":19},"end":{"line":16,"column":31}}]},"2":{"loc":{"start":{"line":17,"column":6},"end":{"line":19,"column":7}},"type":"if","locations":[{"start":{"line":17,"column":6},"end":{"line":19,"column":7}}]},"3":{"loc":{"start":{"line":20,"column":6},"end":{"line":22,"column":7}},"type":"if","locations":[{"start":{"line":20,"column":6},"end":{"line":22,"column":7}}]},"4":{"loc":{"start":{"line":46,"column":20},"end":{"line":46,"column":48}},"type":"binary-expr","locations":[{"start":{"line":46,"column":20},"end":{"line":46,"column":43}},{"start":{"line":46,"column":47},"end":{"line":46,"column":48}}]},"5":{"loc":{"start":{"line":73,"column":6},"end":{"line":75,"column":7}},"type":"if","locations":[{"start":{"line":73,"column":6},"end":{"line":75,"column":7}}]},"6":{"loc":{"start":{"line":76,"column":6},"end":{"line":78,"column":7}},"type":"if","locations":[{"start":{"line":76,"column":6},"end":{"line":78,"column":7}}]},"7":{"loc":{"start":{"line":83,"column":4},"end":{"line":83,"column":84}},"type":"if","locations":[{"start":{"line":83,"column":4},"end":{"line":83,"column":84}}]},"8":{"loc":{"start":{"line":83,"column":8},"end":{"line":83,"column":75}},"type":"binary-expr","locations":[{"start":{"line":83,"column":8},"end":{"line":83,"column":26}},{"start":{"line":83,"column":30},"end":{"line":83,"column":50}},{"start":{"line":83,"column":54},"end":{"line":83,"column":75}}]},"9":{"loc":{"start":{"line":87,"column":4},"end":{"line":87,"column":27}},"type":"if","locations":[{"start":{"line":87,"column":4},"end":{"line":87,"column":27}}]}},"s":{"0":0,"1":0,"2":0,"3":0,"4":0,"5":0,"6":0,"7":0,"8":0,"9":0,"10":0,"11":0,"12":0,"13":0,"14":0,"15":0,"16":0,"17":0,"18":0,"19":0,"20":0,"21":0,"22":0,"23":0,"24":0,"25":0,"26":0,"27":0,"28":0,"29":0,"30":0,"31":0,"32":0,"33":0,"34":0,"35":0,"36":0,"37":0,"38":0,"39":0,"40":0,"41":0,"42":0,"43":0,"44":0,"45":0,"46":0,"47":0,"48":0,"49":0,"50":0,"51":0,"52":0,"53":0,"54":0,"55":0,"56":0,"57":0,"58":0,"59":0,"60":0,"61":0,"62":0,"63":0,"64":0,"65":0,"66":0,"67":0,"68":0,"69":0,"70":0,"71":0,"72":0,"73":0,"74":0,"75":0,"76":0,"77":0,"78":0},"f":{"0":0,"1":0,"2":0,"3":0,"4":0,"5":0},"b":{"0":[0],"1":[0,0],"2":[0],"3":[0],"4":[0,0],"5":[0],"6":[0],"7":[0],"8":[0,0,0],"9":[0]}}
,"/Users/tavasya/Documents/Native/code/native/src/components/assignment/QuestionProgress.tsx": {"path":"/Users/tavasya/Documents/Native/code/native/src/components/assignment/QuestionProgress.tsx","statementMap":{"0":{"start":{"line":10,"column":58},"end":{"line":21,"column":1}},"1":{"start":{"line":14,"column":2},"end":{"line":20,"column":4}},"2":{"start":{"line":23,"column":0},"end":{"line":23,"column":32}}},"fnMap":{"0":{"name":"(anonymous_0)","decl":{"start":{"line":10,"column":58},"end":{"line":10,"column":59}},"loc":{"start":{"line":13,"column":5},"end":{"line":21,"column":1}}}},"branchMap":{},"s":{"0":0,"1":0,"2":0},"f":{"0":0},"b":{}}
,"/Users/tavasya/Documents/Native/code/native/src/components/assignment/QuestionTimer.tsx": {"path":"/Users/tavasya/Documents/Native/code/native/src/components/assignment/QuestionTimer.tsx","statementMap":{"0":{"start":{"line":4,"column":0},"end":{"line":4,"column":37}},"1":{"start":{"line":11,"column":52},"end":{"line":31,"column":1}},"2":{"start":{"line":15,"column":2},"end":{"line":30,"column":4}},"3":{"start":{"line":33,"column":0},"end":{"line":33,"column":29}}},"fnMap":{"0":{"name":"(anonymous_0)","decl":{"start":{"line":11,"column":52},"end":{"line":11,"column":53}},"loc":{"start":{"line":14,"column":5},"end":{"line":31,"column":1}}}},"branchMap":{"0":{"loc":{"start":{"line":18,"column":8},"end":{"line":18,"column":null}},"type":"cond-expr","locations":[{"start":{"line":18,"column":30},"end":{"line":18,"column":44}},{"start":{"line":18,"column":47},"end":{"line":18,"column":null}}]},"1":{"loc":{"start":{"line":21,"column":8},"end":{"line":25,"column":null}},"type":"cond-expr","locations":[{"start":{"line":22,"column":12},"end":{"line":22,"column":55}},{"start":{"line":23,"column":12},"end":{"line":25,"column":null}}]},"2":{"loc":{"start":{"line":23,"column":12},"end":{"line":25,"column":null}},"type":"cond-expr","locations":[{"start":{"line":24,"column":14},"end":{"line":24,"column":28}},{"start":{"line":25,"column":14},"end":{"line":25,"column":null}}]}},"s":{"0":2,"1":2,"2":46,"3":2},"f":{"0":46},"b":{"0":[16,30],"1":[5,41],"2":[11,30]}}
,"/Users/tavasya/Documents/Native/code/native/src/components/student/feedback/AudioPlayer.tsx": {"path":"/Users/tavasya/Documents/Native/code/native/src/components/student/feedback/AudioPlayer.tsx","statementMap":{"0":{"start":{"line":3,"column":0},"end":{"line":3,"column":35}},"1":{"start":{"line":10,"column":20},"end":{"line":26,"column":null}},"2":{"start":{"line":12,"column":4},"end":{"line":25,"column":6}},"3":{"start":{"line":29,"column":0},"end":{"line":29,"column":40}},"4":{"start":{"line":31,"column":0},"end":{"line":31,"column":27}}},"fnMap":{"0":{"name":"(anonymous_0)","decl":{"start":{"line":11,"column":2},"end":{"line":11,"column":3}},"loc":{"start":{"line":11,"column":51},"end":{"line":26,"column":3}}}},"branchMap":{"0":{"loc":{"start":{"line":11,"column":15},"end":{"line":11,"column":40}},"type":"default-arg","locations":[{"start":{"line":11,"column":23},"end":{"line":11,"column":40}}]}},"s":{"0":0,"1":0,"2":0,"3":0,"4":0},"f":{"0":0},"b":{"0":[0]}}
,"/Users/tavasya/Documents/Native/code/native/src/components/ui/aspect-ratio.tsx": {"path":"/Users/tavasya/Documents/Native/code/native/src/components/ui/aspect-ratio.tsx","statementMap":{"0":{"start":{"line":1,"column":0},"end":{"line":1,"column":68}},"1":{"start":{"line":3,"column":20},"end":{"line":3,"column":45}},"2":{"start":{"line":5,"column":9},"end":{"line":5,"column":20}}},"fnMap":{},"branchMap":{},"s":{"0":0,"1":0,"2":0},"f":{},"b":{}}
,"/Users/tavasya/Documents/Native/code/native/src/components/ui/collapsible.tsx": {"path":"/Users/tavasya/Documents/Native/code/native/src/components/ui/collapsible.tsx","statementMap":{"0":{"start":{"line":1,"column":0},"end":{"line":1,"column":67}},"1":{"start":{"line":3,"column":20},"end":{"line":3,"column":45}},"2":{"start":{"line":9,"column":9},"end":{"line":9,"column":20}},"3":{"start":{"line":5,"column":27},"end":{"line":5,"column":66}},"4":{"start":{"line":9,"column":22},"end":{"line":9,"column":40}},"5":{"start":{"line":7,"column":27},"end":{"line":7,"column":66}},"6":{"start":{"line":9,"column":42},"end":{"line":9,"column":60}}},"fnMap":{},"branchMap":{},"s":{"0":0,"1":0,"2":0,"3":0,"4":0,"5":0,"6":0},"f":{},"b":{}}
,"/Users/tavasya/Documents/Native/code/native/src/components/ui/sonner.tsx": {"path":"/Users/tavasya/Documents/Native/code/native/src/components/ui/sonner.tsx","statementMap":{"0":{"start":{"line":1,"column":0},"end":{"line":1,"column":38}},"1":{"start":{"line":2,"column":0},"end":{"line":2,"column":28}},"2":{"start":{"line":29,"column":18},"end":{"line":2,"column":49}},"3":{"start":{"line":6,"column":16},"end":{"line":27,"column":1}},"4":{"start":{"line":6,"column":27},"end":{"line":6,"column":43}},"5":{"start":{"line":7,"column":31},"end":{"line":7,"column":41}},"6":{"start":{"line":9,"column":2},"end":{"line":26,"column":null}},"7":{"start":{"line":29,"column":9},"end":{"line":29,"column":16}}},"fnMap":{"0":{"name":"(anonymous_1)","decl":{"start":{"line":29,"column":18},"end":{"line":29,"column":23}},"loc":{"start":{"line":29,"column":18},"end":{"line":2,"column":49}}},"1":{"name":"(anonymous_2)","decl":{"start":{"line":6,"column":16},"end":{"line":6,"column":17}},"loc":{"start":{"line":6,"column":47},"end":{"line":27,"column":1}}}},"branchMap":{"0":{"loc":{"start":{"line":7,"column":10},"end":{"line":7,"column":26}},"type":"default-arg","locations":[{"start":{"line":7,"column":18},"end":{"line":7,"column":26}}]}},"s":{"0":0,"1":0,"2":0,"3":0,"4":0,"5":0,"6":0,"7":0},"f":{"0":0,"1":0},"b":{"0":[0]}}
,"/Users/tavasya/Documents/Native/code/native/src/data/transcriptData.ts": {"path":"/Users/tavasya/Documents/Native/code/native/src/data/transcriptData.ts","statementMap":{"0":{"start":{"line":2,"column":13},"end":{"line":133,"column":4}}},"fnMap":{},"branchMap":{},"s":{"0":0},"f":{},"b":{}}
,"/Users/tavasya/Documents/Native/code/native/src/dropdown/Index.tsx": {"path":"/Users/tavasya/Documents/Native/code/native/src/dropdown/Index.tsx","statementMap":{"0":{"start":{"line":1,"column":0},"end":{"line":1,"column":61}},"1":{"start":{"line":2,"column":0},"end":{"line":2,"column":null}},"2":{"start":{"line":13,"column":0},"end":{"line":13,"column":38}},"3":{"start":{"line":14,"column":0},"end":{"line":14,"column":109}},"4":{"start":{"line":15,"column":0},"end":{"line":15,"column":51}},"5":{"start":{"line":16,"column":0},"end":{"line":16,"column":49}},"6":{"start":{"line":37,"column":30},"end":{"line":41,"column":2}},"7":{"start":{"line":43,"column":29},"end":{"line":47,"column":2}},"8":{"start":{"line":50,"column":59},"end":{"line":61,"column":2}},"9":{"start":{"line":69,"column":29},"end":{"line":76,"column":1}},"10":{"start":{"line":70,"column":2},"end":{"line":75,"column":4}},"11":{"start":{"line":79,"column":58},"end":{"line":189,"column":1}},"12":{"start":{"line":80,"column":22},"end":{"line":94,"column":3}},"13":{"start":{"line":82,"column":31},"end":{"line":90,"column":6}},"14":{"start":{"line":91,"column":4},"end":{"line":91,"column":41}},"15":{"start":{"line":92,"column":4},"end":{"line":92,"column":82}},"16":{"start":{"line":93,"column":4},"end":{"line":93,"column":46}},"17":{"start":{"line":96,"column":2},"end":{"line":188,"column":4}},"18":{"start":{"line":128,"column":18},"end":{"line":128,"column":85}},"19":{"start":{"line":129,"column":18},"end":{"line":144,"column":20}},"20":{"start":{"line":133,"column":42},"end":{"line":133,"column":76}},"21":{"start":{"line":157,"column":18},"end":{"line":157,"column":82}},"22":{"start":{"line":158,"column":18},"end":{"line":173,"column":20}},"23":{"start":{"line":162,"column":42},"end":{"line":162,"column":74}},"24":{"start":{"line":197,"column":54},"end":{"line":241,"column":1}},"25":{"start":{"line":198,"column":16},"end":{"line":198,"column":55}},"26":{"start":{"line":200,"column":2},"end":{"line":240,"column":4}},"27":{"start":{"line":207,"column":24},"end":{"line":207,"column":43}},"28":{"start":{"line":223,"column":12},"end":{"line":224,"column":null}},"29":{"start":{"line":225,"column":29},"end":{"line":225,"column":43}},"30":{"start":{"line":244,"column":26},"end":{"line":427,"column":1}},"31":{"start":{"line":245,"column":43},"end":{"line":245,"column":100}},"32":{"start":{"line":246,"column":43},"end":{"line":246,"column":66}},"33":{"start":{"line":247,"column":50},"end":{"line":247,"column":65}},"34":{"start":{"line":248,"column":48},"end":{"line":248,"column":63}},"35":{"start":{"line":249,"column":50},"end":{"line":249,"column":82}},"36":{"start":{"line":250,"column":48},"end":{"line":250,"column":80}},"37":{"start":{"line":251,"column":44},"end":{"line":251,"column":59}},"38":{"start":{"line":252,"column":27},"end":{"line":252,"column":55}},"39":{"start":{"line":254,"column":20},"end":{"line":256,"column":null}},"40":{"start":{"line":255,"column":28},"end":{"line":255,"column":67}},"41":{"start":{"line":255,"column":46},"end":{"line":255,"column":66}},"42":{"start":{"line":260,"column":22},"end":{"line":267,"column":41}},"43":{"start":{"line":261,"column":4},"end":{"line":261,"column":28}},"44":{"start":{"line":262,"column":4},"end":{"line":266,"column":5}},"45":{"start":{"line":263,"column":6},"end":{"line":263,"column":32}},"46":{"start":{"line":264,"column":11},"end":{"line":266,"column":5}},"47":{"start":{"line":265,"column":6},"end":{"line":265,"column":31}},"48":{"start":{"line":270,"column":21},"end":{"line":273,"column":8}},"49":{"start":{"line":271,"column":4},"end":{"line":271,"column":27}},"50":{"start":{"line":272,"column":4},"end":{"line":272,"column":43}},"51":{"start":{"line":275,"column":17},"end":{"line":295,"column":41}},"52":{"start":{"line":276,"column":4},"end":{"line":276,"column":27}},"53":{"start":{"line":278,"column":28},"end":{"line":278,"column":77}},"54":{"start":{"line":279,"column":4},"end":{"line":279,"column":33}},"55":{"start":{"line":279,"column":26},"end":{"line":279,"column":33}},"56":{"start":{"line":281,"column":17},"end":{"line":281,"column":68}},"57":{"start":{"line":282,"column":4},"end":{"line":282,"column":22}},"58":{"start":{"line":282,"column":15},"end":{"line":282,"column":22}},"59":{"start":{"line":284,"column":21},"end":{"line":284,"column":49}},"60":{"start":{"line":286,"column":4},"end":{"line":294,"column":5}},"61":{"start":{"line":287,"column":24},"end":{"line":287,"column":70}},"62":{"start":{"line":288,"column":6},"end":{"line":288,"column":37}},"63":{"start":{"line":289,"column":6},"end":{"line":289,"column":51}},"64":{"start":{"line":290,"column":11},"end":{"line":294,"column":5}},"65":{"start":{"line":291,"column":24},"end":{"line":291,"column":69}},"66":{"start":{"line":292,"column":6},"end":{"line":292,"column":36}},"67":{"start":{"line":293,"column":6},"end":{"line":293,"column":52}},"68":{"start":{"line":298,"column":30},"end":{"line":302,"column":3}},"69":{"start":{"line":299,"column":4},"end":{"line":299,"column":35}},"70":{"start":{"line":300,"column":4},"end":{"line":300,"column":31}},"71":{"start":{"line":301,"column":4},"end":{"line":301,"column":49}},"72":{"start":{"line":305,"column":29},"end":{"line":309,"column":3}},"73":{"start":{"line":306,"column":4},"end":{"line":306,"column":34}},"74":{"start":{"line":307,"column":4},"end":{"line":307,"column":30}},"75":{"start":{"line":308,"column":4},"end":{"line":308,"column":50}},"76":{"start":{"line":312,"column":27},"end":{"line":326,"column":3}},"77":{"start":{"line":313,"column":4},"end":{"line":325,"column":5}},"78":{"start":{"line":314,"column":28},"end":{"line":321,"column":8}},"79":{"start":{"line":322,"column":6},"end":{"line":322,"column":26}},"80":{"start":{"line":324,"column":6},"end":{"line":324,"column":19}},"81":{"start":{"line":329,"column":24},"end":{"line":332,"column":3}},"82":{"start":{"line":330,"column":4},"end":{"line":330,"column":30}},"83":{"start":{"line":331,"column":4},"end":{"line":331,"column":17}},"84":{"start":{"line":334,"column":23},"end":{"line":337,"column":3}},"85":{"start":{"line":335,"column":4},"end":{"line":335,"column":29}},"86":{"start":{"line":336,"column":4},"end":{"line":336,"column":17}},"87":{"start":{"line":340,"column":20},"end":{"line":343,"column":9}},"88":{"start":{"line":340,"column":41},"end":{"line":343,"column":4}},"89":{"start":{"line":346,"column":2},"end":{"line":373,"column":52}},"90":{"start":{"line":347,"column":67},"end":{"line":370,"column":6}},"91":{"start":{"line":372,"column":4},"end":{"line":372,"column":27}},"92":{"start":{"line":375,"column":2},"end":{"line":426,"column":4}},"93":{"start":{"line":379,"column":24},"end":{"line":379,"column":56}},"94":{"start":{"line":413,"column":27},"end":{"line":413,"column":53}},"95":{"start":{"line":421,"column":27},"end":{"line":421,"column":52}},"96":{"start":{"line":429,"column":0},"end":{"line":429,"column":33}}},"fnMap":{"0":{"name":"(anonymous_10)","decl":{"start":{"line":69,"column":29},"end":{"line":69,"column":30}},"loc":{"start":{"line":69,"column":111},"end":{"line":76,"column":1}}},"1":{"name":"(anonymous_11)","decl":{"start":{"line":79,"column":58},"end":{"line":79,"column":59}},"loc":{"start":{"line":79,"column":83},"end":{"line":189,"column":1}}},"2":{"name":"(anonymous_12)","decl":{"start":{"line":80,"column":22},"end":{"line":80,"column":23}},"loc":{"start":{"line":80,"column":103},"end":{"line":94,"column":3}}},"3":{"name":"(anonymous_13)","decl":{"start":{"line":127,"column":30},"end":{"line":127,"column":31}},"loc":{"start":{"line":127,"column":42},"end":{"line":145,"column":17}}},"4":{"name":"(anonymous_14)","decl":{"start":{"line":133,"column":35},"end":{"line":133,"column":36}},"loc":{"start":{"line":133,"column":42},"end":{"line":133,"column":76}}},"5":{"name":"(anonymous_15)","decl":{"start":{"line":156,"column":29},"end":{"line":156,"column":30}},"loc":{"start":{"line":156,"column":40},"end":{"line":174,"column":17}}},"6":{"name":"(anonymous_16)","decl":{"start":{"line":162,"column":35},"end":{"line":162,"column":36}},"loc":{"start":{"line":162,"column":42},"end":{"line":162,"column":74}}},"7":{"name":"(anonymous_17)","decl":{"start":{"line":197,"column":54},"end":{"line":197,"column":55}},"loc":{"start":{"line":197,"column":86},"end":{"line":241,"column":1}}},"8":{"name":"(anonymous_18)","decl":{"start":{"line":207,"column":17},"end":{"line":207,"column":18}},"loc":{"start":{"line":207,"column":24},"end":{"line":207,"column":43}}},"9":{"name":"(anonymous_19)","decl":{"start":{"line":222,"column":21},"end":{"line":222,"column":22}},"loc":{"start":{"line":223,"column":12},"end":{"line":224,"column":null}}},"10":{"name":"(anonymous_20)","decl":{"start":{"line":225,"column":23},"end":{"line":225,"column":26}},"loc":{"start":{"line":225,"column":29},"end":{"line":225,"column":43}}},"11":{"name":"(anonymous_21)","decl":{"start":{"line":244,"column":26},"end":{"line":244,"column":29}},"loc":{"start":{"line":244,"column":31},"end":{"line":427,"column":1}}},"12":{"name":"(anonymous_22)","decl":{"start":{"line":255,"column":4},"end":{"line":255,"column":5}},"loc":{"start":{"line":255,"column":28},"end":{"line":255,"column":67}}},"13":{"name":"(anonymous_23)","decl":{"start":{"line":255,"column":37},"end":{"line":255,"column":38}},"loc":{"start":{"line":255,"column":46},"end":{"line":255,"column":66}}},"14":{"name":"(anonymous_24)","decl":{"start":{"line":260,"column":34},"end":{"line":260,"column":35}},"loc":{"start":{"line":260,"column":108},"end":{"line":267,"column":3}}},"15":{"name":"(anonymous_25)","decl":{"start":{"line":270,"column":33},"end":{"line":270,"column":34}},"loc":{"start":{"line":270,"column":60},"end":{"line":273,"column":3}}},"16":{"name":"(anonymous_26)","decl":{"start":{"line":275,"column":29},"end":{"line":275,"column":30}},"loc":{"start":{"line":275,"column":56},"end":{"line":295,"column":3}}},"17":{"name":"(anonymous_27)","decl":{"start":{"line":298,"column":30},"end":{"line":298,"column":31}},"loc":{"start":{"line":298,"column":55},"end":{"line":302,"column":3}}},"18":{"name":"(anonymous_28)","decl":{"start":{"line":305,"column":29},"end":{"line":305,"column":30}},"loc":{"start":{"line":305,"column":54},"end":{"line":309,"column":3}}},"19":{"name":"(anonymous_29)","decl":{"start":{"line":312,"column":27},"end":{"line":312,"column":28}},"loc":{"start":{"line":312,"column":83},"end":{"line":326,"column":3}}},"20":{"name":"(anonymous_30)","decl":{"start":{"line":329,"column":24},"end":{"line":329,"column":27}},"loc":{"start":{"line":329,"column":29},"end":{"line":332,"column":3}}},"21":{"name":"(anonymous_31)","decl":{"start":{"line":334,"column":23},"end":{"line":334,"column":26}},"loc":{"start":{"line":334,"column":28},"end":{"line":337,"column":3}}},"22":{"name":"(anonymous_32)","decl":{"start":{"line":340,"column":34},"end":{"line":340,"column":37}},"loc":{"start":{"line":340,"column":41},"end":{"line":343,"column":4}}},"23":{"name":"(anonymous_33)","decl":{"start":{"line":346,"column":18},"end":{"line":346,"column":21}},"loc":{"start":{"line":346,"column":23},"end":{"line":373,"column":3}}},"24":{"name":"(anonymous_34)","decl":{"start":{"line":379,"column":18},"end":{"line":379,"column":21}},"loc":{"start":{"line":379,"column":24},"end":{"line":379,"column":56}}},"25":{"name":"(anonymous_35)","decl":{"start":{"line":413,"column":21},"end":{"line":413,"column":24}},"loc":{"start":{"line":413,"column":27},"end":{"line":413,"column":53}}},"26":{"name":"(anonymous_36)","decl":{"start":{"line":421,"column":21},"end":{"line":421,"column":24}},"loc":{"start":{"line":421,"column":27},"end":{"line":421,"column":52}}}},"branchMap":{"0":{"loc":{"start":{"line":74,"column":10},"end":{"line":74,"column":48}},"type":"binary-expr","locations":[{"start":{"line":74,"column":10},"end":{"line":74,"column":33}},{"start":{"line":74,"column":37},"end":{"line":74,"column":48}}]},"1":{"loc":{"start":{"line":107,"column":7},"end":{"line":185,"column":null}},"type":"binary-expr","locations":[{"start":{"line":107,"column":7},"end":{"line":107,"column":13}},{"start":{"line":108,"column":8},"end":{"line":184,"column":null}}]},"2":{"loc":{"start":{"line":137,"column":25},"end":{"line":137,"column":116}},"type":"binary-expr","locations":[{"start":{"line":137,"column":25},"end":{"line":137,"column":37}},{"start":{"line":137,"column":41},"end":{"line":137,"column":116}}]},"3":{"loc":{"start":{"line":166,"column":25},"end":{"line":166,"column":115}},"type":"binary-expr","locations":[{"start":{"line":166,"column":25},"end":{"line":166,"column":36}},{"start":{"line":166,"column":40},"end":{"line":166,"column":115}}]},"4":{"loc":{"start":{"line":198,"column":16},"end":{"line":198,"column":55}},"type":"cond-expr","locations":[{"start":{"line":198,"column":37},"end":{"line":198,"column":45}},{"start":{"line":198,"column":48},"end":{"line":198,"column":55}}]},"5":{"loc":{"start":{"line":262,"column":4},"end":{"line":266,"column":5}},"type":"if","locations":[{"start":{"line":262,"column":4},"end":{"line":266,"column":5}},{"start":{"line":264,"column":11},"end":{"line":266,"column":5}}]},"6":{"loc":{"start":{"line":262,"column":8},"end":{"line":262,"column":55}},"type":"binary-expr","locations":[{"start":{"line":262,"column":8},"end":{"line":262,"column":34}},{"start":{"line":262,"column":38},"end":{"line":262,"column":55}}]},"7":{"loc":{"start":{"line":264,"column":11},"end":{"line":266,"column":5}},"type":"if","locations":[{"start":{"line":264,"column":11},"end":{"line":266,"column":5}}]},"8":{"loc":{"start":{"line":264,"column":15},"end":{"line":264,"column":60}},"type":"binary-expr","locations":[{"start":{"line":264,"column":15},"end":{"line":264,"column":40}},{"start":{"line":264,"column":44},"end":{"line":264,"column":60}}]},"9":{"loc":{"start":{"line":278,"column":28},"end":{"line":278,"column":77}},"type":"cond-expr","locations":[{"start":{"line":278,"column":52},"end":{"line":278,"column":54}},{"start":{"line":278,"column":52},"end":{"line":278,"column":77}}]},"10":{"loc":{"start":{"line":278,"column":28},"end":{"line":278,"column":54}},"type":"binary-expr","locations":[{"start":{"line":278,"column":28},"end":{"line":278,"column":54}},{"start":{"line":278,"column":52},"end":{"line":278,"column":54}}]},"11":{"loc":{"start":{"line":279,"column":4},"end":{"line":279,"column":33}},"type":"if","locations":[{"start":{"line":279,"column":4},"end":{"line":279,"column":33}}]},"12":{"loc":{"start":{"line":282,"column":4},"end":{"line":282,"column":22}},"type":"if","locations":[{"start":{"line":282,"column":4},"end":{"line":282,"column":22}}]},"13":{"loc":{"start":{"line":286,"column":4},"end":{"line":294,"column":5}},"type":"if","locations":[{"start":{"line":286,"column":4},"end":{"line":294,"column":5}},{"start":{"line":290,"column":11},"end":{"line":294,"column":5}}]},"14":{"loc":{"start":{"line":286,"column":8},"end":{"line":286,"column":60}},"type":"binary-expr","locations":[{"start":{"line":286,"column":8},"end":{"line":286,"column":39}},{"start":{"line":286,"column":43},"end":{"line":286,"column":60}}]},"15":{"loc":{"start":{"line":290,"column":11},"end":{"line":294,"column":5}},"type":"if","locations":[{"start":{"line":290,"column":11},"end":{"line":294,"column":5}}]},"16":{"loc":{"start":{"line":290,"column":15},"end":{"line":290,"column":65}},"type":"binary-expr","locations":[{"start":{"line":290,"column":15},"end":{"line":290,"column":45}},{"start":{"line":290,"column":49},"end":{"line":290,"column":65}}]},"17":{"loc":{"start":{"line":313,"column":4},"end":{"line":325,"column":5}},"type":"if","locations":[{"start":{"line":313,"column":4},"end":{"line":325,"column":5}},{"start":{"line":323,"column":11},"end":{"line":325,"column":5}}]},"18":{"loc":{"start":{"line":313,"column":8},"end":{"line":313,"column":25}},"type":"binary-expr","locations":[{"start":{"line":313,"column":8},"end":{"line":313,"column":15}},{"start":{"line":313,"column":19},"end":{"line":313,"column":25}}]},"19":{"loc":{"start":{"line":409,"column":9},"end":{"line":414,"column":null}},"type":"binary-expr","locations":[{"start":{"line":409,"column":9},"end":{"line":409,"column":25}},{"start":{"line":410,"column":10},"end":{"line":413,"column":null}}]},"20":{"loc":{"start":{"line":417,"column":9},"end":{"line":422,"column":null}},"type":"binary-expr","locations":[{"start":{"line":417,"column":9},"end":{"line":417,"column":24}},{"start":{"line":418,"column":10},"end":{"line":421,"column":null}}]}},"s":{"0":0,"1":0,"2":0,"3":0,"4":0,"5":0,"6":0,"7":0,"8":0,"9":0,"10":0,"11":0,"12":0,"13":0,"14":0,"15":0,"16":0,"17":0,"18":0,"19":0,"20":0,"21":0,"22":0,"23":0,"24":0,"25":0,"26":0,"27":0,"28":0,"29":0,"30":0,"31":0,"32":0,"33":0,"34":0,"35":0,"36":0,"37":0,"38":0,"39":0,"40":0,"41":0,"42":0,"43":0,"44":0,"45":0,"46":0,"47":0,"48":0,"49":0,"50":0,"51":0,"52":0,"53":0,"54":0,"55":0,"56":0,"57":0,"58":0,"59":0,"60":0,"61":0,"62":0,"63":0,"64":0,"65":0,"66":0,"67":0,"68":0,"69":0,"70":0,"71":0,"72":0,"73":0,"74":0,"75":0,"76":0,"77":0,"78":0,"79":0,"80":0,"81":0,"82":0,"83":0,"84":0,"85":0,"86":0,"87":0,"88":0,"89":0,"90":0,"91":0,"92":0,"93":0,"94":0,"95":0,"96":0},"f":{"0":0,"1":0,"2":0,"3":0,"4":0,"5":0,"6":0,"7":0,"8":0,"9":0,"10":0,"11":0,"12":0,"13":0,"14":0,"15":0,"16":0,"17":0,"18":0,"19":0,"20":0,"21":0,"22":0,"23":0,"24":0,"25":0,"26":0},"b":{"0":[0,0],"1":[0,0],"2":[0,0],"3":[0,0],"4":[0,0],"5":[0,0],"6":[0,0],"7":[0],"8":[0,0],"9":[0,0],"10":[0,0],"11":[0],"12":[0],"13":[0,0],"14":[0,0],"15":[0],"16":[0,0],"17":[0,0],"18":[0,0],"19":[0,0],"20":[0,0]}}
,"/Users/tavasya/Documents/Native/code/native/src/features/assignmentTemplates/assignmentTemplateSlice.ts": {"path":"/Users/tavasya/Documents/Native/code/native/src/features/assignmentTemplates/assignmentTemplateSlice.ts","statementMap":{"0":{"start":{"line":1,"column":0},"end":{"line":1,"column":47}},"1":{"start":{"line":3,"column":0},"end":{"line":3,"column":122}},"2":{"start":{"line":11,"column":46},"end":{"line":15,"column":2}},"3":{"start":{"line":17,"column":32},"end":{"line":42,"column":2}},"4":{"start":{"line":22,"column":4},"end":{"line":40,"column":9}},"5":{"start":{"line":24,"column":8},"end":{"line":24,"column":29}},"6":{"start":{"line":25,"column":8},"end":{"line":25,"column":27}},"7":{"start":{"line":28,"column":8},"end":{"line":28,"column":30}},"8":{"start":{"line":29,"column":8},"end":{"line":29,"column":41}},"9":{"start":{"line":32,"column":8},"end":{"line":32,"column":30}},"10":{"start":{"line":33,"column":8},"end":{"line":33,"column":47}},"11":{"start":{"line":36,"column":8},"end":{"line":36,"column":48}},"12":{"start":{"line":39,"column":8},"end":{"line":39,"column":79}},"13":{"start":{"line":39,"column":54},"end":{"line":39,"column":77}},"14":{"start":{"line":44,"column":0},"end":{"line":44,"column":47}}},"fnMap":{"0":{"name":"(anonymous_0)","decl":{"start":{"line":21,"column":17},"end":{"line":21,"column":18}},"loc":{"start":{"line":21,"column":29},"end":{"line":41,"column":3}}},"1":{"name":"(anonymous_1)","decl":{"start":{"line":23,"column":49},"end":{"line":23,"column":50}},"loc":{"start":{"line":23,"column":59},"end":{"line":26,"column":7}}},"2":{"name":"(anonymous_2)","decl":{"start":{"line":27,"column":51},"end":{"line":27,"column":52}},"loc":{"start":{"line":27,"column":69},"end":{"line":30,"column":7}}},"3":{"name":"(anonymous_3)","decl":{"start":{"line":31,"column":50},"end":{"line":31,"column":51}},"loc":{"start":{"line":31,"column":68},"end":{"line":34,"column":7}}},"4":{"name":"(anonymous_4)","decl":{"start":{"line":35,"column":51},"end":{"line":35,"column":52}},"loc":{"start":{"line":35,"column":69},"end":{"line":37,"column":7}}},"5":{"name":"(anonymous_5)","decl":{"start":{"line":38,"column":51},"end":{"line":38,"column":52}},"loc":{"start":{"line":38,"column":69},"end":{"line":40,"column":7}}},"6":{"name":"(anonymous_6)","decl":{"start":{"line":39,"column":49},"end":{"line":39,"column":50}},"loc":{"start":{"line":39,"column":54},"end":{"line":39,"column":77}}}},"branchMap":{},"s":{"0":0,"1":0,"2":0,"3":0,"4":0,"5":0,"6":0,"7":0,"8":0,"9":0,"10":0,"11":0,"12":0,"13":0,"14":0},"f":{"0":0,"1":0,"2":0,"3":0,"4":0,"5":0,"6":0},"b":{}}
,"/Users/tavasya/Documents/Native/code/native/src/features/assignmentTemplates/assignmentTemplateThunks.ts": {"path":"/Users/tavasya/Documents/Native/code/native/src/features/assignmentTemplates/assignmentTemplateThunks.ts","statementMap":{"0":{"start":{"line":1,"column":0},"end":{"line":1,"column":52}},"1":{"start":{"line":2,"column":0},"end":{"line":2,"column":72}},"2":{"start":{"line":5,"column":13},"end":{"line":14,"column":2}},"3":{"start":{"line":7,"column":66},"end":{"line":13,"column":null}},"4":{"start":{"line":8,"column":4},"end":{"line":12,"column":5}},"5":{"start":{"line":9,"column":6},"end":{"line":9,"column":65}},"6":{"start":{"line":11,"column":6},"end":{"line":11,"column":53}},"7":{"start":{"line":16,"column":13},"end":{"line":25,"column":2}},"8":{"start":{"line":18,"column":52},"end":{"line":24,"column":null}},"9":{"start":{"line":19,"column":4},"end":{"line":23,"column":5}},"10":{"start":{"line":20,"column":6},"end":{"line":20,"column":79}},"11":{"start":{"line":22,"column":6},"end":{"line":22,"column":53}},"12":{"start":{"line":27,"column":13},"end":{"line":37,"column":2}},"13":{"start":{"line":29,"column":44},"end":{"line":36,"column":null}},"14":{"start":{"line":30,"column":4},"end":{"line":35,"column":5}},"15":{"start":{"line":31,"column":6},"end":{"line":31,"column":57}},"16":{"start":{"line":32,"column":6},"end":{"line":32,"column":16}},"17":{"start":{"line":34,"column":6},"end":{"line":34,"column":53}}},"fnMap":{"0":{"name":"(anonymous_7)","decl":{"start":{"line":7,"column":2},"end":{"line":7,"column":9}},"loc":{"start":{"line":7,"column":66},"end":{"line":13,"column":null}}},"1":{"name":"(anonymous_8)","decl":{"start":{"line":7,"column":66},"end":{"line":7,"column":null}},"loc":{"start":{"line":7,"column":62},"end":{"line":13,"column":3}}},"2":{"name":"(anonymous_9)","decl":{"start":{"line":18,"column":2},"end":{"line":18,"column":9}},"loc":{"start":{"line":18,"column":52},"end":{"line":24,"column":null}}},"3":{"name":"(anonymous_10)","decl":{"start":{"line":18,"column":52},"end":{"line":18,"column":null}},"loc":{"start":{"line":18,"column":48},"end":{"line":24,"column":3}}},"4":{"name":"(anonymous_11)","decl":{"start":{"line":29,"column":2},"end":{"line":29,"column":9}},"loc":{"start":{"line":29,"column":44},"end":{"line":36,"column":null}}},"5":{"name":"(anonymous_12)","decl":{"start":{"line":29,"column":44},"end":{"line":29,"column":null}},"loc":{"start":{"line":29,"column":40},"end":{"line":36,"column":3}}}},"branchMap":{},"s":{"0":0,"1":0,"2":0,"3":0,"4":0,"5":0,"6":0,"7":0,"8":0,"9":0,"10":0,"11":0,"12":0,"13":0,"14":0,"15":0,"16":0,"17":0},"f":{"0":0,"1":0,"2":0,"3":0,"4":0,"5":0},"b":{}}
,"/Users/tavasya/Documents/Native/code/native/src/features/assignments/assignmentSlice.ts": {"path":"/Users/tavasya/Documents/Native/code/native/src/features/assignments/assignmentSlice.ts","statementMap":{"0":{"start":{"line":1,"column":0},"end":{"line":1,"column":47}},"1":{"start":{"line":3,"column":0},"end":{"line":3,"column":null}},"2":{"start":{"line":16,"column":38},"end":{"line":29,"column":2}},"3":{"start":{"line":31,"column":24},"end":{"line":193,"column":2}},"4":{"start":{"line":36,"column":73},"end":{"line":36,"column":87}},"5":{"start":{"line":37,"column":6},"end":{"line":40,"column":8}},"6":{"start":{"line":43,"column":31},"end":{"line":43,"column":45}},"7":{"start":{"line":44,"column":6},"end":{"line":44,"column":61}},"8":{"start":{"line":47,"column":31},"end":{"line":47,"column":45}},"9":{"start":{"line":48,"column":6},"end":{"line":48,"column":62}},"10":{"start":{"line":52,"column":4},"end":{"line":191,"column":9}},"11":{"start":{"line":55,"column":8},"end":{"line":55,"column":41}},"12":{"start":{"line":56,"column":8},"end":{"line":56,"column":23}},"13":{"start":{"line":59,"column":8},"end":{"line":59,"column":42}},"14":{"start":{"line":60,"column":8},"end":{"line":60,"column":38}},"15":{"start":{"line":63,"column":8},"end":{"line":63,"column":42}},"16":{"start":{"line":64,"column":8},"end":{"line":64,"column":38}},"17":{"start":{"line":69,"column":8},"end":{"line":69,"column":25}},"18":{"start":{"line":70,"column":8},"end":{"line":70,"column":23}},"19":{"start":{"line":73,"column":8},"end":{"line":73,"column":26}},"20":{"start":{"line":74,"column":8},"end":{"line":74,"column":34}},"21":{"start":{"line":77,"column":8},"end":{"line":77,"column":26}},"22":{"start":{"line":78,"column":8},"end":{"line":78,"column":38}},"23":{"start":{"line":83,"column":8},"end":{"line":83,"column":25}},"24":{"start":{"line":84,"column":8},"end":{"line":84,"column":23}},"25":{"start":{"line":87,"column":8},"end":{"line":87,"column":26}},"26":{"start":{"line":89,"column":30},"end":{"line":89,"column":99}},"27":{"start":{"line":89,"column":68},"end":{"line":89,"column":98}},"28":{"start":{"line":90,"column":8},"end":{"line":94,"column":9}},"29":{"start":{"line":91,"column":10},"end":{"line":91,"column":51}},"30":{"start":{"line":93,"column":10},"end":{"line":93,"column":40}},"31":{"start":{"line":97,"column":8},"end":{"line":97,"column":26}},"32":{"start":{"line":98,"column":8},"end":{"line":98,"column":38}},"33":{"start":{"line":103,"column":41},"end":{"line":103,"column":50}},"34":{"start":{"line":104,"column":20},"end":{"line":104,"column":66}},"35":{"start":{"line":104,"column":44},"end":{"line":104,"column":65}},"36":{"start":{"line":105,"column":8},"end":{"line":105,"column":37}},"37":{"start":{"line":105,"column":17},"end":{"line":105,"column":37}},"38":{"start":{"line":108,"column":8},"end":{"line":108,"column":38}},"39":{"start":{"line":113,"column":8},"end":{"line":113,"column":44}},"40":{"start":{"line":114,"column":8},"end":{"line":114,"column":23}},"41":{"start":{"line":117,"column":8},"end":{"line":117,"column":38}},"42":{"start":{"line":118,"column":8},"end":{"line":118,"column":71}},"43":{"start":{"line":118,"column":50},"end":{"line":118,"column":69}},"44":{"start":{"line":121,"column":8},"end":{"line":121,"column":38}},"45":{"start":{"line":122,"column":8},"end":{"line":122,"column":38}},"46":{"start":{"line":127,"column":8},"end":{"line":127,"column":36}},"47":{"start":{"line":128,"column":8},"end":{"line":128,"column":23}},"48":{"start":{"line":131,"column":8},"end":{"line":131,"column":37}},"49":{"start":{"line":132,"column":8},"end":{"line":132,"column":46}},"50":{"start":{"line":135,"column":8},"end":{"line":135,"column":37}},"51":{"start":{"line":136,"column":8},"end":{"line":136,"column":38}},"52":{"start":{"line":141,"column":8},"end":{"line":141,"column":25}},"53":{"start":{"line":142,"column":8},"end":{"line":142,"column":23}},"54":{"start":{"line":145,"column":8},"end":{"line":145,"column":26}},"55":{"start":{"line":146,"column":8},"end":{"line":146,"column":33}},"56":{"start":{"line":149,"column":8},"end":{"line":149,"column":26}},"57":{"start":{"line":150,"column":8},"end":{"line":150,"column":38}},"58":{"start":{"line":155,"column":8},"end":{"line":155,"column":23}},"59":{"start":{"line":158,"column":40},"end":{"line":158,"column":49}},"60":{"start":{"line":159,"column":20},"end":{"line":159,"column":66}},"61":{"start":{"line":159,"column":44},"end":{"line":159,"column":65}},"62":{"start":{"line":160,"column":8},"end":{"line":160,"column":45}},"63":{"start":{"line":160,"column":17},"end":{"line":160,"column":45}},"64":{"start":{"line":163,"column":8},"end":{"line":163,"column":38}},"65":{"start":{"line":168,"column":8},"end":{"line":168,"column":25}},"66":{"start":{"line":169,"column":8},"end":{"line":169,"column":23}},"67":{"start":{"line":172,"column":8},"end":{"line":172,"column":26}},"68":{"start":{"line":175,"column":8},"end":{"line":175,"column":26}},"69":{"start":{"line":176,"column":8},"end":{"line":176,"column":38}},"70":{"start":{"line":181,"column":8},"end":{"line":181,"column":25}},"71":{"start":{"line":182,"column":8},"end":{"line":182,"column":23}},"72":{"start":{"line":185,"column":8},"end":{"line":185,"column":26}},"73":{"start":{"line":186,"column":8},"end":{"line":186,"column":34}},"74":{"start":{"line":189,"column":8},"end":{"line":189,"column":26}},"75":{"start":{"line":190,"column":8},"end":{"line":190,"column":38}},"76":{"start":{"line":195,"column":13},"end":{"line":195,"column":77}},"77":{"start":{"line":196,"column":0},"end":{"line":196,"column":39}}},"fnMap":{"0":{"name":"(anonymous_0)","decl":{"start":{"line":35,"column":28},"end":{"line":35,"column":29}},"loc":{"start":{"line":35,"column":46},"end":{"line":41,"column":5}}},"1":{"name":"(anonymous_1)","decl":{"start":{"line":42,"column":23},"end":{"line":42,"column":24}},"loc":{"start":{"line":42,"column":41},"end":{"line":45,"column":5}}},"2":{"name":"(anonymous_2)","decl":{"start":{"line":46,"column":20},"end":{"line":46,"column":21}},"loc":{"start":{"line":46,"column":38},"end":{"line":49,"column":5}}},"3":{"name":"(anonymous_3)","decl":{"start":{"line":51,"column":17},"end":{"line":51,"column":18}},"loc":{"start":{"line":51,"column":29},"end":{"line":192,"column":3}}},"4":{"name":"(anonymous_4)","decl":{"start":{"line":54,"column":41},"end":{"line":54,"column":42}},"loc":{"start":{"line":54,"column":47},"end":{"line":57,"column":7}}},"5":{"name":"(anonymous_5)","decl":{"start":{"line":58,"column":43},"end":{"line":58,"column":44}},"loc":{"start":{"line":58,"column":52},"end":{"line":61,"column":7}}},"6":{"name":"(anonymous_6)","decl":{"start":{"line":62,"column":42},"end":{"line":62,"column":43}},"loc":{"start":{"line":62,"column":51},"end":{"line":65,"column":7}}},"7":{"name":"(anonymous_7)","decl":{"start":{"line":68,"column":47},"end":{"line":68,"column":48}},"loc":{"start":{"line":68,"column":53},"end":{"line":71,"column":7}}},"8":{"name":"(anonymous_8)","decl":{"start":{"line":72,"column":49},"end":{"line":72,"column":50}},"loc":{"start":{"line":72,"column":58},"end":{"line":75,"column":7}}},"9":{"name":"(anonymous_9)","decl":{"start":{"line":76,"column":48},"end":{"line":76,"column":49}},"loc":{"start":{"line":76,"column":57},"end":{"line":79,"column":7}}},"10":{"name":"(anonymous_10)","decl":{"start":{"line":82,"column":44},"end":{"line":82,"column":45}},"loc":{"start":{"line":82,"column":50},"end":{"line":85,"column":7}}},"11":{"name":"(anonymous_11)","decl":{"start":{"line":86,"column":46},"end":{"line":86,"column":47}},"loc":{"start":{"line":86,"column":55},"end":{"line":95,"column":7}}},"12":{"name":"(anonymous_12)","decl":{"start":{"line":89,"column":54},"end":{"line":89,"column":64}},"loc":{"start":{"line":89,"column":68},"end":{"line":89,"column":98}}},"13":{"name":"(anonymous_13)","decl":{"start":{"line":96,"column":45},"end":{"line":96,"column":46}},"loc":{"start":{"line":96,"column":54},"end":{"line":99,"column":7}}},"14":{"name":"(anonymous_14)","decl":{"start":{"line":102,"column":49},"end":{"line":102,"column":50}},"loc":{"start":{"line":102,"column":58},"end":{"line":106,"column":7}}},"15":{"name":"(anonymous_15)","decl":{"start":{"line":104,"column":39},"end":{"line":104,"column":40}},"loc":{"start":{"line":104,"column":44},"end":{"line":104,"column":65}}},"16":{"name":"(anonymous_16)","decl":{"start":{"line":107,"column":48},"end":{"line":107,"column":49}},"loc":{"start":{"line":107,"column":57},"end":{"line":109,"column":7}}},"17":{"name":"(anonymous_17)","decl":{"start":{"line":112,"column":41},"end":{"line":112,"column":42}},"loc":{"start":{"line":112,"column":50},"end":{"line":115,"column":7}}},"18":{"name":"(anonymous_18)","decl":{"start":{"line":116,"column":43},"end":{"line":116,"column":44}},"loc":{"start":{"line":116,"column":52},"end":{"line":119,"column":7}}},"19":{"name":"(anonymous_19)","decl":{"start":{"line":118,"column":45},"end":{"line":118,"column":46}},"loc":{"start":{"line":118,"column":50},"end":{"line":118,"column":69}}},"20":{"name":"(anonymous_20)","decl":{"start":{"line":120,"column":42},"end":{"line":120,"column":43}},"loc":{"start":{"line":120,"column":51},"end":{"line":123,"column":7}}},"21":{"name":"(anonymous_21)","decl":{"start":{"line":126,"column":59},"end":{"line":126,"column":60}},"loc":{"start":{"line":126,"column":65},"end":{"line":129,"column":7}}},"22":{"name":"(anonymous_22)","decl":{"start":{"line":130,"column":61},"end":{"line":130,"column":62}},"loc":{"start":{"line":130,"column":70},"end":{"line":133,"column":7}}},"23":{"name":"(anonymous_23)","decl":{"start":{"line":134,"column":60},"end":{"line":134,"column":61}},"loc":{"start":{"line":134,"column":69},"end":{"line":137,"column":7}}},"24":{"name":"(anonymous_24)","decl":{"start":{"line":140,"column":45},"end":{"line":140,"column":46}},"loc":{"start":{"line":140,"column":51},"end":{"line":143,"column":7}}},"25":{"name":"(anonymous_25)","decl":{"start":{"line":144,"column":47},"end":{"line":144,"column":48}},"loc":{"start":{"line":144,"column":56},"end":{"line":147,"column":7}}},"26":{"name":"(anonymous_26)","decl":{"start":{"line":148,"column":46},"end":{"line":148,"column":47}},"loc":{"start":{"line":148,"column":55},"end":{"line":151,"column":7}}},"27":{"name":"(anonymous_27)","decl":{"start":{"line":154,"column":55},"end":{"line":154,"column":56}},"loc":{"start":{"line":154,"column":61},"end":{"line":156,"column":7}}},"28":{"name":"(anonymous_28)","decl":{"start":{"line":157,"column":57},"end":{"line":157,"column":58}},"loc":{"start":{"line":157,"column":66},"end":{"line":161,"column":7}}},"29":{"name":"(anonymous_29)","decl":{"start":{"line":159,"column":39},"end":{"line":159,"column":40}},"loc":{"start":{"line":159,"column":44},"end":{"line":159,"column":65}}},"30":{"name":"(anonymous_30)","decl":{"start":{"line":162,"column":56},"end":{"line":162,"column":57}},"loc":{"start":{"line":162,"column":65},"end":{"line":164,"column":7}}},"31":{"name":"(anonymous_31)","decl":{"start":{"line":167,"column":45},"end":{"line":167,"column":46}},"loc":{"start":{"line":167,"column":51},"end":{"line":170,"column":7}}},"32":{"name":"(anonymous_32)","decl":{"start":{"line":171,"column":47},"end":{"line":171,"column":48}},"loc":{"start":{"line":171,"column":53},"end":{"line":173,"column":7}}},"33":{"name":"(anonymous_33)","decl":{"start":{"line":174,"column":46},"end":{"line":174,"column":47}},"loc":{"start":{"line":174,"column":55},"end":{"line":177,"column":7}}},"34":{"name":"(anonymous_34)","decl":{"start":{"line":180,"column":50},"end":{"line":180,"column":51}},"loc":{"start":{"line":180,"column":56},"end":{"line":183,"column":7}}},"35":{"name":"(anonymous_35)","decl":{"start":{"line":184,"column":52},"end":{"line":184,"column":53}},"loc":{"start":{"line":184,"column":61},"end":{"line":187,"column":7}}},"36":{"name":"(anonymous_36)","decl":{"start":{"line":188,"column":51},"end":{"line":188,"column":52}},"loc":{"start":{"line":188,"column":60},"end":{"line":191,"column":7}}}},"branchMap":{"0":{"loc":{"start":{"line":90,"column":8},"end":{"line":94,"column":9}},"type":"if","locations":[{"start":{"line":90,"column":8},"end":{"line":94,"column":9}},{"start":{"line":92,"column":15},"end":{"line":94,"column":9}}]},"1":{"loc":{"start":{"line":105,"column":8},"end":{"line":105,"column":37}},"type":"if","locations":[{"start":{"line":105,"column":8},"end":{"line":105,"column":37}}]},"2":{"loc":{"start":{"line":160,"column":8},"end":{"line":160,"column":45}},"type":"if","locations":[{"start":{"line":160,"column":8},"end":{"line":160,"column":45}}]}},"s":{"0":0,"1":0,"2":0,"3":0,"4":0,"5":0,"6":0,"7":0,"8":0,"9":0,"10":0,"11":0,"12":0,"13":0,"14":0,"15":0,"16":0,"17":0,"18":0,"19":0,"20":0,"21":0,"22":0,"23":0,"24":0,"25":0,"26":0,"27":0,"28":0,"29":0,"30":0,"31":0,"32":0,"33":0,"34":0,"35":0,"36":0,"37":0,"38":0,"39":0,"40":0,"41":0,"42":0,"43":0,"44":0,"45":0,"46":0,"47":0,"48":0,"49":0,"50":0,"51":0,"52":0,"53":0,"54":0,"55":0,"56":0,"57":0,"58":0,"59":0,"60":0,"61":0,"62":0,"63":0,"64":0,"65":0,"66":0,"67":0,"68":0,"69":0,"70":0,"71":0,"72":0,"73":0,"74":0,"75":0,"76":0,"77":0},"f":{"0":0,"1":0,"2":0,"3":0,"4":0,"5":0,"6":0,"7":0,"8":0,"9":0,"10":0,"11":0,"12":0,"13":0,"14":0,"15":0,"16":0,"17":0,"18":0,"19":0,"20":0,"21":0,"22":0,"23":0,"24":0,"25":0,"26":0,"27":0,"28":0,"29":0,"30":0,"31":0,"32":0,"33":0,"34":0,"35":0,"36":0},"b":{"0":[0,0],"1":[0],"2":[0]}}
[...]
:148,"column":4},"end":{"line":150,"column":5}}]},"16":{"loc":{"start":{"line":165,"column":4},"end":{"line":169,"column":5}},"type":"if","locations":[{"start":{"line":165,"column":4},"end":{"line":169,"column":5}}]},"17":{"loc":{"start":{"line":180,"column":4},"end":{"line":199,"column":5}},"type":"if","locations":[{"start":{"line":180,"column":4},"end":{"line":199,"column":5}}]},"18":{"loc":{"start":{"line":184,"column":6},"end":{"line":197,"column":7}},"type":"switch","locations":[{"start":{"line":185,"column":8},"end":{"line":187,"column":16}},{"start":{"line":188,"column":8},"end":{"line":190,"column":16}},{"start":{"line":191,"column":8},"end":{"line":193,"column":16}},{"start":{"line":194,"column":8},"end":{"line":196,"column":16}}]},"19":{"loc":{"start":{"line":205,"column":6},"end":{"line":208,"column":7}},"type":"if","locations":[{"start":{"line":205,"column":6},"end":{"line":208,"column":7}}]},"20":{"loc":{"start":{"line":205,"column":10},"end":{"line":205,"column":69}},"type":"binary-expr","locations":[{"start":{"line":205,"column":10},"end":{"line":205,"column":25}},{"start":{"line":205,"column":29},"end":{"line":205,"column":49}},{"start":{"line":205,"column":53},"end":{"line":205,"column":69}}]}},"s":{"0":0,"1":0,"2":0,"3":0,"4":0,"5":0,"6":0,"7":0,"8":0,"9":0,"10":0,"11":0,"12":0,"13":0,"14":0,"15":0,"16":0,"17":0,"18":0,"19":0,"20":0,"21":0,"22":0,"23":0,"24":0,"25":0,"26":0,"27":0,"28":0,"29":0,"30":0,"31":0,"32":0,"33":0,"34":0,"35":0,"36":0,"37":0,"38":0,"39":0,"40":0,"41":0,"42":0,"43":0,"44":0,"45":0,"46":0,"47":0,"48":0,"49":0,"50":0,"51":0,"52":0,"53":0,"54":0,"55":0,"56":0,"57":0,"58":0,"59":0,"60":0,"61":0,"62":0,"63":0,"64":0,"65":0,"66":0,"67":0,"68":0,"69":0,"70":0,"71":0,"72":0,"73":0,"74":0,"75":0,"76":0,"77":0,"78":0,"79":0,"80":0,"81":0,"82":0,"83":0,"84":0,"85":0,"86":0,"87":0,"88":0,"89":0,"90":0,"91":0,"92":0,"93":0,"94":0,"95":0,"96":0,"97":0,"98":0,"99":0,"100":0,"101":0,"102":0,"103":0,"104":0,"105":0,"106":0,"107":0,"108":0,"109":0,"110":0,"111":0,"112":0,"113":0,"114":0,"115":0,"116":0,"117":0,"118":0,"119":0,"120":0,"121":0,"122":0,"123":0,"124":0,"125":0,"126":0,"127":0,"128":0,"129":0},"f":{"0":0,"1":0,"2":0,"3":0,"4":0,"5":0,"6":0,"7":0,"8":0,"9":0,"10":0,"11":0,"12":0,"13":0,"14":0,"15":0,"16":0,"17":0},"b":{"0":[0],"1":[0,0],"2":[0],"3":[0,0],"4":[0,0],"5":[0,0],"6":[0],"7":[0,0],"8":[0,0],"9":[0],"10":[0],"11":[0,0],"12":[0],"13":[0,0],"14":[0],"15":[0],"16":[0],"17":[0],"18":[0,0,0,0],"19":[0],"20":[0,0,0]}}
,"/Users/tavasya/Documents/Native/code/native/src/hooks/assignment/useQuestionTimer.ts": {"path":"/Users/tavasya/Documents/Native/code/native/src/hooks/assignment/useQuestionTimer.ts","statementMap":{"0":{"start":{"line":1,"column":0},"end":{"line":1,"column":57}},"1":{"start":{"line":11,"column":32},"end":{"line":51,"column":1}},"2":{"start":{"line":12,"column":44},"end":{"line":12,"column":63}},"3":{"start":{"line":15,"column":2},"end":{"line":17,"column":44}},"4":{"start":{"line":16,"column":4},"end":{"line":16,"column":32}},"5":{"start":{"line":19,"column":2},"end":{"line":32,"column":45}},"6":{"start":{"line":20,"column":4},"end":{"line":31,"column":5}},"7":{"start":{"line":21,"column":20},"end":{"line":29,"column":14}},"8":{"start":{"line":22,"column":8},"end":{"line":28,"column":11}},"9":{"start":{"line":23,"column":26},"end":{"line":23,"column":34}},"10":{"start":{"line":24,"column":10},"end":{"line":26,"column":11}},"11":{"start":{"line":25,"column":12},"end":{"line":25,"column":23}},"12":{"start":{"line":27,"column":10},"end":{"line":27,"column":25}},"13":{"start":{"line":30,"column":6},"end":{"line":30,"column":40}},"14":{"start":{"line":30,"column":19},"end":{"line":30,"column":39}},"15":{"start":{"line":34,"column":21},"end":{"line":40,"column":3}},"16":{"start":{"line":35,"column":23},"end":{"line":35,"column":31}},"17":{"start":{"line":36,"column":20},"end":{"line":36,"column":34}},"18":{"start":{"line":37,"column":20},"end":{"line":37,"column":44}},"19":{"start":{"line":38,"column":20},"end":{"line":38,"column":44}},"20":{"start":{"line":39,"column":4},"end":{"line":39,"column":87}},"21":{"start":{"line":42,"column":21},"end":{"line":44,"column":17}},"22":{"start":{"line":43,"column":4},"end":{"line":43,"column":32}},"23":{"start":{"line":46,"column":2},"end":{"line":50,"column":4}},"24":{"start":{"line":11,"column":13},"end":{"line":11,"column":32}}},"fnMap":{"0":{"name":"(anonymous_0)","decl":{"start":{"line":11,"column":32},"end":{"line":11,"column":33}},"loc":{"start":{"line":11,"column":122},"end":{"line":51,"column":1}}},"1":{"name":"(anonymous_1)","decl":{"start":{"line":15,"column":12},"end":{"line":15,"column":15}},"loc":{"start":{"line":15,"column":17},"end":{"line":17,"column":3}}},"2":{"name":"(anonymous_2)","decl":{"start":{"line":19,"column":12},"end":{"line":19,"column":15}},"loc":{"start":{"line":19,"column":17},"end":{"line":32,"column":3}}},"3":{"name":"(anonymous_3)","decl":{"start":{"line":21,"column":32},"end":{"line":21,"column":35}},"loc":{"start":{"line":21,"column":37},"end":{"line":29,"column":7}}},"4":{"name":"(anonymous_4)","decl":{"start":{"line":22,"column":25},"end":{"line":22,"column":29}},"loc":{"start":{"line":22,"column":32},"end":{"line":28,"column":9}}},"5":{"name":"(anonymous_5)","decl":{"start":{"line":30,"column":13},"end":{"line":30,"column":16}},"loc":{"start":{"line":30,"column":19},"end":{"line":30,"column":39}}},"6":{"name":"(anonymous_6)","decl":{"start":{"line":34,"column":21},"end":{"line":34,"column":22}},"loc":{"start":{"line":34,"column":38},"end":{"line":40,"column":3}}},"7":{"name":"(anonymous_7)","decl":{"start":{"line":42,"column":33},"end":{"line":42,"column":36}},"loc":{"start":{"line":42,"column":38},"end":{"line":44,"column":3}}}},"branchMap":{"0":{"loc":{"start":{"line":20,"column":4},"end":{"line":31,"column":5}},"type":"if","locations":[{"start":{"line":20,"column":4},"end":{"line":31,"column":5}}]},"1":{"loc":{"start":{"line":20,"column":8},"end":{"line":20,"column":42}},"type":"binary-expr","locations":[{"start":{"line":20,"column":8},"end":{"line":20,"column":27}},{"start":{"line":20,"column":31},"end":{"line":20,"column":42}}]},"2":{"loc":{"start":{"line":24,"column":10},"end":{"line":26,"column":11}},"type":"if","locations":[{"start":{"line":24,"column":10},"end":{"line":26,"column":11}}]},"3":{"loc":{"start":{"line":39,"column":14},"end":{"line":39,"column":35}},"type":"cond-expr","locations":[{"start":{"line":39,"column":27},"end":{"line":39,"column":30}},{"start":{"line":39,"column":33},"end":{"line":39,"column":35}}]}},"s":{"0":2,"1":2,"2":76,"3":76,"4":32,"5":76,"6":65,"7":44,"8":309,"9":297,"10":297,"11":5,"12":297,"13":44,"14":44,"15":76,"16":30,"17":30,"18":30,"19":30,"20":30,"21":76,"22":2,"23":76,"24":2},"f":{"0":76,"1":32,"2":65,"3":309,"4":297,"5":44,"6":30,"7":2},"b":{"0":[44],"1":[65,63],"2":[5],"3":[4,26]}}
,"/Users/tavasya/Documents/Native/code/native/src/lib/utils.ts": {"path":"/Users/tavasya/Documents/Native/code/native/src/lib/utils.ts","statementMap":{"0":{"start":{"line":4,"column":0},"end":{"line":4,"column":16}},"1":{"start":{"line":1,"column":0},"end":{"line":1,"column":44}},"2":{"start":{"line":2,"column":0},"end":{"line":2,"column":40}},"3":{"start":{"line":5,"column":2},"end":{"line":5,"column":null}}},"fnMap":{"0":{"name":"cn","decl":{"start":{"line":4,"column":16},"end":{"line":4,"column":18}},"loc":{"start":{"line":4,"column":42},"end":{"line":6,"column":1}}}},"branchMap":{},"s":{"0":1,"1":1,"2":1,"3":5},"f":{"0":5},"b":{}}
,"/Users/tavasya/Documents/Native/code/native/src/utils/webm-diagnostics.ts": {"path":"/Users/tavasya/Documents/Native/code/native/src/utils/webm-diagnostics.ts","statementMap":{"0":{"start":{"line":12,"column":0},"end":{"line":12,"column":22}},"1":{"start":{"line":102,"column":0},"end":{"line":102,"column":22}},"2":{"start":{"line":210,"column":0},"end":{"line":210,"column":22}},"3":{"start":{"line":4,"column":13},"end":{"line":7,"column":2}},"4":{"start":{"line":18,"column":2},"end":{"line":96,"column":3}},"5":{"start":{"line":20,"column":4},"end":{"line":27,"column":5}},"6":{"start":{"line":21,"column":6},"end":{"line":26,"column":8}},"7":{"start":{"line":30,"column":23},"end":{"line":30,"column":76}},"8":{"start":{"line":31,"column":4},"end":{"line":42,"column":5}},"9":{"start":{"line":33,"column":8},"end":{"line":33,"column":62}},"10":{"start":{"line":36,"column":6},"end":{"line":41,"column":8}},"11":{"start":{"line":45,"column":4},"end":{"line":52,"column":5}},"12":{"start":{"line":46,"column":6},"end":{"line":51,"column":8}},"13":{"start":{"line":55,"column":4},"end":{"line":82,"column":5}},"14":{"start":{"line":56,"column":21},"end":{"line":56,"column":45}},"15":{"start":{"line":57,"column":23},"end":{"line":57,"column":43}},"16":{"start":{"line":60,"column":6},"end":{"line":81,"column":7}},"17":{"start":{"line":61,"column":22},"end":{"line":61,"column":42}},"18":{"start":{"line":62,"column":22},"end":{"line":62,"column":42}},"19":{"start":{"line":63,"column":22},"end":{"line":63,"column":42}},"20":{"start":{"line":64,"column":22},"end":{"line":64,"column":42}},"21":{"start":{"line":66,"column":8},"end":{"line":73,"column":9}},"22":{"start":{"line":67,"column":10},"end":{"line":72,"column":12}},"23":{"start":{"line":75,"column":8},"end":{"line":80,"column":10}},"24":{"start":{"line":84,"column":4},"end":{"line":88,"column":6}},"25":{"start":{"line":90,"column":4},"end":{"line":95,"column":6}},"26":{"start":{"line":108,"column":19},"end":{"line":108,"column":48}},"27":{"start":{"line":111,"column":2},"end":{"line":120,"column":3}},"28":{"start":{"line":112,"column":4},"end":{"line":119,"column":6}},"29":{"start":{"line":122,"column":2},"end":{"line":204,"column":3}},"30":{"start":{"line":124,"column":30},"end":{"line":166,"column":6}},"31":{"start":{"line":169,"column":28},"end":{"line":169,"column":68}},"32":{"start":{"line":172,"column":28},"end":{"line":172,"column":93}},"33":{"start":{"line":173,"column":4},"end":{"line":173,"column":46}},"34":{"start":{"line":174,"column":4},"end":{"line":174,"column":67}},"35":{"start":{"line":177,"column":22},"end":{"line":177,"column":85}},"36":{"start":{"line":180,"column":26},"end":{"line":180,"column":60}},"37":{"start":{"line":182,"column":4},"end":{"line":193,"column":6}},"38":{"start":{"line":195,"column":4},"end":{"line":203,"column":6}},"39":{"start":{"line":214,"column":39},"end":{"line":219,"column":4}},"40":{"start":{"line":222,"column":2},"end":{"line":234,"column":3}},"41":{"start":{"line":223,"column":22},"end":{"line":229,"column":6}},"42":{"start":{"line":231,"column":4},"end":{"line":233,"column":7}},"43":{"start":{"line":232,"column":6},"end":{"line":232,"column":68}},"44":{"start":{"line":237,"column":24},"end":{"line":237,"column":29}},"45":{"start":{"line":238,"column":2},"end":{"line":244,"column":3}},"46":{"start":{"line":239,"column":19},"end":{"line":239,"column":77}},"47":{"start":{"line":240,"column":4},"end":{"line":240,"column":27}},"48":{"start":{"line":241,"column":4},"end":{"line":241,"column":54}},"49":{"start":{"line":241,"column":40},"end":{"line":241,"column":52}},"50":{"start":{"line":243,"column":4},"end":{"line":243,"column":86}},"51":{"start":{"line":246,"column":2},"end":{"line":246,"column":44}},"52":{"start":{"line":249,"column":21},"end":{"line":252,"column":101}},"53":{"start":{"line":254,"column":2},"end":{"line":254,"column":33}}},"fnMap":{"0":{"name":"validateAudioBlob","decl":{"start":{"line":12,"column":22},"end":{"line":12,"column":39}},"loc":{"start":{"line":12,"column":50},"end":{"line":97,"column":null}}},"1":{"name":"(anonymous_9)","decl":{"start":{"line":32,"column":23},"end":{"line":32,"column":27}},"loc":{"start":{"line":33,"column":8},"end":{"line":33,"column":62}}},"2":{"name":"repairWebMFile","decl":{"start":{"line":102,"column":22},"end":{"line":102,"column":36}},"loc":{"start":{"line":102,"column":47},"end":{"line":205,"column":null}}},"3":{"name":"testAudioRecordingCompatibility","decl":{"start":{"line":210,"column":22},"end":{"line":210,"column":53}},"loc":{"start":{"line":210,"column":53},"end":{"line":255,"column":null}}},"4":{"name":"(anonymous_14)","decl":{"start":{"line":231,"column":22},"end":{"line":231,"column":26}},"loc":{"start":{"line":231,"column":29},"end":{"line":233,"column":5}}},"5":{"name":"(anonymous_15)","decl":{"start":{"line":241,"column":31},"end":{"line":241,"column":36}},"loc":{"start":{"line":241,"column":40},"end":{"line":241,"column":52}}}},"branchMap":{"0":{"loc":{"start":{"line":20,"column":4},"end":{"line":27,"column":5}},"type":"if","locations":[{"start":{"line":20,"column":4},"end":{"line":27,"column":5}}]},"1":{"loc":{"start":{"line":20,"column":8},"end":{"line":20,"column":32}},"type":"binary-expr","locations":[{"start":{"line":20,"column":8},"end":{"line":20,"column":13}},{"start":{"line":20,"column":17},"end":{"line":20,"column":32}}]},"2":{"loc":{"start":{"line":24,"column":14},"end":{"line":24,"column":29}},"type":"binary-expr","locations":[{"start":{"line":24,"column":14},"end":{"line":24,"column":24}},{"start":{"line":24,"column":28},"end":{"line":24,"column":29}}]},"3":{"loc":{"start":{"line":24,"column":14},"end":{"line":24,"column":24}},"type":"cond-expr","locations":[{"start":{"line":24,"column":18},"end":{"line":24,"column":20}},{"start":{"line":24,"column":14},"end":{"line":24,"column":24}}]},"4":{"loc":{"start":{"line":24,"column":14},"end":{"line":24,"column":20}},"type":"binary-expr","locations":[{"start":{"line":24,"column":14},"end":{"line":24,"column":20}},{"start":{"line":24,"column":14},"end":{"line":24,"column":20}}]},"5":{"loc":{"start":{"line":25,"column":14},"end":{"line":25,"column":37}},"type":"binary-expr","locations":[{"start":{"line":25,"column":14},"end":{"line":25,"column":24}},{"start":{"line":25,"column":28},"end":{"line":25,"column":37}}]},"6":{"loc":{"start":{"line":25,"column":14},"end":{"line":25,"column":24}},"type":"cond-expr","locations":[{"start":{"line":25,"column":18},"end":{"line":25,"column":20}},{"start":{"line":25,"column":14},"end":{"line":25,"column":24}}]},"7":{"loc":{"start":{"line":25,"column":14},"end":{"line":25,"column":20}},"type":"binary-expr","locations":[{"start":{"line":25,"column":14},"end":{"line":25,"column":20}},{"start":{"line":25,"column":14},"end":{"line":25,"column":20}}]},"8":{"loc":{"start":{"line":31,"column":4},"end":{"line":42,"column":5}},"type":"if","locations":[{"start":{"line":31,"column":4},"end":{"line":42,"column":5}}]},"9":{"loc":{"start":{"line":33,"column":8},"end":{"line":33,"column":62}},"type":"binary-expr","locations":[{"start":{"line":33,"column":8},"end":{"line":33,"column":26}},{"start":{"line":33,"column":30},"end":{"line":33,"column":62}}]},"10":{"loc":{"start":{"line":45,"column":4},"end":{"line":52,"column":5}},"type":"if","locations":[{"start":{"line":45,"column":4},"end":{"line":52,"column":5}}]},"11":{"loc":{"start":{"line":55,"column":4},"end":{"line":82,"column":5}},"type":"if","locations":[{"start":{"line":55,"column":4},"end":{"line":82,"column":5}}]},"12":{"loc":{"start":{"line":60,"column":6},"end":{"line":81,"column":7}},"type":"if","locations":[{"start":{"line":60,"column":6},"end":{"line":81,"column":7}},{"start":{"line":74,"column":13},"end":{"line":81,"column":7}}]},"13":{"loc":{"start":{"line":66,"column":8},"end":{"line":73,"column":9}},"type":"if","locations":[{"start":{"line":66,"column":8},"end":{"line":73,"column":9}}]},"14":{"loc":{"start":{"line":66,"column":12},"end":{"line":66,"column":80}},"type":"binary-expr","locations":[{"start":{"line":66,"column":12},"end":{"line":66,"column":26}},{"start":{"line":66,"column":30},"end":{"line":66,"column":44}},{"start":{"line":66,"column":48},"end":{"line":66,"column":62}},{"start":{"line":66,"column":66},"end":{"line":66,"column":80}}]},"15":{"loc":{"start":{"line":92,"column":34},"end":{"line":92,"column":88}},"type":"cond-expr","locations":[{"start":{"line":92,"column":59},"end":{"line":92,"column":72}},{"start":{"line":92,"column":75},"end":{"line":92,"column":88}}]},"16":{"loc":{"start":{"line":93,"column":12},"end":{"line":93,"column":27}},"type":"binary-expr","locations":[{"start":{"line":93,"column":12},"end":{"line":93,"column":22}},{"start":{"line":93,"column":26},"end":{"line":93,"column":27}}]},"17":{"loc":{"start":{"line":93,"column":12},"end":{"line":93,"column":22}},"type":"cond-expr","locations":[{"start":{"line":93,"column":16},"end":{"line":93,"column":18}},{"start":{"line":93,"column":12},"end":{"line":93,"column":22}}]},"18":{"loc":{"start":{"line":93,"column":12},"end":{"line":93,"column":18}},"type":"binary-expr","locations":[{"start":{"line":93,"column":12},"end":{"line":93,"column":18}},{"start":{"line":93,"column":12},"end":{"line":93,"column":18}}]},"19":{"loc":{"start":{"line":94,"column":12},"end":{"line":94,"column":35}},"type":"binary-expr","locations":[{"start":{"line":94,"column":12},"end":{"line":94,"column":22}},{"start":{"line":94,"column":26},"end":{"line":94,"column":35}}]},"20":{"loc":{"start":{"line":94,"column":12},"end":{"line":94,"column":22}},"type":"cond-expr","locations":[{"start":{"line":94,"column":16},"end":{"line":94,"column":18}},{"start":{"line":94,"column":12},"end":{"line":94,"column":22}}]},"21":{"loc":{"start":{"line":94,"column":12},"end":{"line":94,"column":18}},"type":"binary-expr","locations":[{"start":{"line":94,"column":12},"end":{"line":94,"column":18}},{"start":{"line":94,"column":12},"end":{"line":94,"column":18}}]},"22":{"loc":{"start":{"line":111,"column":2},"end":{"line":120,"column":3}},"type":"if","locations":[{"start":{"line":111,"column":2},"end":{"line":120,"column":3}}]},"23":{"loc":{"start":{"line":184,"column":12},"end":{"line":184,"column":50}},"type":"cond-expr","locations":[{"start":{"line":184,"column":34},"end":{"line":184,"column":43}},{"start":{"line":184,"column":46},"end":{"line":184,"column":50}}]},"24":{"loc":{"start":{"line":186,"column":17},"end":{"line":188,"column":75}},"type":"cond-expr","locations":[{"start":{"line":187,"column":10},"end":{"line":187,"column":67}},{"start":{"line":188,"column":10},"end":{"line":188,"column":75}}]},"25":{"loc":{"start":{"line":199,"column":54},"end":{"line":199,"column":108}},"type":"cond-expr","locations":[{"start":{"line":199,"column":79},"end":{"line":199,"column":92}},{"start":{"line":199,"column":95},"end":{"line":199,"column":108}}]},"26":{"loc":{"start":{"line":222,"column":2},"end":{"line":234,"column":3}},"type":"if","locations":[{"start":{"line":222,"column":2},"end":{"line":234,"column":3}}]},"27":{"loc":{"start":{"line":243,"column":31},"end":{"line":243,"column":85}},"type":"cond-expr","locations":[{"start":{"line":243,"column":56},"end":{"line":243,"column":69}},{"start":{"line":243,"column":72},"end":{"line":243,"column":85}}]},"28":{"loc":{"start":{"line":249,"column":21},"end":{"line":252,"column":101}},"type":"binary-expr","locations":[{"start":{"line":249,"column":21},"end":{"line":249,"column":50}},{"start":{"line":250,"column":21},"end":{"line":250,"column":51}},{"start":{"line":251,"column":21},"end":{"line":251,"column":36}},{"start":{"line":252,"column":22},"end":{"line":252,"column":53}},{"start":{"line":252,"column":57},"end":{"line":252,"column":100}}]}},"s":{"0":1,"1":1,"2":1,"3":1,"4":15,"5":15,"6":3,"7":12,"8":12,"9":16,"10":1,"11":11,"12":2,"13":9,"14":8,"15":7,"16":7,"17":7,"18":7,"19":7,"20":7,"21":7,"22":2,"23":0,"24":6,"25":1,"26":0,"27":0,"28":0,"29":0,"30":0,"31":0,"32":0,"33":0,"34":0,"35":0,"36":0,"37":0,"38":0,"39":0,"40":0,"41":0,"42":0,"43":0,"44":0,"45":0,"46":0,"47":0,"48":0,"49":0,"50":0,"51":0,"52":0,"53":0},"f":{"0":15,"1":16,"2":0,"3":0,"4":0,"5":0},"b":{"0":[3],"1":[15,14],"2":[3,3],"3":[1,2],"4":[3,2],"5":[3,1],"6":[1,2],"7":[3,2],"8":[1],"9":[16,8],"10":[2],"11":[8],"12":[7,0],"13":[2],"14":[7,6,6,6],"15":[1,0],"16":[1,0],"17":[0,1],"18":[1,1],"19":[1,0],"20":[0,1],"21":[1,1],"22":[0],"23":[0,0],"24":[0,0],"25":[0,0],"26":[0],"27":[0,0],"28":[0,0,0,0,0]}}
}
