TN:
SF:src/App.tsx
FN:9,App
FN:10,(anonymous_2)
FNF:2
FNH:0
FNDA:0,App
FNDA:0,(anonymous_2)
DA:2,0
DA:3,0
DA:4,0
DA:5,0
DA:6,0
DA:7,0
DA:9,0
DA:10,0
DA:11,0
DA:14,0
LF:10
LH:0
BRF:0
BRH:0
end_of_record
TN:
SF:src/app/hooks.ts
FN:5,(anonymous_0)
FN:10,(anonymous_1)
FNF:2
FNH:2
FNDA:1,(anonymous_0)
FNDA:3,(anonymous_1)
DA:1,1
DA:5,1
DA:6,1
DA:10,1
DA:12,3
LF:5
LH:5
BRF:0
BRH:0
end_of_record
TN:
SF:src/app/store.ts
FN:46,(anonymous_1)
FN:75,(anonymous_2)
FNF:2
FNH:0
FNDA:0,(anonymous_1)
FNDA:0,(anonymous_2)
DA:2,0
DA:3,0
DA:4,0
DA:5,0
DA:6,0
DA:7,0
DA:8,0
DA:9,0
DA:10,0
DA:11,0
DA:12,0
DA:13,0
DA:14,0
DA:15,0
DA:16,0
DA:17,0
DA:18,0
DA:21,0
DA:28,0
DA:46,0
DA:47,0
DA:49,0
DA:66,0
DA:70,0
DA:73,0
DA:76,0
DA:84,0
LF:27
LH:0
BRDA:47,0,0,0
BRF:1
BRH:0
end_of_record
TN:
SF:src/components/CTASection.tsx
FN:5,(anonymous_0)
FN:7,(anonymous_1)
FN:9,(anonymous_2)
FNF:3
FNH:0
FNDA:0,(anonymous_0)
FNDA:0,(anonymous_1)
FNDA:0,(anonymous_2)
DA:1,0
DA:2,0
DA:3,0
DA:5,0
DA:6,0
DA:7,0
DA:9,0
DA:10,0
DA:11,0
DA:13,0
DA:17,0
DA:37,0
LF:12
LH:0
BRDA:10,0,0,0
BRDA:10,0,1,0
BRDA:10,1,0,0
BRDA:10,1,1,0
BRF:4
BRH:0
end_of_record
TN:
SF:src/components/FAQSection.tsx
FN:8,(anonymous_0)
FN:44,(anonymous_1)
FNF:2
FNH:0
FNDA:0,(anonymous_0)
FNDA:0,(anonymous_1)
DA:1,0
DA:8,0
DA:9,0
DA:32,0
DA:45,0
DA:61,0
LF:6
LH:0
BRF:0
BRH:0
end_of_record
TN:
SF:src/components/FeaturesSection.tsx
FN:10,(anonymous_1)
FN:24,(anonymous_2)
FNF:2
FNH:0
FNDA:0,(anonymous_1)
FNDA:0,(anonymous_2)
DA:1,0
DA:2,0
DA:3,0
DA:10,0
DA:16,0
DA:24,0
DA:25,0
DA:42,0
LF:8
LH:0
BRF:0
BRH:0
end_of_record
TN:
SF:src/components/FeedbackItem.tsx
FN:7,(anonymous_0)
FNF:1
FNH:0
FNDA:0,(anonymous_0)
DA:7,0
DA:8,0
DA:23,0
LF:3
LH:0
BRDA:12,0,0,0
BRDA:12,0,1,0
BRF:2
BRH:0
end_of_record
TN:
SF:src/components/FluencyIssueCard.tsx
FN:11,(anonymous_0)
FN:19,(anonymous_1)
FNF:2
FNH:0
FNDA:0,(anonymous_0)
FNDA:0,(anonymous_1)
DA:1,0
DA:11,0
DA:19,0
DA:20,0
DA:22,0
DA:28,0
DA:34,0
DA:40,0
DA:48,0
DA:50,0
DA:73,0
LF:11
LH:0
BRDA:20,0,0,0
BRDA:20,0,1,0
BRDA:20,0,2,0
BRDA:20,0,3,0
BRF:4
BRH:0
end_of_record
TN:
SF:src/components/FluencyScoreCard.tsx
FN:9,(anonymous_0)
FN:11,(anonymous_1)
FNF:2
FNH:0
FNDA:0,(anonymous_0)
FNDA:0,(anonymous_1)
DA:1,0
DA:9,0
DA:11,0
DA:12,0
DA:13,0
DA:14,0
DA:17,0
DA:32,0
LF:8
LH:0
BRDA:12,0,0,0
BRDA:13,1,0,0
BRF:2
BRH:0
end_of_record
TN:
SF:src/components/Footer.tsx
FN:5,(anonymous_1)
FN:56,(anonymous_2)
FN:72,(anonymous_3)
FN:102,(anonymous_4)
FNF:4
FNH:0
FNDA:0,(anonymous_1)
FNDA:0,(anonymous_2)
FNDA:0,(anonymous_3)
FNDA:0,(anonymous_4)
DA:1,0
DA:2,0
DA:3,0
DA:5,0
DA:6,0
DA:57,0
DA:73,0
DA:102,0
DA:103,0
DA:114,0
LF:10
LH:0
BRDA:59,0,0,0
BRDA:59,0,1,0
BRDA:75,1,0,0
BRDA:75,1,1,0
BRDA:76,2,0,0
BRDA:76,2,1,0
BRF:6
BRH:0
end_of_record
TN:
SF:src/components/GrammarSuggestion.tsx
FN:26,(anonymous_0)
FN:33,(anonymous_1)
FNF:2
FNH:0
FNDA:0,(anonymous_0)
FNDA:0,(anonymous_1)
DA:1,0
DA:2,0
DA:3,0
DA:26,0
DA:33,0
DA:34,0
DA:36,0
DA:42,0
DA:48,0
DA:54,0
DA:60,0
DA:66,0
DA:72,0
DA:78,0
DA:85,0
DA:93,0
DA:95,0
LF:17
LH:0
BRDA:34,0,0,0
BRDA:34,0,1,0
BRDA:34,0,2,0
BRDA:34,0,3,0
BRDA:34,0,4,0
BRDA:34,0,5,0
BRDA:34,0,6,0
BRDA:34,0,7,0
BRDA:34,0,8,0
BRDA:34,0,9,0
BRDA:112,1,0,0
BRDA:112,1,1,0
BRF:12
BRH:0
end_of_record
TN:
SF:src/components/HeroSection.tsx
FN:5,(anonymous_0)
FN:7,(anonymous_1)
FN:9,(anonymous_2)
FNF:3
FNH:0
FNDA:0,(anonymous_0)
FNDA:0,(anonymous_1)
FNDA:0,(anonymous_2)
DA:1,0
DA:2,0
DA:3,0
DA:5,0
DA:6,0
DA:7,0
DA:9,0
DA:10,0
DA:11,0
DA:13,0
DA:17,0
DA:107,0
LF:12
LH:0
BRDA:10,0,0,0
BRDA:10,0,1,0
BRDA:10,1,0,0
BRDA:10,1,1,0
BRF:4
BRH:0
end_of_record
TN:
SF:src/components/HowItWorks.tsx
FN:5,(anonymous_0)
FN:40,(anonymous_1)
FNF:2
FNH:0
FNDA:0,(anonymous_0)
FNDA:0,(anonymous_1)
DA:3,0
DA:5,0
DA:6,0
DA:29,0
DA:41,0
DA:74,0
LF:6
LH:0
BRDA:43,0,0,0
BRDA:43,0,1,0
BRF:2
BRH:0
end_of_record
TN:
SF:src/components/LandingNavBar.tsx
FN:12,(anonymous_1)
FN:14,(anonymous_2)
FN:16,(anonymous_3)
FN:26,(anonymous_4)
FN:44,(anonymous_5)
FN:45,(anonymous_6)
FN:46,(anonymous_7)
FN:47,(anonymous_8)
FN:64,(anonymous_9)
FN:69,(anonymous_10)
FN:87,(anonymous_11)
FNF:11
FNH:0
FNDA:0,(anonymous_1)
FNDA:0,(anonymous_2)
FNDA:0,(anonymous_3)
FNDA:0,(anonymous_4)
FNDA:0,(anonymous_5)
FNDA:0,(anonymous_6)
FNDA:0,(anonymous_7)
FNDA:0,(anonymous_8)
FNDA:0,(anonymous_9)
FNDA:0,(anonymous_10)
FNDA:0,(anonymous_11)
DA:1,0
DA:2,0
DA:3,0
DA:4,0
DA:5,0
DA:6,0
DA:12,0
DA:13,0
DA:14,0
DA:16,0
DA:17,0
DA:18,0
DA:19,0
DA:26,0
DA:27,0
DA:28,0
DA:30,0
DA:34,0
DA:44,0
DA:45,0
DA:46,0
DA:47,0
DA:64,0
DA:69,0
DA:87,0
DA:92,0
DA:100,0
LF:27
LH:0
BRDA:12,0,0,0
BRDA:18,1,0,0
BRDA:27,2,0,0
BRDA:27,2,1,0
BRDA:42,3,0,0
BRDA:42,3,1,0
BRDA:52,4,0,0
BRDA:52,4,1,0
BRF:8
BRH:0
end_of_record
TN:
SF:src/components/Layout.tsx
FN:34,(anonymous_10)
FN:38,(anonymous_11)
FN:56,(anonymous_12)
FN:59,(anonymous_13)
FN:63,(anonymous_14)
FNF:5
FNH:0
FNDA:0,(anonymous_10)
FNDA:0,(anonymous_11)
FNDA:0,(anonymous_12)
FNDA:0,(anonymous_13)
FNDA:0,(anonymous_14)
DA:1,0
DA:2,0
DA:3,0
DA:4,0
DA:5,0
DA:6,0
DA:7,0
DA:8,0
DA:9,0
DA:10,0
DA:11,0
DA:13,0
DA:27,0
DA:34,0
DA:35,0
DA:36,0
DA:38,0
DA:39,0
DA:43,0
DA:44,0
DA:47,0
DA:56,0
DA:57,0
DA:58,0
DA:59,0
DA:60,0
DA:63,0
DA:64,0
DA:65,0
DA:69,0
DA:83,0
LF:31
LH:0
BRDA:43,0,0,0
BRDA:60,1,0,0
BRDA:60,1,1,0
BRDA:64,2,0,0
BRDA:64,3,0,0
BRDA:64,3,1,0
BRDA:71,4,0,0
BRDA:71,4,1,0
BRF:8
BRH:0
end_of_record
TN:
SF:src/components/LoadingSpinner.tsx
FN:27,LoadingSpinner
FNF:1
FNH:0
FNDA:0,LoadingSpinner
DA:2,0
DA:4,0
DA:9,0
DA:18,0
DA:27,0
DA:28,0
LF:6
LH:0
BRF:0
BRH:0
end_of_record
TN:
SF:src/components/Modal.tsx
FN:10,Modal
FNF:1
FNH:0
FNDA:0,Modal
DA:1,0
DA:10,0
DA:11,0
DA:13,0
LF:4
LH:0
BRDA:11,0,0,0
BRDA:42,1,0,0
BRDA:42,1,1,0
BRF:3
BRH:0
end_of_record
TN:
SF:src/components/NavBar.tsx
FN:14,(anonymous_10)
FN:16,(anonymous_11)
FN:25,(anonymous_12)
FN:30,(anonymous_13)
FN:35,(anonymous_14)
FN:35,(anonymous_15)
FN:36,(anonymous_16)
FN:41,(anonymous_17)
FN:46,(anonymous_18)
FN:51,(anonymous_19)
FN:59,(anonymous_20)
FN:82,(anonymous_21)
FN:89,(anonymous_22)
FN:96,(anonymous_23)
FN:105,(anonymous_24)
FN:117,(anonymous_25)
FN:126,(anonymous_26)
FN:227,(anonymous_27)
FN:245,(anonymous_28)
FN:246,(anonymous_29)
FN:252,(anonymous_30)
FNF:21
FNH:0
FNDA:0,(anonymous_10)
FNDA:0,(anonymous_11)
FNDA:0,(anonymous_12)
FNDA:0,(anonymous_13)
FNDA:0,(anonymous_14)
FNDA:0,(anonymous_15)
FNDA:0,(anonymous_16)
FNDA:0,(anonymous_17)
FNDA:0,(anonymous_18)
FNDA:0,(anonymous_19)
FNDA:0,(anonymous_20)
FNDA:0,(anonymous_21)
FNDA:0,(anonymous_22)
FNDA:0,(anonymous_23)
FNDA:0,(anonymous_24)
FNDA:0,(anonymous_25)
FNDA:0,(anonymous_26)
FNDA:0,(anonymous_27)
FNDA:0,(anonymous_28)
FNDA:0,(anonymous_29)
FNDA:0,(anonymous_30)
DA:2,0
DA:3,0
DA:4,0
DA:5,0
DA:6,0
DA:7,0
DA:8,0
DA:9,0
DA:10,0
DA:11,0
DA:12,0
DA:14,0
DA:16,0
DA:17,0
DA:18,0
DA:21,0
DA:22,0
DA:23,0
DA:24,0
DA:25,0
DA:26,0
DA:28,0
DA:30,0
DA:35,0
DA:36,0
DA:37,0
DA:38,0
DA:41,0
DA:42,0
DA:43,0
DA:46,0
DA:47,0
DA:48,0
DA:51,0
DA:52,0
DA:53,0
DA:54,0
DA:55,0
DA:59,0
DA:60,0
DA:64,0
DA:82,0
DA:89,0
DA:96,0
DA:105,0
DA:117,0
DA:126,0
DA:227,0
DA:245,0
DA:246,0
DA:252,0
DA:259,0
LF:52
LH:0
BRDA:28,0,0,0
BRDA:28,0,1,0
BRDA:77,1,0,0
BRDA:77,1,1,0
BRDA:77,1,2,0
BRDA:112,2,0,0
BRDA:112,2,1,0
BRDA:112,2,2,0
BRDA:137,3,0,0
BRDA:137,3,1,0
BRDA:159,4,0,0
BRDA:159,4,1,0
BRDA:166,5,0,0
BRDA:166,5,1,0
BRDA:175,6,0,0
BRDA:175,6,1,0
BRDA:189,7,0,0
BRDA:189,7,1,0
BRF:18
BRH:0
end_of_record
TN:
SF:src/components/PageNavigation.tsx
FN:11,(anonymous_0)
FN:17,(anonymous_1)
FNF:2
FNH:0
FNDA:0,(anonymous_0)
FNDA:0,(anonymous_1)
DA:1,0
DA:2,0
DA:11,0
DA:12,0
DA:14,0
DA:18,0
DA:62,0
LF:7
LH:0
BRDA:22,0,0,0
BRDA:22,0,1,0
BRDA:27,1,0,0
BRDA:27,1,1,0
BRDA:41,2,0,0
BRDA:41,2,1,0
BRDA:52,3,0,0
BRDA:52,3,1,0
BRF:8
BRH:0
end_of_record
TN:
SF:src/components/PostHogProvider.tsx
FN:11,PostHogProvider
FN:13,(anonymous_2)
FN:16,(anonymous_3)
FN:38,(anonymous_4)
FNF:4
FNH:0
FNDA:0,PostHogProvider
FNDA:0,(anonymous_2)
FNDA:0,(anonymous_3)
FNDA:0,(anonymous_4)
DA:2,0
DA:3,0
DA:4,0
DA:5,0
DA:11,0
DA:12,0
DA:13,0
DA:16,0
DA:17,0
DA:18,0
DA:26,0
DA:27,0
DA:38,0
DA:39,0
DA:40,0
DA:50,0
DA:61,0
LF:17
LH:0
BRDA:17,0,0,0
BRDA:17,1,0,0
BRDA:17,1,1,0
BRDA:26,2,0,0
BRDA:26,3,0,0
BRDA:26,3,1,0
BRDA:30,4,0,0
BRDA:30,4,1,0
BRDA:39,5,0,0
BRDA:39,6,0,0
BRDA:39,6,1,0
BRDA:39,6,2,0
BRF:12
BRH:0
end_of_record
TN:
SF:src/components/PricingSection.tsx
FN:4,(anonymous_0)
FN:20,(anonymous_1)
FN:28,(anonymous_2)
FNF:3
FNH:0
FNDA:0,(anonymous_0)
FNDA:0,(anonymous_1)
FNDA:0,(anonymous_2)
DA:1,0
DA:2,0
DA:4,0
DA:5,0
DA:7,0
DA:20,0
DA:29,0
DA:40,0
LF:8
LH:0
BRF:0
BRH:0
end_of_record
TN:
SF:src/components/PronunciationMistake.tsx
FN:13,(anonymous_0)
FN:22,(anonymous_1)
FN:25,(anonymous_2)
FNF:3
FNH:0
FNDA:0,(anonymous_0)
FNDA:0,(anonymous_1)
FNDA:0,(anonymous_2)
DA:1,0
DA:2,0
DA:3,0
DA:13,0
DA:20,0
DA:22,0
DA:24,0
DA:25,0
DA:28,0
DA:58,0
LF:10
LH:0
BRDA:36,0,0,0
BRDA:36,0,1,0
BRDA:41,1,0,0
BRDA:41,1,1,0
BRF:4
BRH:0
end_of_record
TN:
SF:src/components/RequireAuth.tsx
FN:17,RequireAuth
FN:18,(anonymous_1)
FNF:2
FNH:0
FNDA:0,RequireAuth
FNDA:0,(anonymous_1)
DA:2,0
DA:3,0
DA:5,0
DA:17,0
DA:18,0
DA:19,0
DA:22,0
DA:23,0
DA:27,0
DA:28,0
DA:32,0
DA:33,0
DA:37,0
DA:38,0
DA:42,0
LF:15
LH:0
BRDA:22,0,0,0
BRDA:27,1,0,0
BRDA:32,2,0,0
BRDA:32,3,0,0
BRDA:32,3,1,0
BRDA:32,3,2,0
BRDA:37,4,0,0
BRDA:37,5,0,0
BRDA:37,5,1,0
BRDA:37,5,2,0
BRF:10
BRH:0
end_of_record
TN:
SF:src/components/ScoreCard.tsx
FN:10,(anonymous_0)
FN:13,(anonymous_1)
FN:14,(anonymous_2)
FN:18,(anonymous_3)
FNF:4
FNH:0
FNDA:0,(anonymous_0)
FNDA:0,(anonymous_1)
FNDA:0,(anonymous_2)
FNDA:0,(anonymous_3)
DA:1,0
DA:2,0
DA:10,0
DA:11,0
DA:13,0
DA:14,0
DA:15,0
DA:18,0
DA:21,0
DA:34,0
LF:10
LH:0
BRDA:25,0,0,0
BRDA:25,0,1,0
BRF:2
BRH:0
end_of_record
TN:
SF:src/components/StreakCalendar.tsx
FN:11,(anonymous_0)
FN:12,(anonymous_1)
FN:23,(anonymous_2)
FN:29,(anonymous_3)
FN:51,(anonymous_4)
FN:52,(anonymous_5)
FN:63,(anonymous_6)
FN:114,(anonymous_7)
FN:127,(anonymous_8)
FN:138,(anonymous_9)
FN:147,(anonymous_10)
FN:151,(anonymous_11)
FNF:12
FNH:0
FNDA:0,(anonymous_0)
FNDA:0,(anonymous_1)
FNDA:0,(anonymous_2)
FNDA:0,(anonymous_3)
FNDA:0,(anonymous_4)
FNDA:0,(anonymous_5)
FNDA:0,(anonymous_6)
FNDA:0,(anonymous_7)
FNDA:0,(anonymous_8)
FNDA:0,(anonymous_9)
FNDA:0,(anonymous_10)
FNDA:0,(anonymous_11)
DA:1,0
DA:2,0
DA:3,0
DA:4,0
DA:11,0
DA:12,0
DA:13,0
DA:14,0
DA:15,0
DA:16,0
DA:18,0
DA:19,0
DA:20,0
DA:23,0
DA:24,0
DA:26,0
DA:29,0
DA:30,0
DA:32,0
DA:33,0
DA:35,0
DA:38,0
DA:39,0
DA:42,0
DA:43,0
DA:45,0
DA:47,0
DA:51,0
DA:52,0
DA:53,0
DA:54,0
DA:55,0
DA:57,0
DA:59,0
DA:63,0
DA:64,0
DA:66,0
DA:67,0
DA:70,0
DA:71,0
DA:74,0
DA:75,0
DA:78,0
DA:81,0
DA:84,0
DA:85,0
DA:87,0
DA:114,0
DA:127,0
DA:139,0
DA:148,0
DA:152,0
LF:52
LH:0
BRDA:11,0,0,0
BRDA:24,1,0,0
BRDA:30,2,0,0
BRDA:54,3,0,0
BRDA:54,3,1,0
BRDA:66,4,0,0
BRDA:70,5,0,0
BRDA:74,6,0,0
BRDA:98,7,0,0
BRDA:98,7,1,0
BRDA:98,8,0,0
BRDA:98,8,1,0
BRDA:103,9,0,0
BRDA:103,9,1,0
BRDA:145,10,0,0
BRDA:145,10,1,0
BRDA:153,11,0,0
BRDA:153,11,1,0
BRDA:157,12,0,0
BRDA:157,12,1,0
BRDA:159,13,0,0
BRDA:159,13,1,0
BRDA:161,14,0,0
BRDA:161,14,1,0
BRF:24
BRH:0
end_of_record
TN:
SF:src/components/StudentSpeakingFlow.tsx
FN:18,(anonymous_9)
FN:47,(anonymous_10)
FN:67,(anonymous_11)
FN:73,(anonymous_12)
FN:85,(anonymous_13)
FN:93,(anonymous_14)
FN:120,(anonymous_15)
FN:155,(anonymous_16)
FN:161,(anonymous_17)
FN:187,(anonymous_18)
FN:195,(anonymous_19)
FN:197,(anonymous_20)
FNF:12
FNH:0
FNDA:0,(anonymous_9)
FNDA:0,(anonymous_10)
FNDA:0,(anonymous_11)
FNDA:0,(anonymous_12)
FNDA:0,(anonymous_13)
FNDA:0,(anonymous_14)
FNDA:0,(anonymous_15)
FNDA:0,(anonymous_16)
FNDA:0,(anonymous_17)
FNDA:0,(anonymous_18)
FNDA:0,(anonymous_19)
FNDA:0,(anonymous_20)
DA:1,0
DA:2,0
DA:3,0
DA:4,0
DA:18,0
DA:29,0
DA:48,0
DA:49,0
DA:67,0
DA:68,0
DA:70,0
DA:73,0
DA:85,0
DA:93,0
DA:120,0
DA:121,0
DA:122,0
DA:123,0
DA:124,0
DA:126,0
DA:153,0
DA:155,0
DA:156,0
DA:157,0
DA:158,0
DA:161,0
DA:162,0
DA:163,0
DA:164,0
DA:167,0
DA:188,0
DA:195,0
DA:197,0
DA:227,0
LF:34
LH:0
BRDA:30,0,0,0
BRDA:30,0,1,0
BRDA:31,1,0,0
BRDA:31,1,1,0
BRDA:31,2,0,0
BRDA:31,2,1,0
BRDA:36,3,0,0
BRDA:36,3,1,0
BRDA:39,4,0,0
BRDA:39,4,1,0
BRDA:45,5,0,0
BRDA:45,5,1,0
BRDA:68,6,0,0
BRDA:72,7,0,0
BRDA:72,7,1,0
BRF:15
BRH:0
end_of_record
TN:
SF:src/components/SubmissionResults.tsx
FN:39,(anonymous_1)
FN:59,(anonymous_2)
FN:67,(anonymous_3)
FN:87,SubmissionResults
FN:89,(anonymous_5)
FN:101,(anonymous_6)
FN:102,(anonymous_7)
FN:106,(anonymous_8)
FN:113,(anonymous_9)
FN:115,(anonymous_10)
FN:142,(anonymous_11)
FN:146,(anonymous_12)
FN:156,(anonymous_13)
FN:158,(anonymous_14)
FN:167,(anonymous_15)
FNF:15
FNH:0
FNDA:0,(anonymous_1)
FNDA:0,(anonymous_2)
FNDA:0,(anonymous_3)
FNDA:0,SubmissionResults
FNDA:0,(anonymous_5)
FNDA:0,(anonymous_6)
FNDA:0,(anonymous_7)
FNDA:0,(anonymous_8)
FNDA:0,(anonymous_9)
FNDA:0,(anonymous_10)
FNDA:0,(anonymous_11)
FNDA:0,(anonymous_12)
FNDA:0,(anonymous_13)
FNDA:0,(anonymous_14)
FNDA:0,(anonymous_15)
DA:1,0
DA:2,0
DA:3,0
DA:5,0
DA:6,0
DA:8,0
DA:15,0
DA:22,0
DA:29,0
DA:35,0
DA:40,0
DA:41,0
DA:42,0
DA:49,0
DA:56,0
DA:59,0
DA:67,0
DA:71,0
DA:87,0
DA:88,0
DA:89,0
DA:90,0
DA:91,0
DA:93,0
DA:95,0
DA:96,0
DA:97,0
DA:100,0
DA:101,0
DA:102,0
DA:104,0
DA:106,0
DA:107,0
DA:113,0
DA:115,0
DA:116,0
DA:117,0
DA:118,0
DA:121,0
DA:124,0
DA:143,0
DA:146,0
DA:157,0
DA:158,0
DA:160,0
DA:162,0
DA:168,0
DA:169,0
LF:48
LH:0
BRDA:40,0,0,0
BRDA:41,1,0,0
BRDA:59,2,0,0
BRDA:59,2,1,0
BRDA:67,3,0,0
BRDA:67,3,1,0
BRDA:95,4,0,0
BRDA:96,5,0,0
BRDA:97,6,0,0
BRDA:116,7,0,0
BRDA:130,8,0,0
BRDA:130,8,1,0
BRDA:138,9,0,0
BRDA:138,9,1,0
BRDA:149,10,0,0
BRDA:149,10,1,0
BRDA:156,11,0,0
BRDA:156,11,1,0
BRDA:168,12,0,0
BRDA:178,13,0,0
BRDA:178,13,1,0
BRF:21
BRH:0
end_of_record
TN:
SF:src/components/Testimonials.tsx
FN:25,(anonymous_10)
FN:65,(anonymous_11)
FN:117,(anonymous_12)
FN:119,(anonymous_13)
FN:132,(anonymous_14)
FN:145,(anonymous_15)
FN:146,(anonymous_16)
FN:153,(anonymous_17)
FN:158,(anonymous_18)
FN:163,(anonymous_19)
FN:167,(anonymous_20)
FN:168,(anonymous_21)
FN:182,(anonymous_22)
FN:227,(anonymous_23)
FN:230,(anonymous_24)
FN:243,(anonymous_25)
FN:250,(anonymous_26)
FNF:17
FNH:0
FNDA:0,(anonymous_10)
FNDA:0,(anonymous_11)
FNDA:0,(anonymous_12)
FNDA:0,(anonymous_13)
FNDA:0,(anonymous_14)
FNDA:0,(anonymous_15)
FNDA:0,(anonymous_16)
FNDA:0,(anonymous_17)
FNDA:0,(anonymous_18)
FNDA:0,(anonymous_19)
FNDA:0,(anonymous_20)
FNDA:0,(anonymous_21)
FNDA:0,(anonymous_22)
FNDA:0,(anonymous_23)
FNDA:0,(anonymous_24)
FNDA:0,(anonymous_25)
FNDA:0,(anonymous_26)
DA:1,0
DA:2,0
DA:3,0
DA:4,0
DA:5,0
DA:8,0
DA:9,0
DA:10,0
DA:11,0
DA:12,0
DA:13,0
DA:25,0
DA:34,0
DA:65,0
DA:66,0
DA:106,0
DA:107,0
DA:108,0
DA:110,0
DA:117,0
DA:119,0
DA:120,0
DA:121,0
DA:122,0
DA:125,0
DA:126,0
DA:132,0
DA:133,0
DA:134,0
DA:135,0
DA:138,0
DA:139,0
DA:145,0
DA:146,0
DA:147,0
DA:150,0
DA:151,0
DA:153,0
DA:154,0
DA:158,0
DA:159,0
DA:161,0
DA:163,0
DA:164,0
DA:167,0
DA:168,0
DA:172,0
DA:183,0
DA:228,0
DA:230,0
DA:244,0
DA:245,0
DA:247,0
DA:250,0
DA:269,0
LF:55
LH:0
BRDA:117,0,0,0
BRDA:117,0,1,0
BRDA:120,1,0,0
BRDA:121,2,0,0
BRDA:121,2,1,0
BRDA:133,3,0,0
BRDA:134,4,0,0
BRDA:134,4,1,0
BRDA:159,5,0,0
BRDA:225,6,0,0
BRDA:225,6,1,0
BRDA:234,7,0,0
BRDA:234,7,1,0
BRDA:245,8,0,0
BRDA:245,8,1,0
BRDA:254,9,0,0
BRDA:254,9,1,0
BRF:17
BRH:0
end_of_record
TN:
SF:src/components/TimeCalculator.tsx
FN:7,(anonymous_9)
FN:10,(anonymous_10)
FN:18,(anonymous_11)
FN:22,(anonymous_12)
FN:66,(anonymous_13)
FN:85,(anonymous_14)
FNF:6
FNH:0
FNDA:0,(anonymous_9)
FNDA:0,(anonymous_10)
FNDA:0,(anonymous_11)
FNDA:0,(anonymous_12)
FNDA:0,(anonymous_13)
FNDA:0,(anonymous_14)
DA:1,0
DA:2,0
DA:3,0
DA:4,0
DA:5,0
DA:7,0
DA:8,0
DA:9,0
DA:10,0
DA:13,0
DA:14,0
DA:15,0
DA:16,0
DA:18,0
DA:19,0
DA:22,0
DA:23,0
DA:24,0
DA:26,0
DA:30,0
DA:66,0
DA:85,0
DA:89,0
DA:92,0
LF:24
LH:0
BRDA:23,0,0,0
BRDA:23,0,1,0
BRDA:23,1,0,0
BRDA:23,1,1,0
BRDA:55,2,0,0
BRDA:55,2,1,0
BRF:6
BRH:0
end_of_record
TN:
SF:src/components/UniversityLogos.tsx
FN:8,(anonymous_1)
FN:42,(anonymous_2)
FNF:2
FNH:0
FNDA:0,(anonymous_1)
FNDA:0,(anonymous_2)
DA:2,0
DA:3,0
DA:4,0
DA:5,0
DA:6,0
DA:8,0
DA:9,0
DA:18,0
DA:20,0
DA:43,0
DA:81,0
LF:11
LH:0
BRDA:48,0,0,0
BRDA:48,0,1,0
BRF:2
BRH:0
end_of_record
TN:
SF:src/components/Value.tsx
FN:6,(anonymous_1)
FN:46,(anonymous_2)
FN:70,(anonymous_3)
FNF:3
FNH:0
FNDA:0,(anonymous_1)
FNDA:0,(anonymous_2)
FNDA:0,(anonymous_3)
DA:1,0
DA:2,0
DA:3,0
DA:4,0
DA:6,0
DA:7,0
DA:9,0
DA:33,0
DA:47,0
DA:70,0
DA:105,0
LF:11
LH:0
BRDA:50,0,0,0
BRDA:50,0,1,0
BRDA:54,1,0,0
BRDA:54,1,1,0
BRDA:66,2,0,0
BRDA:66,2,1,0
BRDA:67,3,0,0
BRDA:67,3,1,0
BRDA:70,4,0,0
BRDA:70,4,1,0
BRF:10
BRH:0
end_of_record
TN:
SF:src/components/VocabSuggestion.tsx
FN:26,(anonymous_0)
FN:33,(anonymous_1)
FNF:2
FNH:0
FNDA:0,(anonymous_0)
FNDA:0,(anonymous_1)
DA:1,0
DA:2,0
DA:3,0
DA:26,0
DA:33,0
DA:34,0
DA:36,0
DA:42,0
DA:48,0
DA:54,0
DA:60,0
DA:66,0
DA:72,0
DA:78,0
DA:84,0
DA:92,0
DA:94,0
LF:17
LH:0
BRDA:34,0,0,0
BRDA:34,0,1,0
BRDA:34,0,2,0
BRDA:34,0,3,0
BRDA:34,0,4,0
BRDA:34,0,5,0
BRDA:34,0,6,0
BRDA:34,0,7,0
BRDA:34,0,8,0
BRDA:111,1,0,0
BRDA:111,1,1,0
BRF:11
BRH:0
end_of_record
TN:
SF:src/components/alert-toast.tsx
FN:14,toastAlert
FN:16,(anonymous_1)
FN:21,AlertToast
FN:25,(anonymous_3)
FNF:4
FNH:0
FNDA:0,toastAlert
FNDA:0,(anonymous_1)
FNDA:0,AlertToast
FNDA:0,(anonymous_3)
DA:4,0
DA:5,0
DA:6,0
DA:14,0
DA:15,0
DA:16,0
DA:22,0
DA:24,0
DA:25,0
LF:9
LH:0
BRDA:28,0,0,0
BRDA:28,0,1,0
BRF:2
BRH:0
end_of_record
TN:
SF:src/components/scenario-dashboard.tsx
FN:402,ScenarioDashboard
FN:405,(anonymous_1)
FN:426,(anonymous_2)
FN:436,(anonymous_3)
FN:437,(anonymous_4)
FN:438,(anonymous_5)
FN:484,(anonymous_6)
FNF:7
FNH:0
FNDA:0,ScenarioDashboard
FNDA:0,(anonymous_1)
FNDA:0,(anonymous_2)
FNDA:0,(anonymous_3)
FNDA:0,(anonymous_4)
FNDA:0,(anonymous_5)
FNDA:0,(anonymous_6)
DA:1,0
DA:2,0
DA:3,0
DA:4,0
DA:24,0
DA:402,0
DA:403,0
DA:405,0
DA:406,0
DA:407,0
DA:408,0
DA:409,0
DA:410,0
DA:414,0
DA:427,0
DA:436,0
DA:437,0
DA:438,0
DA:484,0
LF:19
LH:0
BRDA:406,0,0,0
BRDA:406,0,1,0
BRDA:406,0,2,0
BRDA:406,0,3,0
BRDA:430,1,0,0
BRDA:430,1,1,0
BRDA:434,2,0,0
BRDA:434,2,1,0
BRDA:477,3,0,0
BRDA:477,3,1,0
BRDA:493,4,0,0
BRDA:493,4,1,0
BRF:12
BRH:0
end_of_record
TN:
SF:src/components/settings-dropdown.tsx
FN:17,SettingsDropdown
FN:23,(anonymous_1)
FN:34,(anonymous_2)
FN:35,(anonymous_3)
FN:39,(anonymous_4)
FN:44,(anonymous_5)
FN:56,(anonymous_6)
FN:80,(anonymous_7)
FN:85,(anonymous_8)
FN:102,(anonymous_9)
FN:122,(anonymous_10)
FN:125,(anonymous_11)
FNF:12
FNH:0
FNDA:0,SettingsDropdown
FNDA:0,(anonymous_1)
FNDA:0,(anonymous_2)
FNDA:0,(anonymous_3)
FNDA:0,(anonymous_4)
FNDA:0,(anonymous_5)
FNDA:0,(anonymous_6)
FNDA:0,(anonymous_7)
FNDA:0,(anonymous_8)
FNDA:0,(anonymous_9)
FNDA:0,(anonymous_10)
FNDA:0,(anonymous_11)
DA:3,0
DA:4,0
DA:5,0
DA:6,0
DA:7,0
DA:8,0
DA:9,0
DA:17,0
DA:18,0
DA:19,0
DA:20,0
DA:23,0
DA:24,0
DA:27,0
DA:34,0
DA:35,0
DA:39,0
DA:40,0
DA:41,0
DA:44,0
DA:45,0
DA:46,0
DA:47,0
DA:50,0
DA:57,0
DA:58,0
DA:59,0
DA:60,0
DA:80,0
DA:85,0
DA:102,0
DA:123,0
DA:125,0
LF:33
LH:0
BRDA:69,0,0,0
BRDA:69,0,1,0
BRDA:75,1,0,0
BRDA:75,1,1,0
BRDA:108,2,0,0
BRDA:108,2,1,0
BRDA:113,3,0,0
BRDA:113,3,1,0
BRDA:120,4,0,0
BRDA:120,4,1,0
BRDA:128,5,0,0
BRDA:128,5,1,0
BRF:12
BRH:0
end_of_record
TN:
SF:src/components/suggested-responses.tsx
FN:18,SuggestedResponses
FN:38,(anonymous_1)
FN:49,(anonymous_2)
FN:62,(anonymous_3)
FN:65,(anonymous_4)
FN:75,(anonymous_5)
FN:92,(anonymous_6)
FN:98,(anonymous_7)
FN:113,(anonymous_8)
FN:129,(anonymous_9)
FN:151,(anonymous_10)
FN:158,(anonymous_11)
FN:184,(anonymous_12)
FNF:13
FNH:0
FNDA:0,SuggestedResponses
FNDA:0,(anonymous_1)
FNDA:0,(anonymous_2)
FNDA:0,(anonymous_3)
FNDA:0,(anonymous_4)
FNDA:0,(anonymous_5)
FNDA:0,(anonymous_6)
FNDA:0,(anonymous_7)
FNDA:0,(anonymous_8)
FNDA:0,(anonymous_9)
FNDA:0,(anonymous_10)
FNDA:0,(anonymous_11)
FNDA:0,(anonymous_12)
DA:1,0
DA:2,0
DA:3,0
DA:4,0
DA:5,0
DA:18,0
DA:26,0
DA:27,0
DA:28,0
DA:29,0
DA:30,0
DA:31,0
DA:32,0
DA:33,0
DA:34,0
DA:37,0
DA:39,0
DA:40,0
DA:45,0
DA:46,0
DA:49,0
DA:50,0
DA:53,0
DA:54,0
DA:55,0
DA:58,0
DA:62,0
DA:63,0
DA:65,0
DA:66,0
DA:67,0
DA:68,0
DA:69,0
DA:72,0
DA:75,0
DA:76,0
DA:77,0
DA:78,0
DA:79,0
DA:80,0
DA:84,0
DA:91,0
DA:92,0
DA:93,0
DA:98,0
DA:99,0
DA:101,0
DA:102,0
DA:103,0
DA:104,0
DA:106,0
DA:107,0
DA:113,0
DA:114,0
DA:117,0
DA:118,0
DA:119,0
DA:123,0
DA:124,0
DA:129,0
DA:130,0
DA:131,0
DA:132,0
DA:133,0
DA:134,0
DA:137,0
DA:138,0
DA:142,0
DA:143,0
DA:147,0
DA:148,0
DA:151,0
DA:152,0
DA:154,0
DA:155,0
DA:158,0
DA:159,0
DA:160,0
DA:163,0
DA:184,0
LF:80
LH:0
BRDA:37,0,0,0
BRDA:37,0,1,0
BRDA:39,1,0,0
BRDA:39,1,1,0
BRDA:40,2,0,0
BRDA:40,2,1,0
BRDA:50,3,0,0
BRDA:50,3,1,0
BRDA:53,4,0,0
BRDA:53,5,0,0
BRDA:53,5,1,0
BRDA:53,5,2,0
BRDA:63,6,0,0
BRDA:68,7,0,0
BRDA:68,8,0,0
BRDA:68,8,1,0
BRDA:99,9,0,0
BRDA:99,9,1,0
BRDA:99,10,0,0
BRDA:99,10,1,0
BRDA:104,11,0,0
BRDA:104,12,0,0
BRDA:104,12,1,0
BRDA:114,13,0,0
BRDA:114,14,0,0
BRDA:114,14,1,0
BRDA:114,14,2,0
BRDA:117,15,0,0
BRDA:117,16,0,0
BRDA:117,16,1,0
BRDA:137,17,0,0
BRDA:142,18,0,0
BRDA:147,19,0,0
BRDA:147,20,0,0
BRDA:147,20,1,0
BRDA:154,21,0,0
BRDA:154,22,0,0
BRDA:154,22,1,0
BRDA:154,22,2,0
BRDA:187,23,0,0
BRDA:187,23,1,0
BRF:41
BRH:0
end_of_record
TN:
SF:src/components/welcome.tsx
FN:12,(anonymous_0)
FN:20,(anonymous_1)
FN:25,(anonymous_2)
FNF:3
FNH:0
FNDA:0,(anonymous_0)
FNDA:0,(anonymous_1)
FNDA:0,(anonymous_2)
DA:1,0
DA:2,0
DA:3,0
DA:12,0
DA:18,0
DA:20,0
DA:21,0
DA:22,0
DA:25,0
DA:26,0
DA:29,0
LF:11
LH:0
BRDA:32,0,0,0
BRDA:32,0,1,0
BRDA:67,1,0,0
BRDA:67,1,1,0
BRF:4
BRH:0
end_of_record
TN:
SF:src/components/assignment/AssignmentHeader.tsx
FN:16,(anonymous_1)
FNF:1
FNH:0
FNDA:0,(anonymous_1)
DA:1,1
DA:16,1
DA:28,0
DA:58,1
LF:4
LH:3
BRDA:21,0,0,0
BRDA:22,1,0,0
BRDA:23,2,0,0
BRDA:25,3,0,0
BRDA:36,4,0,0
BRDA:36,4,1,0
BRDA:36,4,2,0
BRDA:36,4,3,0
BRDA:40,5,0,0
BRDA:40,5,1,0
BRDA:40,6,0,0
BRDA:40,6,1,0
BRDA:42,7,0,0
BRDA:42,7,1,0
BRF:14
BRH:0
end_of_record
TN:
SF:src/components/assignment/AssignmentOverview.tsx
FN:12,(anonymous_1)
FN:43,(anonymous_2)
FNF:2
FNH:0
FNDA:0,(anonymous_1)
FNDA:0,(anonymous_2)
DA:1,0
DA:2,0
DA:3,0
DA:4,0
DA:12,0
DA:16,0
DA:44,0
DA:73,0
LF:8
LH:0
BRDA:41,0,0,0
BRDA:41,0,1,0
BRF:2
BRH:0
end_of_record
TN:
SF:src/components/assignment/AssignmentPracticeModal.tsx
FN:14,(anonymous_10)
FN:17,(anonymous_11)
FN:33,(anonymous_12)
FN:34,(anonymous_13)
FN:40,(anonymous_14)
FN:48,(anonymous_15)
FN:101,(anonymous_16)
FN:103,(anonymous_17)
FN:116,(anonymous_18)
FN:125,(anonymous_19)
FN:133,(anonymous_20)
FN:155,(anonymous_21)
FN:161,(anonymous_22)
FN:175,(anonymous_23)
FN:180,(anonymous_24)
FN:192,(anonymous_25)
FN:208,(anonymous_26)
FN:259,(anonymous_27)
FN:268,(anonymous_28)
FNF:19
FNH:0
FNDA:0,(anonymous_10)
FNDA:0,(anonymous_11)
FNDA:0,(anonymous_12)
FNDA:0,(anonymous_13)
FNDA:0,(anonymous_14)
FNDA:0,(anonymous_15)
FNDA:0,(anonymous_16)
FNDA:0,(anonymous_17)
FNDA:0,(anonymous_18)
FNDA:0,(anonymous_19)
FNDA:0,(anonymous_20)
FNDA:0,(anonymous_21)
FNDA:0,(anonymous_22)
FNDA:0,(anonymous_23)
FNDA:0,(anonymous_24)
FNDA:0,(anonymous_25)
FNDA:0,(anonymous_26)
FNDA:0,(anonymous_27)
FNDA:0,(anonymous_28)
DA:1,0
DA:2,0
DA:3,0
DA:4,0
DA:5,0
DA:6,0
DA:7,0
DA:8,0
DA:9,0
DA:10,0
DA:11,0
DA:14,0
DA:15,0
DA:16,0
DA:17,0
DA:18,0
DA:20,0
DA:21,0
DA:22,0
DA:23,0
DA:24,0
DA:26,0
DA:27,0
DA:28,0
DA:29,0
DA:31,0
DA:33,0
DA:34,0
DA:35,0
DA:40,0
DA:41,0
DA:42,0
DA:48,0
DA:49,0
DA:50,0
DA:51,0
DA:54,0
DA:55,0
DA:56,0
DA:60,0
DA:68,0
DA:71,0
DA:72,0
DA:73,0
DA:74,0
DA:75,0
DA:76,0
DA:77,0
DA:83,0
DA:91,0
DA:92,0
DA:95,0
DA:96,0
DA:97,0
DA:101,0
DA:102,0
DA:103,0
DA:104,0
DA:106,0
DA:107,0
DA:108,0
DA:110,0
DA:111,0
DA:112,0
DA:116,0
DA:117,0
DA:118,0
DA:119,0
DA:120,0
DA:121,0
DA:122,0
DA:125,0
DA:126,0
DA:127,0
DA:129,0
DA:133,0
DA:134,0
DA:135,0
DA:136,0
DA:146,0
DA:147,0
DA:149,0
DA:153,0
DA:155,0
DA:156,0
DA:157,0
DA:161,0
DA:162,0
DA:163,0
DA:165,0
DA:166,0
DA:168,0
DA:171,0
DA:172,0
DA:175,0
DA:176,0
DA:180,0
DA:181,0
DA:182,0
DA:187,0
DA:188,0
DA:192,0
DA:193,0
DA:194,0
DA:197,0
DA:198,0
DA:199,0
DA:202,0
DA:203,0
DA:204,0
DA:208,0
DA:209,0
DA:211,0
DA:212,0
DA:213,0
DA:216,0
DA:218,0
DA:225,0
DA:226,0
DA:230,0
DA:235,0
DA:243,0
DA:244,0
DA:248,0
DA:249,0
DA:252,0
DA:253,0
DA:255,0
DA:259,0
DA:260,0
DA:261,0
DA:262,0
DA:265,0
DA:267,0
DA:268,0
DA:384,0
LF:136
LH:0
BRDA:41,0,0,0
BRDA:41,1,0,0
BRDA:41,1,1,0
BRDA:41,1,2,0
BRDA:41,1,3,0
BRDA:55,2,0,0
BRDA:68,3,0,0
BRDA:68,3,1,0
BRDA:71,4,0,0
BRDA:71,5,0,0
BRDA:71,5,1,0
BRDA:71,5,2,0
BRDA:73,6,0,0
BRDA:73,7,0,0
BRDA:73,7,1,0
BRDA:75,8,0,0
BRDA:87,9,0,0
BRDA:87,9,1,0
BRDA:96,10,0,0
BRDA:96,10,1,0
BRDA:102,11,0,0
BRDA:106,12,0,0
BRDA:110,13,0,0
BRDA:126,14,0,0
BRDA:126,14,1,0
BRDA:156,15,0,0
BRDA:181,16,0,0
BRDA:193,17,0,0
BRDA:197,18,0,0
BRDA:202,19,0,0
BRDA:209,20,0,0
BRDA:209,21,0,0
BRDA:209,21,1,0
BRDA:225,22,0,0
BRDA:243,23,0,0
BRDA:253,24,0,0
BRDA:253,24,1,0
BRDA:265,25,0,0
BRDA:288,26,0,0
BRDA:288,26,1,0
BRDA:293,27,0,0
BRDA:293,27,1,0
BRDA:302,28,0,0
BRDA:302,28,1,0
BRDA:307,29,0,0
BRDA:307,29,1,0
BRDA:307,29,2,0
BRDA:312,30,0,0
BRDA:312,30,1,0
BRDA:312,30,2,0
BRDA:320,31,0,0
BRDA:320,31,1,0
BRDA:320,31,2,0
BRDA:332,32,0,0
BRDA:332,32,1,0
BRDA:336,33,0,0
BRDA:336,33,1,0
BRDA:336,33,2,0
BRDA:338,34,0,0
BRDA:338,34,1,0
BRDA:351,35,0,0
BRDA:351,35,1,0
BRDA:351,35,2,0
BRDA:354,36,0,0
BRDA:354,36,1,0
BRDA:372,37,0,0
BRDA:372,37,1,0
BRDA:372,37,2,0
BRDA:375,38,0,0
BRDA:375,38,1,0
BRF:70
BRH:0
end_of_record
TN:
SF:src/components/assignment/AudioPlayer.tsx
FN:15,(anonymous_9)
FN:17,(anonymous_10)
FN:23,(anonymous_11)
FN:34,(anonymous_12)
FN:54,(anonymous_13)
FN:59,(anonymous_14)
FN:65,(anonymous_15)
FN:69,(anonymous_16)
FN:73,(anonymous_17)
FN:77,(anonymous_18)
FN:94,(anonymous_19)
FN:162,(anonymous_20)
FN:190,(anonymous_21)
FN:209,(anonymous_22)
FN:213,(anonymous_23)
FN:216,(anonymous_24)
FN:219,(anonymous_25)
FN:223,(anonymous_26)
FN:227,(anonymous_27)
FNF:19
FNH:0
FNDA:0,(anonymous_9)
FNDA:0,(anonymous_10)
FNDA:0,(anonymous_11)
FNDA:0,(anonymous_12)
FNDA:0,(anonymous_13)
FNDA:0,(anonymous_14)
FNDA:0,(anonymous_15)
FNDA:0,(anonymous_16)
FNDA:0,(anonymous_17)
FNDA:0,(anonymous_18)
FNDA:0,(anonymous_19)
FNDA:0,(anonymous_20)
FNDA:0,(anonymous_21)
FNDA:0,(anonymous_22)
FNDA:0,(anonymous_23)
FNDA:0,(anonymous_24)
FNDA:0,(anonymous_25)
FNDA:0,(anonymous_26)
FNDA:0,(anonymous_27)
DA:2,1
DA:3,1
DA:4,1
DA:14,1
DA:16,0
DA:17,0
DA:18,0
DA:19,0
DA:20,0
DA:21,0
DA:23,0
DA:24,0
DA:25,0
DA:27,0
DA:29,0
DA:30,0
DA:31,0
DA:34,0
DA:35,0
DA:36,0
DA:37,0
DA:38,0
DA:39,0
DA:40,0
DA:41,0
DA:44,0
DA:45,0
DA:46,0
DA:47,0
DA:54,0
DA:55,0
DA:56,0
DA:59,0
DA:60,0
DA:61,0
DA:62,0
DA:65,0
DA:66,0
DA:69,0
DA:70,0
DA:73,0
DA:74,0
DA:77,0
DA:78,0
DA:82,0
DA:83,0
DA:84,0
DA:85,0
DA:86,0
DA:87,0
DA:88,0
DA:91,0
DA:94,0
DA:95,0
DA:96,0
DA:97,0
DA:98,0
DA:99,0
DA:100,0
DA:101,0
DA:105,0
DA:106,0
DA:111,0
DA:113,0
DA:163,0
DA:164,0
DA:165,0
DA:166,0
DA:167,0
DA:169,0
DA:170,0
DA:191,0
DA:192,0
DA:193,0
DA:210,0
DA:211,0
DA:214,0
DA:217,0
DA:220,0
DA:221,0
DA:224,0
DA:225,0
DA:228,0
DA:229,0
DA:240,1
LF:85
LH:5
BRDA:24,0,0,0
BRDA:24,1,0,0
BRDA:24,1,1,0
BRDA:24,1,2,0
BRDA:35,2,0,0
BRDA:38,3,0,0
BRDA:44,4,0,0
BRDA:111,5,0,0
BRDA:111,6,0,0
BRDA:111,6,1,0
BRDA:164,7,0,0
BRDA:165,8,0,0
BRDA:165,8,1,0
BRDA:176,9,0,0
BRDA:176,9,1,0
BRDA:192,10,0,0
BRF:16
BRH:0
end_of_record
TN:
SF:src/components/assignment/AudioVisualizer.tsx
FN:8,(anonymous_9)
FN:15,(anonymous_10)
FN:26,(anonymous_11)
FN:72,(anonymous_12)
FN:82,(anonymous_13)
FNF:5
FNH:0
FNDA:0,(anonymous_9)
FNDA:0,(anonymous_10)
FNDA:0,(anonymous_11)
FNDA:0,(anonymous_12)
FNDA:0,(anonymous_13)
DA:1,1
DA:8,1
DA:9,0
DA:10,0
DA:11,0
DA:12,0
DA:13,0
DA:15,0
DA:16,0
DA:17,0
DA:18,0
DA:20,0
DA:21,0
DA:23,0
DA:26,0
DA:27,0
DA:28,0
DA:29,0
DA:30,0
DA:32,0
DA:33,0
DA:34,0
DA:36,0
DA:37,0
DA:39,0
DA:40,0
DA:41,0
DA:44,0
DA:45,0
DA:46,0
DA:49,0
DA:50,0
DA:53,0
DA:54,0
DA:55,0
DA:56,0
DA:59,0
DA:62,0
DA:64,0
DA:66,0
DA:70,0
DA:72,0
DA:73,0
DA:74,0
DA:76,0
DA:77,0
DA:82,0
DA:83,0
DA:85,0
DA:86,0
DA:87,0
DA:89,0
DA:90,0
DA:92,0
DA:94,0
DA:97,0
DA:99,0
DA:100,0
DA:101,0
DA:102,0
DA:103,0
DA:104,0
DA:105,0
DA:107,0
DA:108,0
DA:109,0
DA:110,0
DA:113,0
DA:115,0
DA:119,0
DA:121,0
DA:123,0
DA:125,0
DA:129,0
DA:139,1
LF:75
LH:3
BRDA:16,0,0,0
BRDA:16,1,0,0
BRDA:16,1,1,0
BRDA:17,2,0,0
BRDA:20,3,0,0
BRDA:46,4,0,0
BRDA:46,4,1,0
BRDA:73,5,0,0
BRDA:76,6,0,0
BRDA:83,7,0,0
BRDA:83,8,0,0
BRDA:83,8,1,0
BRDA:83,8,2,0
BRDA:87,9,0,0
BRF:14
BRH:0
end_of_record
TN:
SF:src/components/assignment/CompletionScreen.tsx
FN:10,(anonymous_1)
FNF:1
FNH:0
FNDA:0,(anonymous_1)
DA:1,0
DA:2,0
DA:3,0
DA:10,0
DA:14,0
DA:35,0
LF:6
LH:0
BRF:0
BRH:0
end_of_record
TN:
SF:src/components/assignment/NavigationButton.tsx
FN:22,(anonymous_1)
FN:37,(anonymous_2)
FNF:2
FNH:0
FNDA:0,(anonymous_1)
FNDA:0,(anonymous_2)
DA:2,1
DA:3,1
DA:4,1
DA:22,1
DA:37,0
DA:38,0
DA:39,0
DA:41,0
DA:45,0
DA:49,0
DA:50,0
DA:57,0
DA:58,0
DA:67,0
DA:101,1
LF:15
LH:5
BRDA:27,0,0,0
BRDA:28,1,0,0
BRDA:29,2,0,0
BRDA:30,3,0,0
BRDA:31,4,0,0
BRDA:32,5,0,0
BRDA:38,6,0,0
BRDA:38,6,1,0
BRDA:38,7,0,0
BRDA:38,7,1,0
BRDA:38,7,2,0
BRDA:45,8,0,0
BRDA:45,8,1,0
BRDA:47,9,0,0
BRDA:47,9,1,0
BRDA:47,9,2,0
BRDA:47,9,3,0
BRDA:47,9,4,0
BRDA:47,9,5,0
BRDA:49,10,0,0
BRDA:49,10,1,0
BRDA:50,11,0,0
BRDA:50,11,1,0
BRDA:51,12,0,0
BRDA:51,12,1,0
BRDA:52,13,0,0
BRDA:52,13,1,0
BRDA:54,14,0,0
BRDA:54,14,1,0
BRDA:57,15,0,0
BRDA:71,16,0,0
BRDA:71,16,1,0
BRDA:71,16,2,0
BRDA:71,16,3,0
BRDA:71,16,4,0
BRDA:86,17,0,0
BRDA:86,17,1,0
BRDA:88,18,0,0
BRDA:88,18,1,0
BRDA:91,19,0,0
BRDA:91,19,1,0
BRDA:93,20,0,0
BRDA:93,20,1,0
BRF:43
BRH:0
end_of_record
TN:
SF:src/components/assignment/PartLibrary.tsx
FN:35,(anonymous_9)
FN:53,(anonymous_10)
FN:55,(anonymous_11)
FN:62,(anonymous_12)
FN:71,(anonymous_13)
FN:72,(anonymous_14)
FN:81,(anonymous_15)
FN:90,(anonymous_16)
FN:96,(anonymous_17)
FN:103,(anonymous_18)
FN:123,(anonymous_19)
FN:143,(anonymous_20)
FN:177,(anonymous_21)
FN:190,(anonymous_22)
FN:197,(anonymous_23)
FN:225,(anonymous_24)
FN:255,(anonymous_25)
FN:261,(anonymous_26)
FN:271,(anonymous_27)
FN:277,(anonymous_28)
FN:286,(anonymous_29)
FN:323,(anonymous_30)
FN:346,(anonymous_31)
FN:359,(anonymous_32)
FN:369,(anonymous_33)
FN:425,(anonymous_34)
FN:441,(anonymous_35)
FN:450,(anonymous_36)
FN:484,(anonymous_37)
FNF:29
FNH:2
FNDA:1,(anonymous_9)
FNDA:0,(anonymous_10)
FNDA:0,(anonymous_11)
FNDA:0,(anonymous_12)
FNDA:0,(anonymous_13)
FNDA:0,(anonymous_14)
FNDA:1,(anonymous_15)
FNDA:0,(anonymous_16)
FNDA:0,(anonymous_17)
FNDA:0,(anonymous_18)
FNDA:0,(anonymous_19)
FNDA:0,(anonymous_20)
FNDA:0,(anonymous_21)
FNDA:0,(anonymous_22)
FNDA:0,(anonymous_23)
FNDA:0,(anonymous_24)
FNDA:0,(anonymous_25)
FNDA:0,(anonymous_26)
FNDA:0,(anonymous_27)
FNDA:0,(anonymous_28)
FNDA:0,(anonymous_29)
FNDA:0,(anonymous_30)
FNDA:0,(anonymous_31)
FNDA:0,(anonymous_32)
FNDA:0,(anonymous_33)
FNDA:0,(anonymous_34)
FNDA:0,(anonymous_35)
FNDA:0,(anonymous_36)
FNDA:0,(anonymous_37)
DA:1,1
DA:2,1
DA:3,1
DA:4,1
DA:5,1
DA:6,1
DA:7,1
DA:8,1
DA:9,1
DA:35,1
DA:53,1
DA:54,0
DA:55,0
DA:56,0
DA:57,0
DA:59,0
DA:62,1
DA:63,0
DA:64,0
DA:66,0
DA:70,1
DA:71,0
DA:72,0
DA:76,1
DA:77,1
DA:78,1
DA:81,1
DA:82,1
DA:86,1
DA:87,1
DA:90,1
DA:91,0
DA:92,0
DA:96,1
DA:97,0
DA:98,0
DA:103,1
DA:104,0
DA:105,0
DA:108,0
DA:110,0
DA:112,0
DA:114,0
DA:116,0
DA:118,0
DA:123,1
DA:124,0
DA:125,0
DA:128,0
DA:130,0
DA:132,0
DA:134,0
DA:136,0
DA:138,0
DA:143,1
DA:144,0
DA:145,0
DA:148,0
DA:150,0
DA:152,0
DA:154,0
DA:156,0
DA:158,0
DA:162,1
DA:177,0
DA:190,0
DA:197,0
DA:225,0
DA:256,0
DA:257,0
DA:260,0
DA:262,0
DA:264,0
DA:265,0
DA:266,0
DA:267,0
DA:269,0
DA:273,0
DA:274,0
DA:275,0
DA:277,0
DA:278,0
DA:280,0
DA:281,0
DA:283,0
DA:286,0
DA:287,0
DA:289,0
DA:290,0
DA:292,0
DA:296,0
DA:297,0
DA:298,0
DA:299,0
DA:300,0
DA:301,0
DA:303,0
DA:306,0
DA:325,0
DA:327,0
DA:328,0
DA:329,0
DA:330,0
DA:331,0
DA:332,0
DA:333,0
DA:334,0
DA:335,0
DA:336,0
DA:337,0
DA:340,0
DA:342,0
DA:343,0
DA:346,0
DA:347,0
DA:348,0
DA:349,0
DA:356,0
DA:359,0
DA:360,0
DA:361,0
DA:363,0
DA:366,0
DA:369,0
DA:426,0
DA:427,0
DA:428,0
DA:429,0
DA:430,0
DA:433,0
DA:434,0
DA:435,0
DA:436,0
DA:438,0
DA:441,0
DA:442,0
DA:443,0
DA:447,0
DA:450,0
DA:484,0
DA:495,1
LF:141
LH:27
BRDA:54,0,0,0
BRDA:54,0,1,0
BRDA:56,1,0,0
BRDA:56,1,1,0
BRDA:57,2,0,0
BRDA:57,2,1,0
BRDA:59,3,0,0
BRDA:59,3,1,0
BRDA:59,3,2,0
BRDA:64,4,0,0
BRDA:64,4,1,0
BRDA:66,5,0,0
BRDA:66,5,1,0
BRDA:91,6,0,0
BRDA:97,7,0,0
BRDA:104,8,0,0
BRDA:108,9,0,0
BRDA:108,9,1,0
BRDA:108,9,2,0
BRDA:108,9,3,0
BRDA:108,9,4,0
BRDA:124,10,0,0
BRDA:128,11,0,0
BRDA:128,11,1,0
BRDA:128,11,2,0
BRDA:128,11,3,0
BRDA:128,11,4,0
BRDA:144,12,0,0
BRDA:148,13,0,0
BRDA:148,13,1,0
BRDA:148,13,2,0
BRDA:148,13,3,0
BRDA:148,13,4,0
BRDA:166,14,0,1
BRDA:166,14,1,0
BRDA:168,15,0,1
BRDA:168,15,1,0
BRDA:197,16,0,1
BRDA:197,16,1,1
BRDA:197,17,0,0
BRDA:197,17,1,0
BRDA:225,18,0,1
BRDA:225,18,1,1
BRDA:225,19,0,0
BRDA:225,19,1,0
BRDA:250,20,0,0
BRDA:250,20,1,1
BRDA:254,21,0,0
BRDA:254,21,1,1
BRDA:257,22,0,0
BRDA:257,22,1,0
BRDA:260,23,0,0
BRDA:260,23,1,0
BRDA:264,24,0,0
BRDA:264,24,1,0
BRDA:264,25,0,0
BRDA:264,25,1,0
BRDA:264,25,2,0
BRDA:264,25,3,0
BRDA:266,26,0,0
BRDA:266,27,0,0
BRDA:266,27,1,0
BRDA:274,28,0,0
BRDA:274,28,1,0
BRDA:275,29,0,0
BRDA:275,29,1,0
BRDA:280,30,0,0
BRDA:280,31,0,0
BRDA:280,31,1,0
BRDA:280,31,2,0
BRDA:289,32,0,0
BRDA:289,33,0,0
BRDA:289,33,1,0
BRDA:296,34,0,0
BRDA:296,34,1,0
BRDA:296,35,0,0
BRDA:296,35,1,0
BRDA:298,36,0,0
BRDA:298,36,1,0
BRDA:300,37,0,0
BRDA:325,38,0,0
BRDA:325,39,0,0
BRDA:325,39,1,0
BRDA:343,40,0,0
BRDA:343,40,1,0
BRDA:343,41,0,0
BRDA:343,41,1,0
BRDA:348,42,0,0
BRDA:382,43,0,0
BRDA:382,43,1,0
BRDA:409,44,0,1
BRDA:409,44,1,0
BRDA:418,45,0,0
BRDA:418,45,1,0
BRDA:428,46,0,0
BRDA:428,46,1,0
BRDA:433,47,0,0
BRDA:433,47,1,0
BRDA:435,48,0,0
BRDA:435,48,1,0
BRDA:442,49,0,0
BRDA:453,50,0,0
BRDA:453,50,1,0
BRDA:470,51,0,0
BRDA:470,51,1,0
BRF:105
BRH:9
end_of_record
TN:
SF:src/components/assignment/PrepTimeTimer.tsx
FN:18,(anonymous_1)
FNF:1
FNH:0
FNDA:0,(anonymous_1)
DA:1,0
DA:2,0
DA:3,0
DA:4,0
DA:18,0
DA:29,0
DA:31,0
DA:32,0
DA:34,0
DA:120,0
LF:10
LH:0
BRDA:29,0,0,0
BRDA:31,1,0,0
BRDA:31,1,1,0
BRDA:31,2,0,0
BRDA:31,2,1,0
BRDA:32,3,0,0
BRDA:32,3,1,0
BRDA:37,4,0,0
BRDA:37,4,1,0
BRDA:38,5,0,0
BRDA:38,5,1,0
BRDA:39,6,0,0
BRDA:39,6,1,0
BRDA:45,7,0,0
BRDA:45,7,1,0
BRDA:46,8,0,0
BRDA:46,8,1,0
BRDA:47,9,0,0
BRDA:47,9,1,0
BRDA:51,10,0,0
BRDA:51,10,1,0
BRDA:52,11,0,0
BRDA:52,11,1,0
BRDA:53,12,0,0
BRDA:53,12,1,0
BRDA:59,13,0,0
BRDA:59,13,1,0
BRDA:60,14,0,0
BRDA:60,14,1,0
BRDA:61,15,0,0
BRDA:61,15,1,0
BRDA:64,16,0,0
BRDA:64,16,1,0
BRDA:65,17,0,0
BRDA:65,17,1,0
BRDA:66,18,0,0
BRDA:66,18,1,0
BRDA:72,19,0,0
BRDA:72,19,1,0
BRDA:72,19,2,0
BRDA:75,20,0,0
BRDA:75,20,1,0
BRDA:76,21,0,0
BRDA:76,21,1,0
BRDA:83,22,0,0
BRDA:83,22,1,0
BRDA:93,23,0,0
BRDA:93,23,1,0
BRDA:104,24,0,0
BRDA:104,24,1,0
BRDA:104,24,2,0
BRF:51
BRH:0
end_of_record
TN:
SF:src/components/assignment/QuestionContent.tsx
FN:63,(anonymous_1)
FN:175,(anonymous_2)
FNF:2
FNH:0
FNDA:0,(anonymous_1)
FNDA:0,(anonymous_2)
DA:1,1
DA:3,1
DA:4,1
DA:5,1
DA:6,1
DA:7,1
DA:8,1
DA:9,1
DA:10,1
DA:11,1
DA:12,1
DA:13,1
DA:63,1
DA:102,0
DA:201,1
LF:15
LH:14
BRDA:80,0,0,0
BRDA:82,1,0,0
BRDA:84,2,0,0
BRDA:85,3,0,0
BRDA:86,4,0,0
BRDA:87,5,0,0
BRDA:88,6,0,0
BRDA:90,7,0,0
BRDA:92,8,0,0
BRDA:93,9,0,0
BRDA:96,10,0,0
BRDA:98,11,0,0
BRDA:105,12,0,0
BRDA:105,12,1,0
BRDA:128,13,0,0
BRDA:128,13,1,0
BRDA:128,13,2,0
BRDA:145,14,0,0
BRDA:145,14,1,0
BRDA:145,14,2,0
BRDA:152,15,0,0
BRDA:152,15,1,0
BRDA:152,15,2,0
BRDA:175,16,0,0
BRDA:175,16,1,0
BRF:25
BRH:0
end_of_record
TN:
SF:src/components/assignment/QuestionDisplay.tsx
FN:18,(anonymous_9)
FN:32,(anonymous_10)
FN:65,(anonymous_11)
FN:66,(anonymous_12)
FN:70,(anonymous_13)
FN:91,(anonymous_14)
FN:102,(anonymous_15)
FN:108,(anonymous_16)
FN:109,(anonymous_17)
FN:119,(anonymous_18)
FN:120,(anonymous_19)
FN:169,(anonymous_20)
FN:186,(anonymous_21)
FN:226,(anonymous_22)
FNF:14
FNH:0
FNDA:0,(anonymous_9)
FNDA:0,(anonymous_10)
FNDA:0,(anonymous_11)
FNDA:0,(anonymous_12)
FNDA:0,(anonymous_13)
FNDA:0,(anonymous_14)
FNDA:0,(anonymous_15)
FNDA:0,(anonymous_16)
FNDA:0,(anonymous_17)
FNDA:0,(anonymous_18)
FNDA:0,(anonymous_19)
FNDA:0,(anonymous_20)
FNDA:0,(anonymous_21)
FNDA:0,(anonymous_22)
DA:2,1
DA:3,1
DA:5,1
DA:6,1
DA:7,1
DA:8,1
DA:9,1
DA:18,1
DA:24,0
DA:25,0
DA:26,0
DA:27,0
DA:28,0
DA:29,0
DA:30,0
DA:32,0
DA:34,0
DA:35,0
DA:38,0
DA:39,0
DA:40,0
DA:41,0
DA:44,0
DA:47,0
DA:50,0
DA:51,0
DA:55,0
DA:58,0
DA:61,0
DA:62,0
DA:65,0
DA:66,0
DA:67,0
DA:68,0
DA:70,0
DA:71,0
DA:72,0
DA:75,0
DA:77,0
DA:78,0
DA:79,0
DA:81,0
DA:82,0
DA:83,0
DA:88,0
DA:91,0
DA:92,0
DA:94,0
DA:95,0
DA:97,0
DA:102,0
DA:103,0
DA:104,0
DA:108,0
DA:109,0
DA:110,0
DA:111,0
DA:112,0
DA:113,0
DA:119,0
DA:120,0
DA:121,0
DA:122,0
DA:123,0
DA:128,0
DA:170,0
DA:186,0
DA:226,0
DA:272,1
LF:69
LH:9
BRDA:20,0,0,0
BRDA:21,1,0,0
BRDA:22,2,0,0
BRDA:34,3,0,0
BRDA:34,4,0,0
BRDA:34,4,1,0
BRDA:50,5,0,0
BRDA:50,6,0,0
BRDA:50,6,1,0
BRDA:88,7,0,0
BRDA:88,7,1,0
BRDA:88,7,2,0
BRDA:88,7,3,0
BRDA:92,8,0,0
BRDA:92,8,1,0
BRDA:94,9,0,0
BRDA:94,10,0,0
BRDA:94,10,1,0
BRDA:110,11,0,0
BRDA:121,12,0,0
BRDA:130,13,0,0
BRDA:130,13,1,0
BRDA:139,14,0,0
BRDA:139,14,1,0
BRDA:141,15,0,0
BRDA:141,15,1,0
BRDA:141,16,0,0
BRDA:141,16,1,0
BRDA:151,17,0,0
BRDA:151,17,1,0
BRDA:151,17,2,0
BRDA:151,17,3,0
BRDA:151,17,4,0
BRDA:151,17,5,0
BRDA:176,18,0,0
BRDA:176,18,1,0
BRDA:180,19,0,0
BRDA:180,19,1,0
BRDA:180,19,2,0
BRDA:198,20,0,0
BRDA:198,20,1,0
BRDA:200,21,0,0
BRDA:200,21,1,0
BRDA:200,22,0,0
BRDA:200,22,1,0
BRDA:208,23,0,0
BRDA:208,23,1,0
BRDA:209,24,0,0
BRDA:209,24,1,0
BRDA:221,25,0,0
BRDA:221,25,1,0
BRDA:221,25,2,0
BRDA:221,25,3,0
BRDA:236,26,0,0
BRDA:236,26,1,0
BRDA:238,27,0,0
BRDA:238,27,1,0
BRDA:238,28,0,0
BRDA:238,28,1,0
BRDA:249,29,0,0
BRDA:249,29,1,0
BRDA:249,29,2,0
BRDA:249,29,3,0
BRDA:249,29,4,0
BRDA:249,29,5,0
BRF:65
BRH:0
end_of_record
TN:
SF:src/components/assignment/QuestionNavigation.tsx
FN:12,(anonymous_1)
FN:22,(anonymous_2)
FN:28,(anonymous_3)
FNF:3
FNH:0
FNDA:0,(anonymous_1)
FNDA:0,(anonymous_2)
FNDA:0,(anonymous_3)
DA:1,1
DA:12,1
DA:19,0
DA:23,0
DA:25,0
DA:28,0
DA:50,1
LF:7
LH:3
BRDA:17,0,0,0
BRDA:28,1,0,0
BRDA:28,1,1,0
BRDA:33,2,0,0
BRDA:33,2,1,0
BRDA:35,3,0,0
BRDA:35,3,1,0
BRDA:38,4,0,0
BRDA:38,4,1,0
BRF:9
BRH:0
end_of_record
TN:
SF:src/components/assignment/QuestionProgress.tsx
FN:15,(anonymous_1)
FN:21,(anonymous_2)
FN:25,(anonymous_3)
FNF:3
FNH:0
FNDA:0,(anonymous_1)
FNDA:0,(anonymous_2)
FNDA:0,(anonymous_3)
DA:3,1
DA:15,1
DA:21,0
DA:22,0
DA:25,0
DA:28,0
DA:29,0
DA:30,0
DA:33,0
DA:36,0
DA:38,0
DA:54,1
LF:12
LH:3
BRDA:22,0,0,0
BRDA:22,1,0,0
BRDA:22,1,1,0
BRDA:29,2,0,0
BRDA:44,3,0,0
BRDA:44,3,1,0
BRF:6
BRH:0
end_of_record
TN:
SF:src/components/assignment/QuestionTimer.tsx
FN:11,(anonymous_1)
FNF:1
FNH:0
FNDA:0,(anonymous_1)
DA:3,0
DA:4,0
DA:11,0
DA:15,0
DA:33,0
LF:5
LH:0
BRDA:18,0,0,0
BRDA:18,0,1,0
BRDA:21,1,0,0
BRDA:21,1,1,0
BRDA:23,2,0,0
BRDA:23,2,1,0
BRF:6
BRH:0
end_of_record
TN:
SF:src/components/assignment/RecordingControls.tsx
FN:26,(anonymous_1)
FNF:1
FNH:0
FNDA:0,(anonymous_1)
DA:2,1
DA:3,1
DA:4,1
DA:5,1
DA:6,1
DA:26,1
DA:38,0
DA:117,1
LF:8
LH:7
BRDA:32,0,0,0
BRDA:33,1,0,0
BRDA:34,2,0,0
BRDA:35,3,0,0
BRDA:41,4,0,0
BRDA:41,4,1,0
BRDA:53,5,0,0
BRDA:53,5,1,0
BRDA:59,6,0,0
BRDA:59,6,1,0
BRDA:60,7,0,0
BRDA:60,7,1,0
BRDA:66,8,0,0
BRDA:66,8,1,0
BRDA:66,9,0,0
BRDA:66,9,1,0
BRDA:66,9,2,0
BRDA:69,10,0,0
BRDA:69,10,1,0
BRDA:69,10,2,0
BRDA:72,11,0,0
BRDA:72,11,1,0
BRDA:79,12,0,0
BRDA:79,12,1,0
BRDA:81,13,0,0
BRDA:81,13,1,0
BRDA:83,14,0,0
BRDA:83,14,1,0
BRDA:93,15,0,0
BRDA:93,15,1,0
BRDA:93,15,2,0
BRDA:93,15,3,0
BRDA:93,15,4,0
BRDA:101,16,0,0
BRDA:101,16,1,0
BRF:35
BRH:0
end_of_record
TN:
SF:src/components/auth/GoogleAuthButton.tsx
FN:11,GoogleAuthButton
FN:14,(anonymous_1)
FNF:2
FNH:0
FNDA:0,GoogleAuthButton
FNDA:0,(anonymous_1)
DA:1,0
DA:2,0
DA:3,0
DA:11,0
DA:12,0
DA:14,0
DA:15,0
DA:16,0
DA:17,0
DA:20,0
DA:21,0
DA:22,0
DA:24,0
DA:29,0
DA:30,0
DA:77,0
LF:16
LH:0
BRDA:11,0,0,0
BRDA:21,1,0,0
BRDA:21,1,1,0
BRDA:29,2,0,0
BRDA:48,3,0,0
BRDA:48,3,1,0
BRDA:50,4,0,0
BRDA:50,4,1,0
BRDA:71,5,0,0
BRDA:71,5,1,0
BRDA:103,6,0,0
BRDA:103,6,1,0
BRF:12
BRH:0
end_of_record
TN:
SF:src/components/dev/AssignmentAnalyticsGraph.tsx
FN:44,(anonymous_9)
FN:46,(anonymous_10)
FN:50,(anonymous_11)
FN:53,(anonymous_12)
FN:64,(anonymous_13)
FN:72,(anonymous_14)
FN:82,(anonymous_15)
FN:91,(anonymous_16)
FN:120,(anonymous_17)
FN:123,(anonymous_18)
FN:137,(anonymous_19)
FN:148,(anonymous_20)
FN:149,(anonymous_21)
FN:169,(anonymous_22)
FN:172,(anonymous_23)
FN:187,(anonymous_24)
FN:190,(anonymous_25)
FN:220,(anonymous_26)
FN:221,(anonymous_27)
FN:230,(anonymous_28)
FNF:20
FNH:0
FNDA:0,(anonymous_9)
FNDA:0,(anonymous_10)
FNDA:0,(anonymous_11)
FNDA:0,(anonymous_12)
FNDA:0,(anonymous_13)
FNDA:0,(anonymous_14)
FNDA:0,(anonymous_15)
FNDA:0,(anonymous_16)
FNDA:0,(anonymous_17)
FNDA:0,(anonymous_18)
FNDA:0,(anonymous_19)
FNDA:0,(anonymous_20)
FNDA:0,(anonymous_21)
FNDA:0,(anonymous_22)
FNDA:0,(anonymous_23)
FNDA:0,(anonymous_24)
FNDA:0,(anonymous_25)
FNDA:0,(anonymous_26)
FNDA:0,(anonymous_27)
FNDA:0,(anonymous_28)
DA:1,0
DA:2,0
DA:12,0
DA:33,0
DA:44,0
DA:45,0
DA:46,0
DA:48,0
DA:50,0
DA:53,0
DA:54,0
DA:56,0
DA:57,0
DA:61,0
DA:63,0
DA:64,0
DA:65,0
DA:66,0
DA:67,0
DA:69,0
DA:71,0
DA:72,0
DA:73,0
DA:74,0
DA:76,0
DA:77,0
DA:79,0
DA:81,0
DA:82,0
DA:83,0
DA:84,0
DA:86,0
DA:89,0
DA:91,0
DA:92,0
DA:96,0
DA:98,0
DA:102,0
DA:103,0
DA:104,0
DA:106,0
DA:107,0
DA:108,0
DA:109,0
DA:111,0
DA:115,0
DA:116,0
DA:117,0
DA:120,0
DA:121,0
DA:123,0
DA:124,0
DA:125,0
DA:130,0
DA:137,0
DA:138,0
DA:141,0
DA:144,0
DA:145,0
DA:148,0
DA:149,0
DA:150,0
DA:151,0
DA:152,0
DA:154,0
DA:156,0
DA:160,0
DA:170,0
DA:172,0
DA:188,0
DA:190,0
DA:220,0
DA:222,0
DA:223,0
DA:224,0
DA:225,0
DA:231,0
DA:250,0
LF:78
LH:0
BRDA:61,0,0,0
BRDA:61,0,1,0
BRDA:61,0,2,0
BRDA:96,1,0,0
BRDA:96,1,1,0
BRDA:96,1,2,0
BRDA:121,2,0,0
BRDA:125,3,0,0
BRDA:125,3,1,0
BRDA:125,3,2,0
BRDA:151,4,0,0
BRDA:151,4,1,0
BRDA:174,5,0,0
BRDA:174,5,1,0
BRDA:192,6,0,0
BRDA:192,6,1,0
BRDA:211,7,0,0
BRDA:211,7,1,0
BRDA:212,8,0,0
BRDA:212,8,1,0
BRDA:213,9,0,0
BRDA:213,9,1,0
BRDA:222,10,0,0
BRDA:222,10,1,0
BRDA:222,10,2,0
BRDA:231,11,0,0
BRDA:231,11,1,0
BRF:27
BRH:0
end_of_record
TN:
SF:src/components/dev/AssignmentListModal.tsx
FN:27,(anonymous_9)
FN:40,(anonymous_10)
FN:44,(anonymous_11)
FN:56,(anonymous_12)
FN:61,(anonymous_13)
FN:64,(anonymous_14)
FN:71,(anonymous_15)
FN:78,(anonymous_16)
FN:108,(anonymous_17)
FN:127,(anonymous_18)
FN:135,(anonymous_19)
FN:162,(anonymous_20)
FN:172,(anonymous_21)
FN:196,(anonymous_22)
FN:220,(anonymous_23)
FN:240,(anonymous_24)
FN:259,(anonymous_25)
FNF:17
FNH:0
FNDA:0,(anonymous_9)
FNDA:0,(anonymous_10)
FNDA:0,(anonymous_11)
FNDA:0,(anonymous_12)
FNDA:0,(anonymous_13)
FNDA:0,(anonymous_14)
FNDA:0,(anonymous_15)
FNDA:0,(anonymous_16)
FNDA:0,(anonymous_17)
FNDA:0,(anonymous_18)
FNDA:0,(anonymous_19)
FNDA:0,(anonymous_20)
FNDA:0,(anonymous_21)
FNDA:0,(anonymous_22)
FNDA:0,(anonymous_23)
FNDA:0,(anonymous_24)
FNDA:0,(anonymous_25)
DA:1,0
DA:2,0
DA:3,0
DA:5,0
DA:6,0
DA:7,0
DA:8,0
DA:9,0
DA:27,0
DA:33,0
DA:34,0
DA:35,0
DA:36,0
DA:37,0
DA:39,0
DA:40,0
DA:43,0
DA:44,0
DA:47,0
DA:56,0
DA:57,0
DA:58,0
DA:59,0
DA:62,0
DA:65,0
DA:67,0
DA:71,0
DA:72,0
DA:73,0
DA:74,0
DA:75,0
DA:78,0
DA:79,0
DA:90,0
DA:97,0
DA:99,0
DA:100,0
DA:108,0
DA:109,0
DA:110,0
DA:111,0
DA:116,0
DA:118,0
DA:119,0
DA:127,0
DA:129,0
DA:131,0
DA:132,0
DA:135,0
DA:137,0
DA:139,0
DA:162,0
DA:172,0
DA:197,0
DA:220,0
DA:241,0
DA:259,0
DA:275,0
LF:58
LH:0
BRDA:57,0,0,0
BRDA:57,1,0,0
BRDA:57,1,1,0
BRDA:92,2,0,0
BRDA:92,2,1,0
BRDA:93,3,0,0
BRDA:93,3,1,0
BRDA:137,4,0,0
BRDA:164,5,0,0
BRDA:164,5,1,0
BRDA:174,6,0,0
BRDA:174,6,1,0
BRDA:185,7,0,0
BRDA:185,7,1,0
BRDA:190,8,0,0
BRDA:190,8,1,0
BRDA:194,9,0,0
BRDA:194,9,1,0
BRDA:205,10,0,0
BRDA:205,10,1,0
BRDA:211,11,0,0
BRDA:211,11,1,0
BRDA:223,12,0,0
BRDA:223,12,1,0
BRDA:228,13,0,0
BRDA:228,13,1,0
BRDA:232,14,0,0
BRDA:232,14,1,0
BRF:28
BRH:0
end_of_record
TN:
SF:src/components/dev/PendingReportsTable.tsx
FN:14,(anonymous_9)
FN:28,(anonymous_10)
FN:35,(anonymous_11)
FN:46,(anonymous_12)
FN:51,(anonymous_13)
FN:52,(anonymous_14)
FN:59,(anonymous_15)
FN:61,(anonymous_16)
FN:91,(anonymous_17)
FN:93,(anonymous_18)
FN:93,(anonymous_19)
FN:104,(anonymous_20)
FN:112,(anonymous_21)
FN:117,(anonymous_22)
FN:126,(anonymous_23)
FN:131,(anonymous_24)
FN:137,(anonymous_25)
FN:148,(anonymous_26)
FN:153,(anonymous_27)
FN:157,(anonymous_28)
FN:240,(anonymous_29)
FN:271,(anonymous_30)
FN:336,(anonymous_31)
FN:349,(anonymous_32)
FN:395,(anonymous_33)
FNF:25
FNH:0
FNDA:0,(anonymous_9)
FNDA:0,(anonymous_10)
FNDA:0,(anonymous_11)
FNDA:0,(anonymous_12)
FNDA:0,(anonymous_13)
FNDA:0,(anonymous_14)
FNDA:0,(anonymous_15)
FNDA:0,(anonymous_16)
FNDA:0,(anonymous_17)
FNDA:0,(anonymous_18)
FNDA:0,(anonymous_19)
FNDA:0,(anonymous_20)
FNDA:0,(anonymous_21)
FNDA:0,(anonymous_22)
FNDA:0,(anonymous_23)
FNDA:0,(anonymous_24)
FNDA:0,(anonymous_25)
FNDA:0,(anonymous_26)
FNDA:0,(anonymous_27)
FNDA:0,(anonymous_28)
FNDA:0,(anonymous_29)
FNDA:0,(anonymous_30)
FNDA:0,(anonymous_31)
FNDA:0,(anonymous_32)
FNDA:0,(anonymous_33)
DA:1,0
DA:2,0
DA:3,0
DA:4,0
DA:5,0
DA:6,0
DA:14,0
DA:18,0
DA:19,0
DA:20,0
DA:21,0
DA:22,0
DA:23,0
DA:24,0
DA:25,0
DA:26,0
DA:28,0
DA:29,0
DA:30,0
DA:32,0
DA:33,0
DA:35,0
DA:36,0
DA:38,0
DA:40,0
DA:42,0
DA:46,0
DA:47,0
DA:51,0
DA:52,0
DA:53,0
DA:54,0
DA:59,0
DA:61,0
DA:63,0
DA:64,0
DA:65,0
DA:69,0
DA:70,0
DA:72,0
DA:73,0
DA:75,0
DA:88,0
DA:89,0
DA:91,0
DA:93,0
DA:95,0
DA:98,0
DA:100,0
DA:104,0
DA:105,0
DA:106,0
DA:109,0
DA:112,0
DA:113,0
DA:117,0
DA:118,0
DA:119,0
DA:120,0
DA:121,0
DA:123,0
DA:126,0
DA:127,0
DA:128,0
DA:129,0
DA:131,0
DA:132,0
DA:133,0
DA:137,0
DA:138,0
DA:139,0
DA:140,0
DA:142,0
DA:144,0
DA:145,0
DA:148,0
DA:149,0
DA:150,0
DA:153,0
DA:154,0
DA:157,0
DA:158,0
DA:159,0
DA:160,0
DA:161,0
DA:162,0
DA:164,0
DA:165,0
DA:166,0
DA:167,0
DA:169,0
DA:170,0
DA:174,0
DA:240,0
DA:271,0
DA:337,0
DA:349,0
DA:395,0
DA:415,0
LF:99
LH:0
BRDA:16,0,0,0
BRDA:40,1,0,0
BRDA:40,1,1,0
BRDA:53,2,0,0
BRDA:63,3,0,0
BRDA:88,4,0,0
BRDA:88,4,1,0
BRDA:119,5,0,0
BRDA:127,6,0,0
BRDA:127,6,1,0
BRDA:139,7,0,0
BRDA:139,7,1,0
BRDA:164,8,0,0
BRDA:164,8,1,0
BRDA:166,9,0,0
BRDA:166,9,1,0
BRDA:187,10,0,0
BRDA:187,10,1,0
BRDA:192,11,0,0
BRDA:192,11,1,0
BRDA:201,12,0,0
BRDA:201,12,1,0
BRDA:204,13,0,0
BRDA:204,13,1,0
BRDA:211,14,0,0
BRDA:211,14,1,0
BRDA:217,15,0,0
BRDA:217,15,1,0
BRDA:222,16,0,0
BRDA:222,16,1,0
BRDA:247,17,0,0
BRDA:247,17,1,0
BRDA:268,18,0,0
BRDA:268,18,1,0
BRDA:285,19,0,0
BRDA:285,19,1,0
BRDA:293,20,0,0
BRDA:293,20,1,0
BRDA:295,21,0,0
BRDA:295,21,1,0
BRDA:340,22,0,0
BRDA:340,22,1,0
BRDA:341,23,0,0
BRDA:341,23,1,0
BRDA:342,24,0,0
BRDA:342,24,1,0
BRDA:361,25,0,0
BRDA:361,25,1,0
BRDA:361,25,2,0
BRDA:367,26,0,0
BRDA:367,26,1,0
BRDA:372,27,0,0
BRDA:372,27,1,0
BRDA:378,28,0,0
BRDA:378,28,1,0
BRF:55
BRH:0
end_of_record
TN:
SF:src/components/dev/ProcessedReportsTable.tsx
FN:25,(anonymous_9)
FN:31,(anonymous_10)
FN:36,(anonymous_11)
FN:46,(anonymous_12)
FN:50,(anonymous_13)
FN:58,(anonymous_14)
FN:70,(anonymous_15)
FN:82,(anonymous_16)
FN:83,(anonymous_17)
FN:159,(anonymous_18)
FN:198,(anonymous_19)
FN:208,(anonymous_20)
FNF:12
FNH:0
FNDA:0,(anonymous_9)
FNDA:0,(anonymous_10)
FNDA:0,(anonymous_11)
FNDA:0,(anonymous_12)
FNDA:0,(anonymous_13)
FNDA:0,(anonymous_14)
FNDA:0,(anonymous_15)
FNDA:0,(anonymous_16)
FNDA:0,(anonymous_17)
FNDA:0,(anonymous_18)
FNDA:0,(anonymous_19)
FNDA:0,(anonymous_20)
DA:1,0
DA:2,0
DA:3,0
DA:4,0
DA:5,0
DA:25,0
DA:29,0
DA:31,0
DA:32,0
DA:33,0
DA:36,0
DA:37,0
DA:38,0
DA:39,0
DA:41,0
DA:43,0
DA:46,0
DA:47,0
DA:50,0
DA:51,0
DA:58,0
DA:59,0
DA:70,0
DA:71,0
DA:82,0
DA:83,0
DA:85,0
DA:160,0
DA:198,0
DA:208,0
DA:242,0
LF:31
LH:0
BRDA:38,0,0,0
BRDA:38,0,1,0
BRDA:51,1,0,0
BRDA:51,1,1,0
BRDA:59,2,0,0
BRDA:59,2,1,0
BRDA:71,3,0,0
BRDA:71,3,1,0
BRDA:98,4,0,0
BRDA:98,4,1,0
BRDA:109,5,0,0
BRDA:109,5,1,0
BRDA:124,6,0,0
BRDA:124,6,1,0
BRDA:162,7,0,0
BRDA:162,7,1,0
BRDA:177,8,0,0
BRDA:177,8,1,0
BRDA:182,9,0,0
BRDA:182,9,1,0
BRDA:204,10,0,0
BRDA:204,10,1,0
BRDA:204,10,2,0
BRDA:211,11,0,0
BRDA:211,11,1,0
BRDA:218,12,0,0
BRDA:218,12,1,0
BRDA:218,12,2,0
BRDA:218,12,3,0
BRF:29
BRH:0
end_of_record
TN:
SF:src/components/dev/RedoV2.tsx
FN:5,(anonymous_9)
FN:13,(anonymous_10)
FN:37,(anonymous_11)
FN:41,(anonymous_12)
FN:47,(anonymous_13)
FN:112,(anonymous_14)
FN:132,(anonymous_15)
FN:173,(anonymous_16)
FNF:8
FNH:0
FNDA:0,(anonymous_9)
FNDA:0,(anonymous_10)
FNDA:0,(anonymous_11)
FNDA:0,(anonymous_12)
FNDA:0,(anonymous_13)
FNDA:0,(anonymous_14)
FNDA:0,(anonymous_15)
FNDA:0,(anonymous_16)
DA:1,0
DA:2,0
DA:5,0
DA:6,0
DA:7,0
DA:8,0
DA:9,0
DA:10,0
DA:11,0
DA:13,0
DA:14,0
DA:15,0
DA:16,0
DA:19,0
DA:20,0
DA:21,0
DA:22,0
DA:24,0
DA:25,0
DA:27,0
DA:28,0
DA:31,0
DA:32,0
DA:35,0
DA:37,0
DA:38,0
DA:41,0
DA:42,0
DA:45,0
DA:47,0
DA:49,0
DA:50,0
DA:62,0
DA:63,0
DA:64,0
DA:67,0
DA:70,0
DA:82,0
DA:83,0
DA:84,0
DA:87,0
DA:91,0
DA:93,0
DA:97,0
DA:113,0
DA:114,0
DA:115,0
DA:133,0
DA:134,0
DA:135,0
DA:136,0
DA:174,0
DA:214,0
LF:53
LH:0
BRDA:14,0,0,0
BRDA:27,1,0,0
BRDA:31,2,0,0
BRDA:38,3,0,0
BRDA:38,3,1,0
BRDA:42,4,0,0
BRDA:42,4,1,0
BRDA:42,5,0,0
BRDA:42,5,1,0
BRDA:49,6,0,0
BRDA:49,6,1,0
BRDA:62,7,0,0
BRDA:64,8,0,0
BRDA:64,8,1,0
BRDA:82,9,0,0
BRDA:84,10,0,0
BRDA:84,10,1,0
BRDA:91,11,0,0
BRDA:91,11,1,0
BRDA:145,12,0,0
BRDA:145,12,1,0
BRDA:147,13,0,0
BRDA:147,13,1,0
BRDA:147,14,0,0
BRDA:147,14,1,0
BRDA:152,15,0,0
BRDA:152,15,1,0
BRDA:155,16,0,0
BRDA:155,16,1,0
BRDA:161,17,0,0
BRDA:161,17,1,0
BRDA:167,18,0,0
BRDA:167,18,1,0
BRDA:179,19,0,0
BRDA:179,19,1,0
BRF:35
BRH:0
end_of_record
TN:
SF:src/components/dev/ReportsProcessor.tsx
FN:17,(anonymous_10)
FN:36,(anonymous_11)
FN:37,(anonymous_12)
FN:44,(anonymous_13)
FN:46,(anonymous_14)
FN:50,(anonymous_15)
FN:55,(anonymous_16)
FN:60,(anonymous_17)
FN:75,(anonymous_18)
FN:82,(anonymous_19)
FN:86,(anonymous_20)
FN:90,(anonymous_21)
FN:162,(anonymous_22)
FN:168,(anonymous_23)
FN:171,(anonymous_24)
FN:176,(anonymous_25)
FN:177,(anonymous_26)
FN:177,(anonymous_27)
FN:181,(anonymous_28)
FN:184,(anonymous_29)
FN:188,(anonymous_30)
FN:195,(anonymous_31)
FN:203,(anonymous_32)
FN:214,(anonymous_33)
FN:227,(anonymous_34)
FN:236,(anonymous_35)
FN:242,(anonymous_36)
FN:248,(anonymous_37)
FN:252,(anonymous_38)
FN:255,(anonymous_39)
FN:256,(anonymous_40)
FN:258,(anonymous_41)
FN:262,(anonymous_42)
FN:300,(anonymous_43)
FN:314,(anonymous_44)
FN:330,(anonymous_45)
FN:368,(anonymous_46)
FN:372,(anonymous_47)
FN:383,(anonymous_48)
FNF:39
FNH:0
FNDA:0,(anonymous_10)
FNDA:0,(anonymous_11)
FNDA:0,(anonymous_12)
FNDA:0,(anonymous_13)
FNDA:0,(anonymous_14)
FNDA:0,(anonymous_15)
FNDA:0,(anonymous_16)
FNDA:0,(anonymous_17)
FNDA:0,(anonymous_18)
FNDA:0,(anonymous_19)
FNDA:0,(anonymous_20)
FNDA:0,(anonymous_21)
FNDA:0,(anonymous_22)
FNDA:0,(anonymous_23)
FNDA:0,(anonymous_24)
FNDA:0,(anonymous_25)
FNDA:0,(anonymous_26)
FNDA:0,(anonymous_27)
FNDA:0,(anonymous_28)
FNDA:0,(anonymous_29)
FNDA:0,(anonymous_30)
FNDA:0,(anonymous_31)
FNDA:0,(anonymous_32)
FNDA:0,(anonymous_33)
FNDA:0,(anonymous_34)
FNDA:0,(anonymous_35)
FNDA:0,(anonymous_36)
FNDA:0,(anonymous_37)
FNDA:0,(anonymous_38)
FNDA:0,(anonymous_39)
FNDA:0,(anonymous_40)
FNDA:0,(anonymous_41)
FNDA:0,(anonymous_42)
FNDA:0,(anonymous_43)
FNDA:0,(anonymous_44)
FNDA:0,(anonymous_45)
FNDA:0,(anonymous_46)
FNDA:0,(anonymous_47)
FNDA:0,(anonymous_48)
DA:1,0
DA:2,0
DA:3,0
DA:4,0
DA:5,0
DA:6,0
DA:8,0
DA:9,0
DA:17,0
DA:18,0
DA:19,0
DA:20,0
DA:21,0
DA:22,0
DA:23,0
DA:24,0
DA:25,0
DA:26,0
DA:27,0
DA:28,0
DA:29,0
DA:30,0
DA:32,0
DA:33,0
DA:36,0
DA:37,0
DA:38,0
DA:39,0
DA:44,0
DA:45,0
DA:46,0
DA:47,0
DA:50,0
DA:51,0
DA:55,0
DA:56,0
DA:57,0
DA:60,0
DA:61,0
DA:62,0
DA:64,0
DA:65,0
DA:70,0
DA:72,0
DA:73,0
DA:75,0
DA:78,0
DA:79,0
DA:82,0
DA:83,0
DA:86,0
DA:87,0
DA:90,0
DA:92,0
DA:93,0
DA:97,0
DA:98,0
DA:110,0
DA:111,0
DA:112,0
DA:117,0
DA:129,0
DA:130,0
DA:131,0
DA:135,0
DA:147,0
DA:162,0
DA:163,0
DA:165,0
DA:167,0
DA:168,0
DA:171,0
DA:172,0
DA:175,0
DA:176,0
DA:177,0
DA:181,0
DA:184,0
DA:185,0
DA:186,0
DA:188,0
DA:189,0
DA:191,0
DA:194,0
DA:195,0
DA:198,0
DA:199,0
DA:203,0
DA:204,0
DA:205,0
DA:206,0
DA:209,0
DA:210,0
DA:211,0
DA:214,0
DA:215,0
DA:216,0
DA:217,0
DA:218,0
DA:220,0
DA:221,0
DA:223,0
DA:227,0
DA:228,0
DA:229,0
DA:230,0
DA:231,0
DA:232,0
DA:236,0
DA:237,0
DA:238,0
DA:239,0
DA:242,0
DA:243,0
DA:244,0
DA:245,0
DA:248,0
DA:249,0
DA:252,0
DA:253,0
DA:255,0
DA:256,0
DA:258,0
DA:259,0
DA:262,0
DA:263,0
DA:264,0
DA:265,0
DA:268,0
DA:300,0
DA:314,0
DA:330,0
DA:368,0
DA:373,0
DA:383,0
DA:479,0
LF:136
LH:0
BRDA:38,0,0,0
BRDA:39,1,0,0
BRDA:45,2,0,0
BRDA:45,3,0,0
BRDA:45,3,1,0
BRDA:51,4,0,0
BRDA:64,5,0,0
BRDA:70,6,0,0
BRDA:70,6,1,0
BRDA:72,7,0,0
BRDA:72,8,0,0
BRDA:72,8,1,0
BRDA:78,9,0,0
BRDA:83,10,0,0
BRDA:83,10,1,0
BRDA:87,11,0,0
BRDA:87,11,1,0
BRDA:87,12,0,0
BRDA:87,12,1,0
BRDA:92,13,0,0
BRDA:97,14,0,0
BRDA:97,14,1,0
BRDA:110,15,0,0
BRDA:112,16,0,0
BRDA:112,16,1,0
BRDA:129,17,0,0
BRDA:131,18,0,0
BRDA:131,18,1,0
BRDA:163,19,0,0
BRDA:175,20,0,0
BRDA:186,21,0,0
BRDA:186,21,1,0
BRDA:186,22,0,0
BRDA:186,22,1,0
BRDA:189,23,0,0
BRDA:189,23,1,0
BRDA:210,24,0,0
BRDA:216,25,0,0
BRDA:216,25,1,0
BRDA:218,26,0,0
BRDA:230,27,0,0
BRDA:243,28,0,0
BRDA:279,29,0,0
BRDA:279,29,1,0
BRDA:279,29,2,0
BRDA:285,30,0,0
BRDA:285,30,1,0
BRDA:324,31,0,0
BRDA:324,31,1,0
BRDA:339,32,0,0
BRDA:339,32,1,0
BRDA:347,33,0,0
BRDA:347,33,1,0
BRDA:354,34,0,0
BRDA:354,34,1,0
BRDA:400,35,0,0
BRDA:400,35,1,0
BRDA:404,36,0,0
BRDA:404,36,1,0
BRDA:408,37,0,0
BRDA:408,37,1,0
BRDA:408,37,2,0
BRDA:419,38,0,0
BRDA:419,38,1,0
BRDA:419,38,2,0
BRDA:429,39,0,0
BRDA:429,39,1,0
BRDA:451,40,0,0
BRDA:451,40,1,0
BRDA:456,41,0,0
BRDA:456,41,1,0
BRF:71
BRH:0
end_of_record
TN:
SF:src/components/dev/SubmissionTrendsGraph.tsx
FN:25,(anonymous_9)
FN:27,(anonymous_10)
FN:28,(anonymous_11)
FN:32,(anonymous_12)
FN:39,(anonymous_13)
FN:48,(anonymous_14)
FN:56,(anonymous_15)
FN:66,(anonymous_16)
FN:74,(anonymous_17)
FN:75,(anonymous_18)
FN:76,(anonymous_19)
FN:79,(anonymous_20)
FN:115,(anonymous_21)
FN:125,(anonymous_22)
FN:135,(anonymous_23)
FN:151,(anonymous_24)
FN:152,(anonymous_25)
FN:153,(anonymous_26)
FN:156,(anonymous_27)
FN:175,(anonymous_28)
FN:180,(anonymous_29)
FN:185,(anonymous_30)
FN:195,(anonymous_31)
FN:224,(anonymous_32)
FN:227,(anonymous_33)
FN:274,(anonymous_34)
FN:275,(anonymous_35)
FNF:27
FNH:0
FNDA:0,(anonymous_9)
FNDA:0,(anonymous_10)
FNDA:0,(anonymous_11)
FNDA:0,(anonymous_12)
FNDA:0,(anonymous_13)
FNDA:0,(anonymous_14)
FNDA:0,(anonymous_15)
FNDA:0,(anonymous_16)
FNDA:0,(anonymous_17)
FNDA:0,(anonymous_18)
FNDA:0,(anonymous_19)
FNDA:0,(anonymous_20)
FNDA:0,(anonymous_21)
FNDA:0,(anonymous_22)
FNDA:0,(anonymous_23)
FNDA:0,(anonymous_24)
FNDA:0,(anonymous_25)
FNDA:0,(anonymous_26)
FNDA:0,(anonymous_27)
FNDA:0,(anonymous_28)
FNDA:0,(anonymous_29)
FNDA:0,(anonymous_30)
FNDA:0,(anonymous_31)
FNDA:0,(anonymous_32)
FNDA:0,(anonymous_33)
FNDA:0,(anonymous_34)
FNDA:0,(anonymous_35)
DA:1,0
DA:2,0
DA:12,0
DA:14,0
DA:25,0
DA:26,0
DA:27,0
DA:28,0
DA:29,0
DA:30,0
DA:32,0
DA:33,0
DA:34,0
DA:35,0
DA:39,0
DA:40,0
DA:41,0
DA:45,0
DA:47,0
DA:48,0
DA:49,0
DA:50,0
DA:51,0
DA:53,0
DA:55,0
DA:56,0
DA:57,0
DA:58,0
DA:60,0
DA:61,0
DA:63,0
DA:65,0
DA:66,0
DA:67,0
DA:68,0
DA:70,0
DA:74,0
DA:75,0
DA:76,0
DA:79,0
DA:80,0
DA:89,0
DA:91,0
DA:95,0
DA:96,0
DA:97,0
DA:99,0
DA:100,0
DA:101,0
DA:102,0
DA:104,0
DA:108,0
DA:109,0
DA:110,0
DA:114,0
DA:115,0
DA:116,0
DA:117,0
DA:118,0
DA:121,0
DA:124,0
DA:125,0
DA:126,0
DA:127,0
DA:128,0
DA:131,0
DA:134,0
DA:135,0
DA:136,0
DA:137,0
DA:138,0
DA:141,0
DA:144,0
DA:147,0
DA:151,0
DA:152,0
DA:153,0
DA:156,0
DA:157,0
DA:160,0
DA:162,0
DA:163,0
DA:164,0
DA:166,0
DA:167,0
DA:168,0
DA:170,0
DA:171,0
DA:172,0
DA:175,0
DA:176,0
DA:180,0
DA:181,0
DA:185,0
DA:186,0
DA:190,0
DA:193,0
DA:195,0
DA:196,0
DA:197,0
DA:198,0
DA:199,0
DA:203,0
DA:225,0
DA:227,0
DA:274,0
DA:276,0
DA:277,0
DA:278,0
DA:279,0
DA:337,0
LF:111
LH:0
BRDA:45,0,0,0
BRDA:45,0,1,0
BRDA:45,0,2,0
BRDA:89,1,0,0
BRDA:89,1,1,0
BRDA:89,1,2,0
BRDA:117,2,0,0
BRDA:127,3,0,0
BRDA:137,4,0,0
BRDA:160,5,0,0
BRDA:160,5,1,0
BRDA:160,5,2,0
BRDA:176,6,0,0
BRDA:176,6,1,0
BRDA:181,7,0,0
BRDA:181,7,1,0
BRDA:186,8,0,0
BRDA:186,8,1,0
BRDA:196,9,0,0
BRDA:196,9,1,0
BRDA:196,9,2,0
BRDA:211,10,0,0
BRDA:211,10,1,0
BRDA:213,11,0,0
BRDA:213,11,1,0
BRDA:213,12,0,0
BRDA:213,12,1,0
BRDA:218,13,0,0
BRDA:218,13,1,0
BRDA:218,14,0,0
BRDA:218,14,1,0
BRDA:229,15,0,0
BRDA:229,15,1,0
BRDA:265,16,0,0
BRDA:265,16,1,0
BRDA:266,17,0,0
BRDA:266,17,1,0
BRDA:267,18,0,0
BRDA:267,18,1,0
BRDA:276,19,0,0
BRDA:276,19,1,0
BRDA:276,19,2,0
BRF:42
BRH:0
end_of_record
TN:
SF:src/components/dev/UserGrowthGraph.tsx
FN:23,(anonymous_9)
FN:24,(anonymous_10)
FN:28,(anonymous_11)
FN:37,(anonymous_12)
FN:45,(anonymous_13)
FN:55,(anonymous_14)
FN:63,(anonymous_15)
FN:64,(anonymous_16)
FN:67,(anonymous_17)
FN:102,(anonymous_18)
FN:112,(anonymous_19)
FN:127,(anonymous_20)
FN:128,(anonymous_21)
FN:131,(anonymous_22)
FN:150,(anonymous_23)
FN:156,(anonymous_24)
FN:167,(anonymous_25)
FN:184,(anonymous_26)
FN:187,(anonymous_27)
FN:230,(anonymous_28)
FN:231,(anonymous_29)
FNF:21
FNH:0
FNDA:0,(anonymous_9)
FNDA:0,(anonymous_10)
FNDA:0,(anonymous_11)
FNDA:0,(anonymous_12)
FNDA:0,(anonymous_13)
FNDA:0,(anonymous_14)
FNDA:0,(anonymous_15)
FNDA:0,(anonymous_16)
FNDA:0,(anonymous_17)
FNDA:0,(anonymous_18)
FNDA:0,(anonymous_19)
FNDA:0,(anonymous_20)
FNDA:0,(anonymous_21)
FNDA:0,(anonymous_22)
FNDA:0,(anonymous_23)
FNDA:0,(anonymous_24)
FNDA:0,(anonymous_25)
FNDA:0,(anonymous_26)
FNDA:0,(anonymous_27)
FNDA:0,(anonymous_28)
FNDA:0,(anonymous_29)
DA:1,0
DA:2,0
DA:12,0
DA:23,0
DA:24,0
DA:25,0
DA:28,0
DA:29,0
DA:30,0
DA:34,0
DA:36,0
DA:37,0
DA:38,0
DA:39,0
DA:40,0
DA:42,0
DA:44,0
DA:45,0
DA:46,0
DA:47,0
DA:49,0
DA:50,0
DA:52,0
DA:54,0
DA:55,0
DA:56,0
DA:57,0
DA:59,0
DA:63,0
DA:64,0
DA:67,0
DA:68,0
DA:76,0
DA:78,0
DA:82,0
DA:83,0
DA:84,0
DA:86,0
DA:87,0
DA:88,0
DA:89,0
DA:91,0
DA:95,0
DA:96,0
DA:97,0
DA:101,0
DA:102,0
DA:103,0
DA:104,0
DA:105,0
DA:108,0
DA:111,0
DA:112,0
DA:113,0
DA:114,0
DA:115,0
DA:118,0
DA:120,0
DA:123,0
DA:127,0
DA:128,0
DA:131,0
DA:132,0
DA:135,0
DA:137,0
DA:138,0
DA:139,0
DA:141,0
DA:142,0
DA:143,0
DA:145,0
DA:146,0
DA:147,0
DA:150,0
DA:151,0
DA:156,0
DA:157,0
DA:162,0
DA:165,0
DA:167,0
DA:168,0
DA:169,0
DA:170,0
DA:171,0
DA:175,0
DA:185,0
DA:187,0
DA:230,0
DA:232,0
DA:233,0
DA:234,0
DA:235,0
DA:285,0
LF:93
LH:0
BRDA:34,0,0,0
BRDA:34,0,1,0
BRDA:34,0,2,0
BRDA:63,1,0,0
BRDA:63,1,1,0
BRDA:64,2,0,0
BRDA:64,2,1,0
BRDA:76,3,0,0
BRDA:76,3,1,0
BRDA:76,3,2,0
BRDA:104,4,0,0
BRDA:114,5,0,0
BRDA:127,6,0,0
BRDA:127,6,1,0
BRDA:128,7,0,0
BRDA:128,7,1,0
BRDA:135,8,0,0
BRDA:135,8,1,0
BRDA:135,8,2,0
BRDA:151,9,0,0
BRDA:151,9,1,0
BRDA:151,9,2,0
BRDA:157,10,0,0
BRDA:157,10,1,0
BRDA:157,10,2,0
BRDA:168,11,0,0
BRDA:168,11,1,0
BRDA:168,11,2,0
BRDA:189,12,0,0
BRDA:189,12,1,0
BRDA:221,13,0,0
BRDA:221,13,1,0
BRDA:222,14,0,0
BRDA:222,14,1,0
BRDA:223,15,0,0
BRDA:223,15,1,0
BRDA:232,16,0,0
BRDA:232,16,1,0
BRDA:232,16,2,0
BRF:39
BRH:0
end_of_record
TN:
SF:src/components/practice/PracticePart2Modal.tsx
FN:28,(anonymous_10)
FN:37,(anonymous_11)
FN:49,(anonymous_12)
FN:55,(anonymous_13)
FN:59,(anonymous_14)
FN:63,(anonymous_15)
FN:67,(anonymous_16)
FN:71,(anonymous_17)
FN:75,(anonymous_18)
FN:79,(anonymous_19)
FN:83,(anonymous_20)
FN:87,(anonymous_21)
FN:88,(anonymous_22)
FN:109,(anonymous_23)
FN:135,(anonymous_24)
FN:141,(anonymous_25)
FN:143,(anonymous_26)
FN:154,(anonymous_27)
FN:158,(anonymous_28)
FN:162,(anonymous_29)
FN:163,(anonymous_30)
FN:164,(anonymous_31)
FN:165,(anonymous_32)
FN:177,(anonymous_33)
FN:188,(anonymous_34)
FN:227,(anonymous_35)
FN:237,(anonymous_36)
FN:247,(anonymous_37)
FN:287,(anonymous_38)
FN:300,(anonymous_39)
FN:349,(anonymous_40)
FN:364,(anonymous_41)
FN:374,(anonymous_42)
FN:382,(anonymous_43)
FN:417,(anonymous_44)
FN:428,(anonymous_45)
FN:447,(anonymous_46)
FN:530,(anonymous_47)
FN:535,(anonymous_48)
FNF:39
FNH:0
FNDA:0,(anonymous_10)
FNDA:0,(anonymous_11)
FNDA:0,(anonymous_12)
FNDA:0,(anonymous_13)
FNDA:0,(anonymous_14)
FNDA:0,(anonymous_15)
FNDA:0,(anonymous_16)
FNDA:0,(anonymous_17)
FNDA:0,(anonymous_18)
FNDA:0,(anonymous_19)
FNDA:0,(anonymous_20)
FNDA:0,(anonymous_21)
FNDA:0,(anonymous_22)
FNDA:0,(anonymous_23)
FNDA:0,(anonymous_24)
FNDA:0,(anonymous_25)
FNDA:0,(anonymous_26)
FNDA:0,(anonymous_27)
FNDA:0,(anonymous_28)
FNDA:0,(anonymous_29)
FNDA:0,(anonymous_30)
FNDA:0,(anonymous_31)
FNDA:0,(anonymous_32)
FNDA:0,(anonymous_33)
FNDA:0,(anonymous_34)
FNDA:0,(anonymous_35)
FNDA:0,(anonymous_36)
FNDA:0,(anonymous_37)
FNDA:0,(anonymous_38)
FNDA:0,(anonymous_39)
FNDA:0,(anonymous_40)
FNDA:0,(anonymous_41)
FNDA:0,(anonymous_42)
FNDA:0,(anonymous_43)
FNDA:0,(anonymous_44)
FNDA:0,(anonymous_45)
FNDA:0,(anonymous_46)
FNDA:0,(anonymous_47)
FNDA:0,(anonymous_48)
DA:1,0
DA:2,0
DA:3,0
DA:4,0
DA:5,0
DA:6,0
DA:7,0
DA:8,0
DA:9,0
DA:24,0
DA:25,0
DA:26,0
DA:28,0
DA:29,0
DA:30,0
DA:33,0
DA:34,0
DA:37,0
DA:38,0
DA:39,0
DA:49,0
DA:50,0
DA:51,0
DA:55,0
DA:56,0
DA:59,0
DA:60,0
DA:63,0
DA:64,0
DA:67,0
DA:68,0
DA:71,0
DA:72,0
DA:75,0
DA:76,0
DA:79,0
DA:80,0
DA:83,0
DA:84,0
DA:86,0
DA:87,0
DA:88,0
DA:93,0
DA:101,0
DA:108,0
DA:110,0
DA:111,0
DA:115,0
DA:116,0
DA:117,0
DA:120,0
DA:127,0
DA:128,0
DA:130,0
DA:131,0
DA:136,0
DA:137,0
DA:141,0
DA:143,0
DA:144,0
DA:147,0
DA:150,0
DA:154,0
DA:155,0
DA:158,0
DA:159,0
DA:160,0
DA:162,0
DA:163,0
DA:164,0
DA:165,0
DA:167,0
DA:168,0
DA:169,0
DA:171,0
DA:173,0
DA:177,0
DA:184,0
DA:188,0
DA:195,0
DA:196,0
DA:204,0
DA:207,0
DA:208,0
DA:212,0
DA:213,0
DA:227,0
DA:237,0
DA:247,0
DA:287,0
DA:300,0
DA:301,0
DA:350,0
DA:364,0
DA:374,0
DA:382,0
DA:417,0
DA:418,0
DA:419,0
DA:426,0
DA:429,0
DA:447,0
DA:448,0
DA:536,0
DA:537,0
DA:578,0
DA:598,0
LF:107
LH:0
BRDA:38,0,0,0
BRDA:50,1,0,0
BRDA:50,2,0,0
BRDA:50,2,1,0
BRDA:84,3,0,0
BRDA:84,4,0,0
BRDA:84,4,1,0
BRDA:116,5,0,0
BRDA:123,6,0,0
BRDA:123,6,1,0
BRDA:144,7,0,0
BRDA:144,7,1,0
BRDA:167,8,0,0
BRDA:167,8,1,0
BRDA:167,8,2,0
BRDA:169,9,0,0
BRDA:169,9,1,0
BRDA:171,10,0,0
BRDA:171,10,1,0
BRDA:195,11,0,0
BRDA:207,12,0,0
BRDA:207,13,0,0
BRDA:207,13,1,0
BRDA:212,14,0,0
BRDA:229,15,0,0
BRDA:229,15,1,0
BRDA:239,16,0,0
BRDA:239,16,1,0
BRDA:249,17,0,0
BRDA:249,17,1,0
BRDA:260,18,0,0
BRDA:260,18,1,0
BRDA:268,19,0,0
BRDA:268,19,1,0
BRDA:276,20,0,0
BRDA:276,20,1,0
BRDA:303,21,0,0
BRDA:303,21,1,0
BRDA:327,22,0,0
BRDA:327,22,1,0
BRDA:327,22,2,0
BRDA:356,23,0,0
BRDA:356,23,1,0
BRDA:390,24,0,0
BRDA:390,24,1,0
BRDA:418,25,0,0
BRDA:437,26,0,0
BRDA:437,26,1,0
BRDA:450,27,0,0
BRDA:450,27,1,0
BRDA:488,28,0,0
BRDA:488,28,1,0
BRDA:493,29,0,0
BRDA:493,29,1,0
BRDA:495,30,0,0
BRDA:495,30,1,0
BRDA:500,31,0,0
BRDA:500,31,1,0
BRDA:500,32,0,0
BRDA:500,32,1,0
BRDA:502,33,0,0
BRDA:502,33,1,0
BRDA:511,34,0,0
BRDA:511,34,1,0
BRDA:513,35,0,0
BRDA:513,35,1,0
BRDA:522,36,0,0
BRDA:522,36,1,0
BRDA:559,37,0,0
BRDA:559,37,1,0
BRDA:581,38,0,0
BRDA:581,38,1,0
BRDA:581,39,0,0
BRDA:581,39,1,0
BRDA:585,40,0,0
BRDA:585,40,1,0
BRDA:592,41,0,0
BRDA:592,41,1,0
BRF:78
BRH:0
end_of_record
TN:
SF:src/components/practice/PracticeSessionModal.tsx
FN:71,(anonymous_9)
FN:86,(anonymous_10)
FN:127,(anonymous_11)
FN:130,(anonymous_12)
FN:142,(anonymous_13)
FN:169,(anonymous_14)
FN:175,(anonymous_15)
FN:186,(anonymous_16)
FN:197,(anonymous_17)
FN:211,(anonymous_18)
FN:214,(anonymous_19)
FN:229,(anonymous_20)
FN:236,(anonymous_21)
FN:240,(anonymous_22)
FN:255,(anonymous_23)
FN:266,(anonymous_24)
FN:272,(anonymous_25)
FN:307,(anonymous_26)
FN:361,(anonymous_27)
FN:410,(anonymous_28)
FN:451,(anonymous_29)
FN:464,(anonymous_30)
FN:476,(anonymous_31)
FN:495,(anonymous_32)
FN:499,(anonymous_33)
FN:509,(anonymous_34)
FN:517,(anonymous_35)
FN:533,(anonymous_36)
FN:550,(anonymous_37)
FN:574,(anonymous_38)
FN:582,(anonymous_39)
FN:587,(anonymous_40)
FN:596,(anonymous_41)
FN:607,(anonymous_42)
FN:617,(anonymous_43)
FN:622,(anonymous_44)
FN:666,(anonymous_45)
FN:674,(anonymous_46)
FN:698,(anonymous_47)
FN:712,(anonymous_48)
FN:727,(anonymous_49)
FN:745,(anonymous_50)
FN:786,(anonymous_51)
FN:799,(anonymous_52)
FN:800,(anonymous_53)
FN:808,(anonymous_54)
FN:809,(anonymous_55)
FN:814,(anonymous_56)
FN:815,(anonymous_57)
FN:895,(anonymous_58)
FN:909,(anonymous_59)
FN:913,(anonymous_60)
FN:914,(anonymous_61)
FN:919,(anonymous_62)
FN:919,(anonymous_63)
FN:920,(anonymous_64)
FN:924,(anonymous_65)
FN:925,(anonymous_66)
FN:954,(anonymous_67)
FN:980,(anonymous_68)
FN:981,(anonymous_69)
FN:989,(anonymous_70)
FN:990,(anonymous_71)
FN:995,(anonymous_72)
FN:996,(anonymous_73)
FN:1018,(anonymous_74)
FN:1049,(anonymous_75)
FN:1050,(anonymous_76)
FN:1058,(anonymous_77)
FN:1059,(anonymous_78)
FN:1064,(anonymous_79)
FN:1065,(anonymous_80)
FN:1087,(anonymous_81)
FN:1115,(anonymous_82)
FN:1120,(anonymous_83)
FN:1145,(anonymous_84)
FN:1170,(anonymous_85)
FN:1185,(anonymous_86)
FN:1260,(anonymous_87)
FN:1276,(anonymous_88)
FN:1313,(anonymous_89)
FN:1319,(anonymous_90)
FN:1331,(anonymous_91)
FN:1340,(anonymous_92)
FN:1341,(anonymous_93)
FN:1342,(anonymous_94)
FN:1347,(anonymous_95)
FN:1352,(anonymous_96)
FN:1374,(anonymous_97)
FN:1379,(anonymous_98)
FN:1489,(anonymous_99)
FN:1615,(anonymous_100)
FN:1713,(anonymous_101)
FN:1729,(anonymous_102)
FN:1888,(anonymous_103)
FN:1918,(anonymous_104)
FN:1930,(anonymous_105)
FN:1941,(anonymous_106)
FNF:98
FNH:0
FNDA:0,(anonymous_9)
FNDA:0,(anonymous_10)
FNDA:0,(anonymous_11)
FNDA:0,(anonymous_12)
FNDA:0,(anonymous_13)
FNDA:0,(anonymous_14)
FNDA:0,(anonymous_15)
FNDA:0,(anonymous_16)
FNDA:0,(anonymous_17)
FNDA:0,(anonymous_18)
FNDA:0,(anonymous_19)
FNDA:0,(anonymous_20)
FNDA:0,(anonymous_21)
FNDA:0,(anonymous_22)
FNDA:0,(anonymous_23)
FNDA:0,(anonymous_24)
FNDA:0,(anonymous_25)
FNDA:0,(anonymous_26)
FNDA:0,(anonymous_27)
FNDA:0,(anonymous_28)
FNDA:0,(anonymous_29)
FNDA:0,(anonymous_30)
FNDA:0,(anonymous_31)
FNDA:0,(anonymous_32)
FNDA:0,(anonymous_33)
FNDA:0,(anonymous_34)
FNDA:0,(anonymous_35)
FNDA:0,(anonymous_36)
FNDA:0,(anonymous_37)
FNDA:0,(anonymous_38)
FNDA:0,(anonymous_39)
FNDA:0,(anonymous_40)
FNDA:0,(anonymous_41)
FNDA:0,(anonymous_42)
FNDA:0,(anonymous_43)
FNDA:0,(anonymous_44)
FNDA:0,(anonymous_45)
FNDA:0,(anonymous_46)
FNDA:0,(anonymous_47)
FNDA:0,(anonymous_48)
FNDA:0,(anonymous_49)
FNDA:0,(anonymous_50)
FNDA:0,(anonymous_51)
FNDA:0,(anonymous_52)
FNDA:0,(anonymous_53)
FNDA:0,(anonymous_54)
FNDA:0,(anonymous_55)
FNDA:0,(anonymous_56)
FNDA:0,(anonymous_57)
FNDA:0,(anonymous_58)
FNDA:0,(anonymous_59)
FNDA:0,(anonymous_60)
FNDA:0,(anonymous_61)
FNDA:0,(anonymous_62)
FNDA:0,(anonymous_63)
FNDA:0,(anonymous_64)
FNDA:0,(anonymous_65)
FNDA:0,(anonymous_66)
FNDA:0,(anonymous_67)
FNDA:0,(anonymous_68)
FNDA:0,(anonymous_69)
FNDA:0,(anonymous_70)
FNDA:0,(anonymous_71)
FNDA:0,(anonymous_72)
FNDA:0,(anonymous_73)
FNDA:0,(anonymous_74)
FNDA:0,(anonymous_75)
FNDA:0,(anonymous_76)
FNDA:0,(anonymous_77)
FNDA:0,(anonymous_78)
FNDA:0,(anonymous_79)
FNDA:0,(anonymous_80)
FNDA:0,(anonymous_81)
FNDA:0,(anonymous_82)
FNDA:0,(anonymous_83)
FNDA:0,(anonymous_84)
FNDA:0,(anonymous_85)
FNDA:0,(anonymous_86)
FNDA:0,(anonymous_87)
FNDA:0,(anonymous_88)
FNDA:0,(anonymous_89)
FNDA:0,(anonymous_90)
FNDA:0,(anonymous_91)
FNDA:0,(anonymous_92)
FNDA:0,(anonymous_93)
FNDA:0,(anonymous_94)
FNDA:0,(anonymous_95)
FNDA:0,(anonymous_96)
FNDA:0,(anonymous_97)
FNDA:0,(anonymous_98)
FNDA:0,(anonymous_99)
FNDA:0,(anonymous_100)
FNDA:0,(anonymous_101)
FNDA:0,(anonymous_102)
FNDA:0,(anonymous_103)
FNDA:0,(anonymous_104)
FNDA:0,(anonymous_105)
FNDA:0,(anonymous_106)
DA:1,0
DA:2,0
DA:3,0
DA:4,0
DA:5,0
DA:6,0
DA:7,0
DA:9,0
DA:10,0
DA:11,0
DA:12,0
DA:71,0
DA:77,0
DA:78,0
DA:81,0
DA:82,0
DA:83,0
DA:86,0
DA:87,0
DA:91,0
DA:94,0
DA:95,0
DA:96,0
DA:97,0
DA:100,0
DA:101,0
DA:102,0
DA:103,0
DA:104,0
DA:105,0
DA:106,0
DA:107,0
DA:108,0
DA:109,0
DA:112,0
DA:113,0
DA:116,0
DA:117,0
DA:118,0
DA:121,0
DA:124,0
DA:127,0
DA:130,0
DA:131,0
DA:133,0
DA:134,0
DA:136,0
DA:142,0
DA:169,0
DA:170,0
DA:172,0
DA:175,0
DA:186,0
DA:197,0
DA:211,0
DA:212,0
DA:214,0
DA:218,0
DA:219,0
DA:220,0
DA:221,0
DA:222,0
DA:224,0
DA:226,0
DA:229,0
DA:230,0
DA:232,0
DA:233,0
DA:235,0
DA:236,0
DA:240,0
DA:241,0
DA:247,0
DA:248,0
DA:249,0
DA:251,0
DA:255,0
DA:256,0
DA:257,0
DA:258,0
DA:259,0
DA:260,0
DA:261,0
DA:266,0
DA:267,0
DA:268,0
DA:272,0
DA:273,0
DA:276,0
DA:277,0
DA:280,0
DA:281,0
DA:284,0
DA:285,0
DA:289,0
DA:290,0
DA:294,0
DA:295,0
DA:296,0
DA:297,0
DA:301,0
DA:307,0
DA:308,0
DA:309,0
DA:312,0
DA:313,0
DA:317,0
DA:318,0
DA:322,0
DA:323,0
DA:324,0
DA:328,0
DA:329,0
DA:330,0
DA:331,0
DA:332,0
DA:336,0
DA:337,0
DA:338,0
DA:343,0
DA:344,0
DA:345,0
DA:348,0
DA:351,0
DA:353,0
DA:354,0
DA:361,0
DA:362,0
DA:363,0
DA:364,0
DA:370,0
DA:372,0
DA:373,0
DA:381,0
DA:382,0
DA:383,0
DA:385,0
DA:386,0
DA:387,0
DA:389,0
DA:391,0
DA:392,0
DA:393,0
DA:397,0
DA:398,0
DA:399,0
DA:402,0
DA:403,0
DA:404,0
DA:405,0
DA:408,0
DA:410,0
DA:413,0
DA:415,0
DA:416,0
DA:419,0
DA:423,0
DA:424,0
DA:425,0
DA:428,0
DA:432,0
DA:433,0
DA:434,0
DA:437,0
DA:438,0
DA:450,0
DA:453,0
DA:456,0
DA:459,0
DA:462,0
DA:466,0
DA:469,0
DA:471,0
DA:476,0
DA:477,0
DA:478,0
DA:481,0
DA:484,0
DA:487,0
DA:490,0
DA:495,0
DA:498,0
DA:499,0
DA:500,0
DA:503,0
DA:504,0
DA:509,0
DA:510,0
DA:511,0
DA:517,0
DA:519,0
DA:520,0
DA:521,0
DA:522,0
DA:525,0
DA:526,0
DA:533,0
DA:534,0
DA:538,0
DA:539,0
DA:544,0
DA:545,0
DA:550,0
DA:553,0
DA:566,0
DA:567,0
DA:574,0
DA:576,0
DA:577,0
DA:578,0
DA:582,0
DA:587,0
DA:588,0
DA:590,0
DA:591,0
DA:596,0
DA:597,0
DA:598,0
DA:600,0
DA:608,0
DA:609,0
DA:610,0
DA:611,0
DA:612,0
DA:613,0
DA:614,0
DA:615,0
DA:618,0
DA:622,0
DA:624,0
DA:625,0
DA:626,0
DA:627,0
DA:628,0
DA:631,0
DA:632,0
DA:633,0
DA:639,0
DA:640,0
DA:641,0
DA:644,0
DA:645,0
DA:646,0
DA:648,0
DA:649,0
DA:653,0
DA:655,0
DA:656,0
DA:657,0
DA:658,0
DA:662,0
DA:666,0
DA:667,0
DA:668,0
DA:669,0
DA:674,0
DA:675,0
DA:677,0
DA:678,0
DA:679,0
DA:681,0
DA:682,0
DA:685,0
DA:687,0
DA:689,0
DA:690,0
DA:692,0
DA:693,0
DA:694,0
DA:696,0
DA:698,0
DA:702,0
DA:708,0
DA:709,0
DA:712,0
DA:713,0
DA:714,0
DA:716,0
DA:722,0
DA:723,0
DA:727,0
DA:728,0
DA:729,0
DA:731,0
DA:732,0
DA:734,0
DA:737,0
DA:739,0
DA:741,0
DA:743,0
DA:744,0
DA:745,0
DA:749,0
DA:750,0
DA:751,0
DA:754,0
DA:755,0
DA:756,0
DA:757,0
DA:758,0
DA:761,0
DA:771,0
DA:774,0
DA:778,0
DA:780,0
DA:782,0
DA:786,0
DA:787,0
DA:788,0
DA:790,0
DA:793,0
DA:795,0
DA:796,0
DA:799,0
DA:800,0
DA:801,0
DA:806,0
DA:807,0
DA:808,0
DA:809,0
DA:810,0
DA:814,0
DA:815,0
DA:819,0
DA:822,0
DA:823,0
DA:831,0
DA:832,0
DA:833,0
DA:834,0
DA:837,0
DA:848,0
DA:850,0
DA:851,0
DA:852,0
DA:853,0
DA:856,0
DA:857,0
DA:858,0
DA:859,0
DA:860,0
DA:863,0
DA:875,0
DA:876,0
DA:877,0
DA:878,0
DA:881,0
DA:895,0
DA:896,0
DA:898,0
DA:900,0
DA:902,0
DA:903,0
DA:904,0
DA:907,0
DA:908,0
DA:909,0
DA:910,0
DA:911,0
DA:913,0
DA:914,0
DA:917,0
DA:918,0
DA:919,0
DA:920,0
DA:921,0
DA:924,0
DA:925,0
DA:926,0
DA:932,0
DA:934,0
DA:935,0
DA:942,0
DA:943,0
DA:945,0
DA:946,0
DA:947,0
DA:948,0
DA:949,0
DA:950,0
DA:951,0
DA:952,0
DA:953,0
DA:954,0
DA:955,0
DA:956,0
DA:957,0
DA:958,0
DA:959,0
DA:960,0
DA:965,0
DA:976,0
DA:977,0
DA:980,0
DA:981,0
DA:982,0
DA:987,0
DA:988,0
DA:989,0
DA:990,0
DA:991,0
DA:995,0
DA:996,0
DA:1000,0
DA:1003,0
DA:1004,0
DA:1012,0
DA:1013,0
DA:1016,0
DA:1017,0
DA:1018,0
DA:1019,0
DA:1021,0
DA:1022,0
DA:1023,0
DA:1026,0
DA:1027,0
DA:1032,0
DA:1045,0
DA:1046,0
DA:1049,0
DA:1050,0
DA:1051,0
DA:1056,0
DA:1057,0
DA:1058,0
DA:1059,0
DA:1060,0
DA:1064,0
DA:1065,0
DA:1069,0
DA:1072,0
DA:1073,0
DA:1081,0
DA:1082,0
DA:1085,0
DA:1086,0
DA:1087,0
DA:1088,0
DA:1090,0
DA:1091,0
DA:1092,0
DA:1095,0
DA:1096,0
DA:1101,0
DA:1115,0
DA:1116,0
DA:1120,0
DA:1122,0
DA:1123,0
DA:1124,0
DA:1125,0
DA:1126,0
DA:1129,0
DA:1132,0
DA:1142,0
DA:1145,0
DA:1146,0
DA:1147,0
DA:1148,0
DA:1149,0
DA:1150,0
DA:1151,0
DA:1154,0
DA:1163,0
DA:1166,0
DA:1170,0
DA:1171,0
DA:1173,0
DA:1174,0
DA:1177,0
DA:1178,0
DA:1180,0
DA:1181,0
DA:1184,0
DA:1185,0
DA:1186,0
DA:1189,0
DA:1190,0
DA:1191,0
DA:1194,0
DA:1198,0
DA:1207,0
DA:1210,0
DA:1211,0
DA:1212,0
DA:1213,0
DA:1214,0
DA:1215,0
DA:1216,0
DA:1218,0
DA:1227,0
DA:1228,0
DA:1232,0
DA:1236,0
DA:1238,0
DA:1239,0
DA:1242,0
DA:1251,0
DA:1254,0
DA:1260,0
DA:1262,0
DA:1263,0
DA:1266,0
DA:1269,0
DA:1271,0
DA:1272,0
DA:1276,0
DA:1278,0
DA:1281,0
DA:1282,0
DA:1283,0
DA:1284,0
DA:1285,0
DA:1287,0
DA:1288,0
DA:1289,0
DA:1290,0
DA:1292,0
DA:1293,0
DA:1294,0
DA:1295,0
DA:1298,0
DA:1302,0
DA:1310,0
DA:1313,0
DA:1314,0
DA:1315,0
DA:1316,0
DA:1319,0
DA:1320,0
DA:1322,0
DA:1323,0
DA:1324,0
DA:1325,0
DA:1326,0
DA:1327,0
DA:1328,0
DA:1329,0
DA:1331,0
DA:1334,0
DA:1336,0
DA:1337,0
DA:1338,0
DA:1340,0
DA:1341,0
DA:1342,0
DA:1344,0
DA:1347,0
DA:1348,0
DA:1349,0
DA:1352,0
DA:1353,0
DA:1355,0
DA:1357,0
DA:1358,0
DA:1361,0
DA:1363,0
DA:1365,0
DA:1366,0
DA:1368,0
DA:1369,0
DA:1370,0
DA:1372,0
DA:1374,0
DA:1376,0
DA:1379,0
DA:1380,0
DA:1382,0
DA:1383,0
DA:1384,0
DA:1385,0
DA:1386,0
DA:1388,0
DA:1390,0
DA:1409,0
DA:1410,0
DA:1431,0
DA:1433,0
DA:1434,0
DA:1455,0
DA:1471,0
DA:1472,0
DA:1490,0
DA:1491,0
DA:1493,0
DA:1615,0
DA:1629,0
DA:1630,0
DA:1666,0
DA:1668,0
DA:1714,0
DA:1715,0
DA:1716,0
DA:1719,0
DA:1720,0
DA:1721,0
DA:1722,0
DA:1724,0
DA:1730,0
DA:1731,0
DA:1732,0
DA:1735,0
DA:1736,0
DA:1737,0
DA:1738,0
DA:1740,0
DA:1889,0
DA:1890,0
DA:1919,0
DA:1931,0
DA:1942,0
DA:1988,0
LF:613
LH:0
BRDA:131,0,0,0
BRDA:139,1,0,0
BRDA:139,1,1,0
BRDA:140,2,0,0
BRDA:140,2,1,0
BRDA:145,3,0,0
BRDA:145,3,1,0
BRDA:146,4,0,0
BRDA:146,4,1,0
BRDA:149,5,0,0
BRDA:149,5,1,0
BRDA:150,6,0,0
BRDA:150,6,1,0
BRDA:151,7,0,0
BRDA:151,7,1,0
BRDA:151,8,0,0
BRDA:151,8,1,0
BRDA:151,9,0,0
BRDA:151,9,1,0
BRDA:152,10,0,0
BRDA:152,10,1,0
BRDA:153,11,0,0
BRDA:153,11,1,0
BRDA:170,12,0,0
BRDA:177,13,0,0
BRDA:177,13,1,0
BRDA:184,14,0,0
BRDA:184,14,1,0
BRDA:188,15,0,0
BRDA:188,15,1,0
BRDA:199,16,0,0
BRDA:199,16,1,0
BRDA:212,17,0,0
BRDA:221,18,0,0
BRDA:230,19,0,0
BRDA:230,20,0,0
BRDA:230,20,1,0
BRDA:233,21,0,0
BRDA:236,22,0,0
BRDA:236,22,1,0
BRDA:241,23,0,0
BRDA:251,24,0,0
BRDA:251,24,1,0
BRDA:251,24,2,0
BRDA:256,25,0,0
BRDA:256,26,0,0
BRDA:256,26,1,0
BRDA:276,27,0,0
BRDA:276,28,0,0
BRDA:276,28,1,0
BRDA:280,29,0,0
BRDA:280,30,0,0
BRDA:280,30,1,0
BRDA:280,30,2,0
BRDA:284,31,0,0
BRDA:284,32,0,0
BRDA:284,32,1,0
BRDA:284,32,2,0
BRDA:289,33,0,0
BRDA:289,34,0,0
BRDA:289,34,1,0
BRDA:294,35,0,0
BRDA:294,36,0,0
BRDA:294,36,1,0
BRDA:296,37,0,0
BRDA:312,38,0,0
BRDA:312,39,0,0
BRDA:312,39,1,0
BRDA:317,40,0,0
BRDA:317,41,0,0
BRDA:317,41,1,0
BRDA:317,41,2,0
BRDA:322,42,0,0
BRDA:322,43,0,0
BRDA:322,43,1,0
BRDA:328,44,0,0
BRDA:328,45,0,0
BRDA:328,45,1,0
BRDA:330,46,0,0
BRDA:336,47,0,0
BRDA:343,48,0,0
BRDA:370,49,0,0
BRDA:376,50,0,0
BRDA:376,50,1,0
BRDA:382,51,0,0
BRDA:386,52,0,0
BRDA:386,52,1,0
BRDA:398,53,0,0
BRDA:398,53,1,0
BRDA:399,54,0,0
BRDA:399,54,1,0
BRDA:402,55,0,0
BRDA:402,55,1,0
BRDA:403,56,0,0
BRDA:403,56,1,0
BRDA:404,57,0,0
BRDA:404,57,1,0
BRDA:405,58,0,0
BRDA:405,58,1,0
BRDA:408,59,0,0
BRDA:408,59,1,0
BRDA:408,60,0,0
BRDA:408,60,1,0
BRDA:413,61,0,0
BRDA:413,61,1,0
BRDA:413,62,0,0
BRDA:413,62,1,0
BRDA:423,63,0,0
BRDA:423,63,1,0
BRDA:432,64,0,0
BRDA:432,65,0,0
BRDA:432,65,1,0
BRDA:477,66,0,0
BRDA:477,67,0,0
BRDA:477,67,1,0
BRDA:498,68,0,0
BRDA:498,69,0,0
BRDA:498,69,1,0
BRDA:498,69,2,0
BRDA:503,70,0,0
BRDA:510,71,0,0
BRDA:519,72,0,0
BRDA:521,73,0,0
BRDA:521,73,1,0
BRDA:525,74,0,0
BRDA:534,75,0,0
BRDA:534,75,1,0
BRDA:534,76,0,0
BRDA:534,76,1,0
BRDA:534,76,2,0
BRDA:538,77,0,0
BRDA:538,77,1,0
BRDA:538,78,0,0
BRDA:538,78,1,0
BRDA:540,79,0,0
BRDA:540,79,1,0
BRDA:544,80,0,0
BRDA:544,81,0,0
BRDA:544,81,1,0
BRDA:553,82,0,0
BRDA:553,82,1,0
BRDA:553,82,2,0
BRDA:553,82,3,0
BRDA:553,82,4,0
BRDA:553,82,5,0
BRDA:553,82,6,0
BRDA:553,82,7,0
BRDA:553,82,8,0
BRDA:553,82,9,0
BRDA:553,82,10,0
BRDA:564,83,0,0
BRDA:564,83,1,0
BRDA:566,84,0,0
BRDA:576,85,0,0
BRDA:576,86,0,0
BRDA:576,86,1,0
BRDA:588,87,0,0
BRDA:588,88,0,0
BRDA:588,88,1,0
BRDA:597,89,0,0
BRDA:611,90,0,0
BRDA:611,90,1,0
BRDA:613,91,0,0
BRDA:613,91,1,0
BRDA:614,92,0,0
BRDA:614,92,1,0
BRDA:625,93,0,0
BRDA:625,94,0,0
BRDA:625,94,1,0
BRDA:639,95,0,0
BRDA:639,96,0,0
BRDA:639,96,1,0
BRDA:641,97,0,0
BRDA:641,97,1,0
BRDA:644,98,0,0
BRDA:653,99,0,0
BRDA:653,100,0,0
BRDA:653,100,1,0
BRDA:654,101,0,0
BRDA:654,101,1,0
BRDA:654,102,0,0
BRDA:654,102,1,0
BRDA:657,103,0,0
BRDA:657,103,1,0
BRDA:658,104,0,0
BRDA:658,104,1,0
BRDA:675,105,0,0
BRDA:679,106,0,0
BRDA:679,106,1,0
BRDA:681,107,0,0
BRDA:681,107,1,0
BRDA:681,108,0,0
BRDA:681,108,1,0
BRDA:685,109,0,0
BRDA:685,109,1,0
BRDA:687,110,0,0
BRDA:687,110,1,0
BRDA:689,111,0,0
BRDA:689,111,1,0
BRDA:689,112,0,0
BRDA:689,112,1,0
BRDA:692,113,0,0
BRDA:692,113,1,0
BRDA:694,114,0,0
BRDA:694,114,1,0
BRDA:696,115,0,0
BRDA:708,116,0,0
BRDA:713,117,0,0
BRDA:713,117,1,0
BRDA:728,118,0,0
BRDA:728,118,1,0
BRDA:729,119,0,0
BRDA:729,119,1,0
BRDA:732,120,0,0
BRDA:732,120,1,0
BRDA:739,121,0,0
BRDA:739,121,1,0
BRDA:741,122,0,0
BRDA:741,122,1,0
BRDA:741,123,0,0
BRDA:741,123,1,0
BRDA:744,124,0,0
BRDA:749,125,0,0
BRDA:749,125,1,0
BRDA:755,126,0,0
BRDA:755,127,0,0
BRDA:755,127,1,0
BRDA:780,128,0,0
BRDA:787,129,0,0
BRDA:787,129,1,0
BRDA:788,130,0,0
BRDA:788,130,1,0
BRDA:793,131,0,0
BRDA:793,131,1,0
BRDA:793,132,0,0
BRDA:793,132,1,0
BRDA:795,133,0,0
BRDA:795,133,1,0
BRDA:806,134,0,0
BRDA:806,135,0,0
BRDA:806,135,1,0
BRDA:822,136,0,0
BRDA:822,137,0,0
BRDA:822,137,1,0
BRDA:848,138,0,0
BRDA:848,138,1,0
BRDA:848,139,0,0
BRDA:848,139,1,0
BRDA:857,140,0,0
BRDA:857,141,0,0
BRDA:857,141,1,0
BRDA:900,142,0,0
BRDA:902,143,0,0
BRDA:902,143,1,0
BRDA:902,144,0,0
BRDA:902,144,1,0
BRDA:904,145,0,0
BRDA:904,145,1,0
BRDA:904,146,0,0
BRDA:904,146,1,0
BRDA:908,147,0,0
BRDA:908,148,0,0
BRDA:908,148,1,0
BRDA:910,149,0,0
BRDA:910,149,1,0
BRDA:917,150,0,0
BRDA:917,151,0,0
BRDA:917,151,1,0
BRDA:919,152,0,0
BRDA:919,152,1,0
BRDA:925,153,0,0
BRDA:934,154,0,0
BRDA:934,155,0,0
BRDA:934,155,1,0
BRDA:948,156,0,0
BRDA:948,157,0,0
BRDA:948,157,1,0
BRDA:949,158,0,0
BRDA:949,158,1,0
BRDA:951,159,0,0
BRDA:951,159,1,0
BRDA:955,160,0,0
BRDA:976,161,0,0
BRDA:976,161,1,0
BRDA:987,162,0,0
BRDA:987,163,0,0
BRDA:987,163,1,0
BRDA:1003,164,0,0
BRDA:1003,165,0,0
BRDA:1003,165,1,0
BRDA:1017,166,0,0
BRDA:1021,167,0,0
BRDA:1021,167,1,0
BRDA:1045,168,0,0
BRDA:1045,168,1,0
BRDA:1056,169,0,0
BRDA:1056,170,0,0
BRDA:1056,170,1,0
BRDA:1072,171,0,0
BRDA:1072,172,0,0
BRDA:1072,172,1,0
BRDA:1086,173,0,0
BRDA:1090,174,0,0
BRDA:1090,174,1,0
BRDA:1146,175,0,0
BRDA:1146,175,1,0
BRDA:1146,176,0,0
BRDA:1146,176,1,0
BRDA:1171,177,0,0
BRDA:1173,178,0,0
BRDA:1173,178,1,0
BRDA:1177,179,0,0
BRDA:1177,179,1,0
BRDA:1178,180,0,0
BRDA:1178,180,1,0
BRDA:1190,181,0,0
BRDA:1190,181,1,0
BRDA:1210,182,0,0
BRDA:1210,183,0,0
BRDA:1210,183,1,0
BRDA:1210,183,2,0
BRDA:1212,184,0,0
BRDA:1212,185,0,0
BRDA:1212,185,1,0
BRDA:1236,186,0,0
BRDA:1236,186,1,0
BRDA:1271,187,0,0
BRDA:1278,188,0,0
BRDA:1278,188,1,0
BRDA:1282,189,0,0
BRDA:1282,189,1,0
BRDA:1285,190,0,0
BRDA:1292,191,0,0
BRDA:1292,192,0,0
BRDA:1292,192,1,0
BRDA:1293,193,0,0
BRDA:1293,193,1,0
BRDA:1294,194,0,0
BRDA:1294,194,1,0
BRDA:1320,195,0,0
BRDA:1323,196,0,0
BRDA:1323,196,1,0
BRDA:1324,197,0,0
BRDA:1324,197,1,0
BRDA:1325,198,0,0
BRDA:1325,198,1,0
BRDA:1326,199,0,0
BRDA:1326,199,1,0
BRDA:1328,200,0,0
BRDA:1328,200,1,0
BRDA:1329,201,0,0
BRDA:1334,202,0,0
BRDA:1353,203,0,0
BRDA:1355,204,0,0
BRDA:1355,204,1,0
BRDA:1357,205,0,0
BRDA:1357,205,1,0
BRDA:1357,206,0,0
BRDA:1357,206,1,0
BRDA:1361,207,0,0
BRDA:1361,207,1,0
BRDA:1363,208,0,0
BRDA:1363,208,1,0
BRDA:1365,209,0,0
BRDA:1365,209,1,0
BRDA:1365,210,0,0
BRDA:1365,210,1,0
BRDA:1368,211,0,0
BRDA:1368,211,1,0
BRDA:1370,212,0,0
BRDA:1370,212,1,0
BRDA:1372,213,0,0
BRDA:1380,214,0,0
BRDA:1383,215,0,0
BRDA:1383,215,1,0
BRDA:1385,216,0,0
BRDA:1391,217,0,0
BRDA:1391,217,1,0
BRDA:1393,218,0,0
BRDA:1393,218,1,0
BRDA:1399,219,0,0
BRDA:1399,219,1,0
BRDA:1400,220,0,0
BRDA:1400,220,1,0
BRDA:1409,221,0,0
BRDA:1431,222,0,0
BRDA:1431,223,0,0
BRDA:1431,223,1,0
BRDA:1433,224,0,0
BRDA:1433,225,0,0
BRDA:1433,225,1,0
BRDA:1471,226,0,0
BRDA:1471,227,0,0
BRDA:1471,227,1,0
BRDA:1471,227,2,0
BRDA:1491,228,0,0
BRDA:1518,229,0,0
BRDA:1518,229,1,0
BRDA:1519,230,0,0
BRDA:1519,230,1,0
BRDA:1520,231,0,0
BRDA:1520,231,1,0
BRDA:1520,232,0,0
BRDA:1520,232,1,0
BRDA:1523,233,0,0
BRDA:1523,233,1,0
BRDA:1525,234,0,0
BRDA:1525,234,1,0
BRDA:1525,235,0,0
BRDA:1525,235,1,0
BRDA:1532,236,0,0
BRDA:1532,236,1,0
BRDA:1552,237,0,0
BRDA:1552,237,1,0
BRDA:1576,238,0,0
BRDA:1576,238,1,0
BRDA:1590,239,0,0
BRDA:1590,239,1,0
BRDA:1604,240,0,0
BRDA:1604,240,1,0
BRDA:1629,241,0,0
BRDA:1672,242,0,0
BRDA:1672,242,1,0
BRDA:1679,243,0,0
BRDA:1679,243,1,0
BRDA:1680,244,0,0
BRDA:1680,244,1,0
BRDA:1683,245,0,0
BRDA:1683,245,1,0
BRDA:1695,246,0,0
BRDA:1695,246,1,0
BRDA:1696,247,0,0
BRDA:1696,247,1,0
BRDA:1699,248,0,0
BRDA:1699,248,1,0
BRDA:1700,249,0,0
BRDA:1700,249,1,0
BRDA:1700,250,0,0
BRDA:1700,250,1,0
BRDA:1701,251,0,0
BRDA:1701,251,1,0
BRDA:1702,252,0,0
BRDA:1702,252,1,0
BRDA:1705,253,0,0
BRDA:1705,253,1,0
BRDA:1706,254,0,0
[...]
DA:8,0
DA:9,0
DA:10,0
DA:11,0
DA:12,0
DA:13,0
DA:15,0
DA:16,0
DA:17,0
DA:18,0
DA:19,0
DA:21,0
DA:22,0
DA:23,0
DA:24,0
DA:26,0
DA:27,0
DA:28,0
DA:29,0
DA:32,0
DA:34,0
DA:35,0
DA:36,0
DA:37,0
DA:42,0
DA:43,0
DA:46,0
DA:47,0
DA:48,0
DA:53,0
DA:56,0
DA:57,0
DA:58,0
DA:60,0
DA:70,0
DA:72,0
DA:78,0
DA:80,0
DA:86,0
DA:90,0
DA:91,0
DA:97,0
DA:106,0
DA:113,0
DA:146,0
DA:165,0
DA:189,0
DA:232,0
DA:252,0
DA:268,0
DA:281,0
DA:318,0
LF:59
LH:0
BRDA:35,0,0,0
BRDA:35,1,0,0
BRDA:35,1,1,0
BRDA:47,2,0,0
BRDA:47,3,0,0
BRDA:47,3,1,0
BRDA:47,3,2,0
BRDA:62,4,0,0
BRDA:62,4,1,0
BRDA:66,5,0,0
BRDA:66,5,1,0
BRDA:82,6,0,0
BRDA:82,6,1,0
BRDA:90,7,0,0
BRDA:151,8,0,0
BRDA:151,8,1,0
BRDA:152,9,0,0
BRDA:152,9,1,0
BRDA:153,10,0,0
BRDA:153,10,1,0
BRDA:160,11,0,0
BRDA:160,11,1,0
BRDA:160,11,2,0
BRDA:211,12,0,0
BRDA:211,12,1,0
BRDA:212,13,0,0
BRDA:212,13,1,0
BRDA:213,14,0,0
BRDA:213,14,1,0
BRDA:218,15,0,0
BRDA:218,15,1,0
BRDA:222,16,0,0
BRDA:222,16,1,0
BRDA:226,17,0,0
BRDA:226,17,1,0
BRDA:239,18,0,0
BRDA:239,18,1,0
BRDA:244,19,0,0
BRDA:244,19,1,0
BRDA:244,19,2,0
BRDA:244,19,3,0
BRDA:292,20,0,0
BRDA:292,20,1,0
BRDA:296,21,0,0
BRDA:296,21,1,0
BRDA:304,22,0,0
BRDA:304,22,1,0
BRDA:304,22,2,0
BRDA:307,23,0,0
BRDA:307,23,1,0
BRF:50
BRH:0
end_of_record
TN:
SF:src/pages/teacher/SubscriptionSuccessPage.tsx
FN:14,SubscriptionSuccessPage
FN:18,(anonymous_1)
FN:19,(anonymous_2)
FN:24,(anonymous_3)
FN:36,(anonymous_4)
FN:49,(anonymous_5)
FN:61,(anonymous_6)
FN:114,(anonymous_7)
FN:121,(anonymous_8)
FN:137,(anonymous_9)
FNF:10
FNH:0
FNDA:0,SubscriptionSuccessPage
FNDA:0,(anonymous_1)
FNDA:0,(anonymous_2)
FNDA:0,(anonymous_3)
FNDA:0,(anonymous_4)
FNDA:0,(anonymous_5)
FNDA:0,(anonymous_6)
FNDA:0,(anonymous_7)
FNDA:0,(anonymous_8)
FNDA:0,(anonymous_9)
DA:6,0
DA:7,0
DA:8,0
DA:9,0
DA:10,0
DA:11,0
DA:12,0
DA:14,0
DA:15,0
DA:16,0
DA:17,0
DA:18,0
DA:19,0
DA:21,0
DA:22,0
DA:24,0
DA:25,0
DA:26,0
DA:27,0
DA:30,0
DA:31,0
DA:32,0
DA:36,0
DA:37,0
DA:38,0
DA:40,0
DA:45,0
DA:47,0
DA:49,0
DA:50,0
DA:51,0
DA:53,0
DA:54,0
DA:55,0
DA:57,0
DA:58,0
DA:61,0
DA:65,0
DA:67,0
DA:114,0
DA:121,0
DA:137,0
LF:42
LH:0
BRDA:25,0,0,0
BRDA:30,1,0,0
BRDA:51,2,0,0
BRDA:72,3,0,0
BRDA:72,3,1,0
BRDA:96,4,0,0
BRDA:96,4,1,0
BRDA:101,5,0,0
BRDA:101,5,1,0
BRDA:102,6,0,0
BRDA:102,6,1,0
BRDA:131,7,0,0
BRDA:131,7,1,0
BRDA:148,8,0,0
BRDA:148,8,1,0
BRF:15
BRH:0
end_of_record
TN:
SF:src/pages/teacher/SubscriptionsPage.tsx
FN:28,SubscriptionsPage
FN:31,(anonymous_1)
FN:33,(anonymous_2)
FN:42,(anonymous_3)
FN:52,(anonymous_4)
FN:58,(anonymous_5)
FN:87,(anonymous_6)
FN:108,(anonymous_7)
FN:127,(anonymous_8)
FN:157,(anonymous_9)
FN:195,(anonymous_10)
FN:229,(anonymous_11)
FN:269,(anonymous_12)
FN:284,(anonymous_13)
FN:319,(anonymous_14)
FN:420,(anonymous_15)
FNF:16
FNH:0
FNDA:0,SubscriptionsPage
FNDA:0,(anonymous_1)
FNDA:0,(anonymous_2)
FNDA:0,(anonymous_3)
FNDA:0,(anonymous_4)
FNDA:0,(anonymous_5)
FNDA:0,(anonymous_6)
FNDA:0,(anonymous_7)
FNDA:0,(anonymous_8)
FNDA:0,(anonymous_9)
FNDA:0,(anonymous_10)
FNDA:0,(anonymous_11)
FNDA:0,(anonymous_12)
FNDA:0,(anonymous_13)
FNDA:0,(anonymous_14)
FNDA:0,(anonymous_15)
DA:6,0
DA:7,0
DA:8,0
DA:9,0
DA:16,0
DA:17,0
DA:18,0
DA:19,0
DA:20,0
DA:21,0
DA:22,0
DA:23,0
DA:24,0
DA:25,0
DA:28,0
DA:29,0
DA:30,0
DA:31,0
DA:32,0
DA:33,0
DA:36,0
DA:37,0
DA:38,0
DA:39,0
DA:40,0
DA:42,0
DA:43,0
DA:44,0
DA:45,0
DA:49,0
DA:52,0
DA:53,0
DA:54,0
DA:58,0
DA:63,0
DA:65,0
DA:66,0
DA:79,0
DA:87,0
DA:88,0
DA:90,0
DA:91,0
DA:100,0
DA:108,0
DA:109,0
DA:110,0
DA:113,0
DA:115,0
DA:116,0
DA:119,0
DA:123,0
DA:127,0
DA:128,0
DA:129,0
DA:131,0
DA:132,0
DA:139,0
DA:144,0
DA:147,0
DA:149,0
DA:157,0
DA:158,0
DA:160,0
DA:161,0
DA:168,0
DA:173,0
DA:176,0
DA:178,0
DA:186,0
DA:188,0
DA:195,0
DA:229,0
DA:269,0
DA:284,0
DA:320,0
DA:322,0
DA:323,0
DA:421,0
DA:422,0
LF:79
LH:0
BRDA:39,0,0,0
BRDA:39,0,1,0
BRDA:43,1,0,0
BRDA:53,2,0,0
BRDA:63,3,0,0
BRDA:81,4,0,0
BRDA:81,4,1,0
BRDA:88,5,0,0
BRDA:102,6,0,0
BRDA:102,6,1,0
BRDA:109,7,0,0
BRDA:109,7,1,0
BRDA:110,8,0,0
BRDA:110,9,0,0
BRDA:110,9,1,0
BRDA:113,10,0,0
BRDA:113,10,1,0
BRDA:113,11,0,0
BRDA:113,11,1,0
BRDA:128,12,0,0
BRDA:128,12,1,0
BRDA:129,13,0,0
BRDA:129,14,0,0
BRDA:129,14,1,0
BRDA:129,14,2,0
BRDA:151,15,0,0
BRDA:151,15,1,0
BRDA:158,16,0,0
BRDA:180,17,0,0
BRDA:180,17,1,0
BRDA:208,18,0,0
BRDA:208,18,1,0
BRDA:208,19,0,0
BRDA:208,19,1,0
BRDA:217,20,0,0
BRDA:217,20,1,0
BRDA:226,21,0,0
BRDA:226,21,1,0
BRDA:228,22,0,0
BRDA:228,22,1,0
BRDA:243,23,0,0
BRDA:243,23,1,0
BRDA:244,24,0,0
BRDA:244,24,1,0
BRDA:245,25,0,0
BRDA:245,25,1,0
BRDA:251,26,0,0
BRDA:251,26,1,0
BRDA:252,27,0,0
BRDA:252,27,1,0
BRDA:253,28,0,0
BRDA:253,28,1,0
BRDA:259,29,0,0
BRDA:259,29,1,0
BRDA:288,30,0,0
BRDA:288,30,1,0
BRDA:322,31,0,0
BRDA:322,32,0,0
BRDA:322,32,1,0
BRDA:323,33,0,0
BRDA:323,33,1,0
BRDA:334,34,0,0
BRDA:334,34,1,0
BRDA:334,34,2,0
BRDA:356,35,0,0
BRDA:356,35,1,0
BRDA:362,36,0,0
BRDA:362,36,1,0
BRDA:367,37,0,0
BRDA:367,37,1,0
BRDA:377,38,0,0
BRDA:377,38,1,0
BRDA:377,39,0,0
BRDA:377,39,1,0
BRDA:377,39,2,0
BRDA:381,40,0,0
BRDA:381,40,1,0
BRDA:393,41,0,0
BRDA:393,41,1,0
BRDA:396,42,0,0
BRDA:396,42,1,0
BRDA:396,43,0,0
BRDA:396,43,1,0
BRDA:397,44,0,0
BRDA:397,44,1,0
BRDA:398,45,0,0
BRDA:398,45,1,0
BRDA:398,46,0,0
BRDA:398,46,1,0
BRDA:398,46,2,0
BRDA:404,47,0,0
BRDA:404,47,1,0
BRDA:404,48,0,0
BRDA:404,48,1,0
BRDA:404,48,2,0
BRDA:411,49,0,0
BRDA:411,49,1,0
BRDA:412,50,0,0
BRDA:412,50,1,0
BRDA:412,51,0,0
BRDA:412,51,1,0
BRDA:412,51,2,0
BRDA:431,52,0,0
BRDA:431,52,1,0
BRDA:451,53,0,0
BRDA:451,53,1,0
BRDA:463,54,0,0
BRDA:463,54,1,0
BRF:108
BRH:0
end_of_record
TN:
SF:src/pages/teacher/UsagePage.tsx
FN:22,(anonymous_9)
FN:25,(anonymous_10)
FN:26,(anonymous_11)
FN:31,(anonymous_12)
FN:37,(anonymous_13)
FN:81,(anonymous_14)
FN:85,(anonymous_15)
FN:180,(anonymous_16)
FN:181,(anonymous_17)
FNF:9
FNH:0
FNDA:0,(anonymous_9)
FNDA:0,(anonymous_10)
FNDA:0,(anonymous_11)
FNDA:0,(anonymous_12)
FNDA:0,(anonymous_13)
FNDA:0,(anonymous_14)
FNDA:0,(anonymous_15)
FNDA:0,(anonymous_16)
FNDA:0,(anonymous_17)
DA:1,0
DA:2,0
DA:3,0
DA:4,0
DA:5,0
DA:6,0
DA:7,0
DA:8,0
DA:22,0
DA:23,0
DA:24,0
DA:25,0
DA:26,0
DA:27,0
DA:28,0
DA:29,0
DA:31,0
DA:32,0
DA:33,0
DA:34,0
DA:37,0
DA:38,0
DA:39,0
DA:41,0
DA:45,0
DA:47,0
DA:48,0
DA:50,0
DA:54,0
DA:57,0
DA:58,0
DA:69,0
DA:70,0
DA:81,0
DA:82,0
DA:85,0
DA:86,0
DA:87,0
DA:88,0
DA:89,0
DA:90,0
DA:91,0
DA:92,0
DA:93,0
DA:95,0
DA:98,0
DA:180,0
DA:181,0
DA:227,0
LF:49
LH:0
BRDA:32,0,0,0
BRDA:57,1,0,0
BRDA:69,2,0,0
BRDA:69,3,0,0
BRDA:69,3,1,0
BRDA:74,4,0,0
BRDA:74,4,1,0
BRDA:91,5,0,0
BRDA:91,5,1,0
BRDA:92,6,0,0
BRDA:104,7,0,0
BRDA:104,7,1,0
BRDA:104,7,2,0
BRDA:104,7,3,0
BRDA:109,8,0,0
BRDA:109,8,1,0
BRDA:124,9,0,0
BRDA:124,9,1,0
BRDA:127,10,0,0
BRDA:127,10,1,0
BRDA:128,11,0,0
BRDA:128,11,1,0
BRDA:190,12,0,0
BRDA:190,12,1,0
BRDA:190,13,0,0
BRDA:190,13,1,0
BRF:26
BRH:0
end_of_record
TN:
SF:src/routes/index.tsx
FN:40,(anonymous_10)
FN:40,(anonymous_11)
FN:43,(anonymous_12)
FN:45,(anonymous_13)
FN:53,(anonymous_14)
FN:60,OnboardingGuard
FN:61,(anonymous_16)
FN:84,(anonymous_17)
FN:89,AppRoutes
FN:91,(anonymous_19)
FNF:10
FNH:0
FNDA:0,(anonymous_10)
FNDA:0,(anonymous_11)
FNDA:0,(anonymous_12)
FNDA:0,(anonymous_13)
FNDA:0,(anonymous_14)
FNDA:0,OnboardingGuard
FNDA:0,(anonymous_16)
FNDA:0,(anonymous_17)
FNDA:0,AppRoutes
FNDA:0,(anonymous_19)
DA:1,0
DA:2,0
DA:3,0
DA:4,0
DA:5,0
DA:6,0
DA:7,0
DA:8,0
DA:12,0
DA:13,0
DA:14,0
DA:15,0
DA:16,0
DA:17,0
DA:18,0
DA:19,0
DA:20,0
DA:21,0
DA:22,0
DA:23,0
DA:24,0
DA:25,0
DA:26,0
DA:27,0
DA:28,0
DA:29,0
DA:30,0
DA:31,0
DA:32,0
DA:33,0
DA:34,0
DA:35,0
DA:36,0
DA:37,0
DA:40,0
DA:43,0
DA:45,0
DA:53,0
DA:54,0
DA:61,0
DA:62,0
DA:65,0
DA:66,0
DA:70,0
DA:71,0
DA:75,0
DA:76,0
DA:80,0
DA:84,0
DA:85,0
DA:86,0
DA:89,0
DA:91,0
DA:92,0
DA:95,0
LF:55
LH:0
BRDA:65,0,0,0
BRDA:70,1,0,0
BRDA:75,2,0,0
BRDA:75,3,0,0
BRDA:75,3,1,0
BRDA:75,3,2,0
BRF:6
BRH:0
end_of_record
TN:
SF:src/utils/adminUtils.ts
FN:18,isAdmin
FN:30,canBypassSubscription
FNF:2
FNH:0
FNDA:0,isAdmin
FNDA:0,canBypassSubscription
DA:6,0
DA:18,0
DA:19,0
DA:20,0
DA:30,0
DA:35,0
DA:38,0
LF:7
LH:0
BRDA:19,0,0,0
BRDA:35,1,0,0
BRF:2
BRH:0
end_of_record
TN:
SF:src/utils/blobUrlTracker.ts
FN:7,(anonymous_0)
FN:17,(anonymous_1)
FN:28,(anonymous_2)
FN:36,(anonymous_3)
FN:38,(anonymous_4)
FN:49,(anonymous_5)
FN:50,(anonymous_6)
FN:56,(anonymous_7)
FN:64,(anonymous_8)
FN:73,(anonymous_9)
FN:74,(anonymous_10)
FN:78,(anonymous_11)
FN:84,(anonymous_12)
FN:94,(anonymous_13)
FN:98,(anonymous_14)
FNF:15
FNH:0
FNDA:0,(anonymous_0)
FNDA:0,(anonymous_1)
FNDA:0,(anonymous_2)
FNDA:0,(anonymous_3)
FNDA:0,(anonymous_4)
FNDA:0,(anonymous_5)
FNDA:0,(anonymous_6)
FNDA:0,(anonymous_7)
FNDA:0,(anonymous_8)
FNDA:0,(anonymous_9)
FNDA:0,(anonymous_10)
FNDA:0,(anonymous_11)
FNDA:0,(anonymous_12)
FNDA:0,(anonymous_13)
FNDA:0,(anonymous_14)
DA:8,0
DA:18,0
DA:22,0
DA:29,0
DA:37,0
DA:38,0
DA:50,0
DA:58,0
DA:74,0
DA:75,0
DA:78,0
DA:86,0
DA:91,0
DA:94,0
DA:95,0
DA:98,0
DA:99,0
LF:17
LH:0
BRDA:17,0,0,0
BRDA:28,1,0,0
BRDA:49,2,0,0
BRDA:56,3,0,0
BRDA:73,4,0,0
BRDA:73,5,0,0
BRDA:94,6,0,0
BRDA:98,7,0,0
BRF:8
BRH:0
end_of_record
TN:
SF:src/utils/profileValidation.ts
FN:6,(anonymous_0)
FN:19,(anonymous_1)
FN:32,(anonymous_2)
FNF:3
FNH:0
FNDA:0,(anonymous_0)
FNDA:0,(anonymous_1)
FNDA:0,(anonymous_2)
DA:6,0
DA:7,0
DA:9,0
DA:10,0
DA:13,0
DA:19,0
DA:20,0
DA:22,0
DA:23,0
DA:26,0
DA:32,0
DA:38,0
DA:40,0
DA:41,0
DA:44,0
DA:45,0
DA:46,0
DA:48,0
DA:49,0
DA:53,0
LF:20
LH:0
BRDA:7,0,0,0
BRDA:7,1,0,0
BRDA:7,1,1,0
BRDA:9,2,0,0
BRDA:10,3,0,0
BRDA:10,3,1,0
BRDA:22,4,0,0
BRDA:40,5,0,0
BRDA:44,6,0,0
BRDA:45,7,0,0
BRDA:48,8,0,0
BRF:11
BRH:0
end_of_record
TN:
SF:src/utils/screenshotCapture.ts
FN:3,(anonymous_1)
FN:10,(anonymous_2)
FN:20,(anonymous_3)
FN:33,(anonymous_4)
FN:41,(anonymous_5)
FN:46,(anonymous_6)
FN:47,(anonymous_7)
FN:54,(anonymous_8)
FN:55,(anonymous_9)
FN:68,(anonymous_10)
FNF:10
FNH:0
FNDA:0,(anonymous_1)
FNDA:0,(anonymous_2)
FNDA:0,(anonymous_3)
FNDA:0,(anonymous_4)
FNDA:0,(anonymous_5)
FNDA:0,(anonymous_6)
FNDA:0,(anonymous_7)
FNDA:0,(anonymous_8)
FNDA:0,(anonymous_9)
FNDA:0,(anonymous_10)
DA:1,0
DA:3,0
DA:4,0
DA:6,0
DA:7,0
DA:10,0
DA:11,0
DA:12,0
DA:16,0
DA:20,0
DA:23,0
DA:35,0
DA:41,0
DA:42,0
DA:46,0
DA:47,0
DA:50,0
DA:53,0
DA:54,0
DA:55,0
DA:56,0
DA:57,0
DA:59,0
DA:60,0
DA:63,0
DA:64,0
DA:68,0
DA:69,0
DA:72,0
DA:74,0
DA:75,0
LF:31
LH:0
BRDA:35,0,0,0
BRDA:35,0,1,0
BRDA:35,0,2,0
BRDA:50,1,0,0
BRF:4
BRH:0
end_of_record
TN:
SF:src/utils/screenshotUpload.ts
FN:3,(anonymous_0)
FNF:1
FNH:0
FNDA:0,(anonymous_0)
DA:1,0
DA:3,0
DA:4,0
DA:6,0
DA:7,0
DA:10,0
DA:11,0
DA:12,0
DA:15,0
DA:16,0
DA:19,0
DA:26,0
DA:27,0
DA:28,0
DA:32,0
DA:36,0
DA:37,0
DA:39,0
DA:40,0
LF:19
LH:0
BRDA:16,0,0,0
BRDA:16,0,1,0
BRDA:26,1,0,0
BRF:3
BRH:0
end_of_record
TN:
SF:src/utils/webm-diagnostics.ts
FN:12,validateAudioBlob
FN:37,(anonymous_1)
FN:85,(anonymous_2)
FN:121,repairWebMFile
FN:229,testAudioRecordingCompatibility
FN:250,(anonymous_5)
FN:260,(anonymous_6)
FNF:7
FNH:0
FNDA:0,validateAudioBlob
FNDA:0,(anonymous_1)
FNDA:0,(anonymous_2)
FNDA:0,repairWebMFile
FNDA:0,testAudioRecordingCompatibility
FNDA:0,(anonymous_5)
FNDA:0,(anonymous_6)
DA:4,1
DA:12,1
DA:18,0
DA:20,0
DA:21,0
DA:30,0
DA:36,0
DA:37,0
DA:38,0
DA:41,0
DA:42,0
DA:51,0
DA:52,0
DA:61,0
DA:62,0
DA:64,0
DA:66,0
DA:67,0
DA:68,0
DA:69,0
DA:70,0
DA:72,0
DA:73,0
DA:81,0
DA:83,0
DA:84,0
DA:86,0
DA:87,0
DA:89,0
DA:92,0
DA:94,0
DA:95,0
DA:103,0
DA:109,0
DA:121,1
DA:127,0
DA:130,0
DA:131,0
DA:141,0
DA:143,0
DA:188,0
DA:191,0
DA:192,0
DA:193,0
DA:196,0
DA:199,0
DA:201,0
DA:214,0
DA:229,1
DA:233,0
DA:241,0
DA:242,0
DA:250,0
DA:251,0
DA:256,0
DA:257,0
DA:258,0
DA:259,0
DA:260,0
DA:262,0
DA:265,0
DA:268,0
DA:273,0
LF:63
LH:4
BRDA:20,0,0,0
BRDA:20,1,0,0
BRDA:20,1,1,0
BRDA:24,2,0,0
BRDA:24,2,1,0
BRDA:25,3,0,0
BRDA:25,3,1,0
BRDA:38,4,0,0
BRDA:38,4,1,0
BRDA:38,4,2,0
BRDA:41,5,0,0
BRDA:51,6,0,0
BRDA:64,7,0,0
BRDA:64,7,1,0
BRDA:66,8,0,0
BRDA:72,9,0,0
BRDA:72,10,0,0
BRDA:72,10,1,0
BRDA:72,10,2,0
BRDA:72,10,3,0
BRDA:81,11,0,0
BRDA:83,12,0,0
BRDA:86,13,0,0
BRDA:87,14,0,0
BRDA:87,14,1,0
BRDA:87,14,2,0
BRDA:87,14,3,0
BRDA:92,15,0,0
BRDA:94,16,0,0
BRDA:111,17,0,0
BRDA:111,17,1,0
BRDA:112,18,0,0
BRDA:112,18,1,0
BRDA:113,19,0,0
BRDA:113,19,1,0
BRDA:130,20,0,0
BRDA:203,21,0,0
BRDA:203,21,1,0
BRDA:205,22,0,0
BRDA:205,22,1,0
BRDA:218,23,0,0
BRDA:218,23,1,0
BRDA:241,24,0,0
BRDA:262,25,0,0
BRDA:262,25,1,0
BRDA:268,26,0,0
BRDA:268,26,1,0
BRDA:268,26,2,0
BRDA:268,26,3,0
BRDA:268,26,4,0
BRF:50
BRH:0
end_of_record
TN:
SF:src/utils/feedback/audioUtils.ts
FN:8,(anonymous_0)
FN:41,(anonymous_1)
FN:61,(anonymous_2)
FN:68,(anonymous_3)
FNF:4
FNH:0
FNDA:0,(anonymous_0)
FNDA:0,(anonymous_1)
FNDA:0,(anonymous_2)
FNDA:0,(anonymous_3)
DA:4,0
DA:5,0
DA:8,0
DA:13,0
DA:16,0
DA:18,0
DA:19,0
DA:20,0
DA:23,0
DA:24,0
DA:25,0
DA:28,0
DA:29,0
DA:31,0
DA:41,0
DA:42,0
DA:43,0
DA:45,0
DA:46,0
DA:47,0
DA:52,0
DA:55,0
DA:57,0
DA:58,0
DA:60,0
DA:61,0
DA:62,0
DA:63,0
DA:68,0
DA:73,0
DA:75,0
DA:77,0
DA:78,0
DA:79,0
DA:80,0
DA:81,0
DA:84,0
DA:86,0
DA:89,0
DA:92,0
DA:95,0
DA:96,0
DA:98,0
DA:100,0
LF:44
LH:0
BRDA:18,0,0,0
BRDA:23,1,0,0
BRDA:23,2,0,0
BRDA:23,2,1,0
BRDA:42,3,0,0
BRDA:60,4,0,0
BRDA:77,5,0,0
BRF:7
BRH:0
end_of_record
TN:
SF:src/utils/feedback/scoreUtils.ts
FN:5,(anonymous_0)
FN:15,(anonymous_1)
FN:21,(anonymous_2)
FN:29,(anonymous_3)
FN:35,(anonymous_4)
FN:42,(anonymous_5)
FN:49,(anonymous_6)
FN:52,(anonymous_7)
FN:57,(anonymous_8)
FN:63,(anonymous_9)
FNF:10
FNH:0
FNDA:0,(anonymous_0)
FNDA:0,(anonymous_1)
FNDA:0,(anonymous_2)
FNDA:0,(anonymous_3)
FNDA:0,(anonymous_4)
FNDA:0,(anonymous_5)
FNDA:0,(anonymous_6)
FNDA:0,(anonymous_7)
FNDA:0,(anonymous_8)
FNDA:0,(anonymous_9)
DA:5,0
DA:6,0
DA:7,0
DA:8,0
DA:10,0
DA:11,0
DA:12,0
DA:15,0
DA:16,0
DA:17,0
DA:18,0
DA:21,0
DA:22,0
DA:23,0
DA:24,0
DA:25,0
DA:26,0
DA:29,0
DA:30,0
DA:31,0
DA:35,0
DA:36,0
DA:39,0
DA:42,0
DA:43,0
DA:46,0
DA:49,0
DA:52,0
DA:53,0
DA:57,0
DA:59,0
DA:62,0
DA:63,0
DA:66,0
DA:70,0
LF:35
LH:0
BRDA:5,0,0,0
BRDA:6,1,0,0
BRDA:7,2,0,0
BRDA:10,3,0,0
BRDA:11,4,0,0
BRDA:16,5,0,0
BRDA:17,6,0,0
BRDA:22,7,0,0
BRDA:23,8,0,0
BRDA:24,9,0,0
BRDA:25,10,0,0
BRDA:30,11,0,0
BRDA:30,12,0,0
BRDA:30,12,1,0
BRDA:35,13,0,0
BRDA:35,13,1,0
BRDA:43,14,0,0
BRDA:43,15,0,0
BRDA:43,15,1,0
BRDA:59,16,0,0
BRDA:62,17,0,0
BRDA:62,18,0,0
BRDA:62,18,1,0
BRF:23
BRH:0
end_of_record
TN:
SF:src/utils/feedback/textUtils.tsx
FN:89,(anonymous_0)
FN:94,(anonymous_1)
FN:106,(anonymous_2)
FN:106,(anonymous_3)
FN:108,(anonymous_4)
FN:108,(anonymous_5)
FN:110,(anonymous_6)
FN:110,(anonymous_7)
FN:112,(anonymous_8)
FN:112,(anonymous_9)
FN:182,(anonymous_10)
FN:193,(anonymous_11)
FN:203,(anonymous_12)
FN:218,(anonymous_13)
FN:237,(anonymous_14)
FN:247,(anonymous_15)
FN:248,(anonymous_16)
FN:258,(anonymous_17)
FN:288,(anonymous_18)
FN:295,(anonymous_19)
FN:310,(anonymous_20)
FN:318,(anonymous_21)
FN:319,(anonymous_22)
FN:349,(anonymous_23)
FN:350,(anonymous_24)
FN:365,(anonymous_25)
FN:381,(anonymous_26)
FN:405,(anonymous_27)
FN:407,(anonymous_28)
FN:408,(anonymous_29)
FN:422,(anonymous_30)
FN:432,(anonymous_31)
FN:433,(anonymous_32)
FN:465,(anonymous_33)
FN:484,(anonymous_34)
FN:485,(anonymous_35)
FN:507,(anonymous_36)
FN:532,(anonymous_37)
FN:553,(anonymous_38)
FN:556,(anonymous_39)
FN:557,(anonymous_40)
FN:565,(anonymous_41)
FN:575,(anonymous_42)
FNF:43
FNH:0
FNDA:0,(anonymous_0)
FNDA:0,(anonymous_1)
FNDA:0,(anonymous_2)
FNDA:0,(anonymous_3)
FNDA:0,(anonymous_4)
FNDA:0,(anonymous_5)
FNDA:0,(anonymous_6)
FNDA:0,(anonymous_7)
FNDA:0,(anonymous_8)
FNDA:0,(anonymous_9)
FNDA:0,(anonymous_10)
FNDA:0,(anonymous_11)
FNDA:0,(anonymous_12)
FNDA:0,(anonymous_13)
FNDA:0,(anonymous_14)
FNDA:0,(anonymous_15)
FNDA:0,(anonymous_16)
FNDA:0,(anonymous_17)
FNDA:0,(anonymous_18)
FNDA:0,(anonymous_19)
FNDA:0,(anonymous_20)
FNDA:0,(anonymous_21)
FNDA:0,(anonymous_22)
FNDA:0,(anonymous_23)
FNDA:0,(anonymous_24)
FNDA:0,(anonymous_25)
FNDA:0,(anonymous_26)
FNDA:0,(anonymous_27)
FNDA:0,(anonymous_28)
FNDA:0,(anonymous_29)
FNDA:0,(anonymous_30)
FNDA:0,(anonymous_31)
FNDA:0,(anonymous_32)
FNDA:0,(anonymous_33)
FNDA:0,(anonymous_34)
FNDA:0,(anonymous_35)
FNDA:0,(anonymous_36)
FNDA:0,(anonymous_37)
FNDA:0,(anonymous_38)
FNDA:0,(anonymous_39)
FNDA:0,(anonymous_40)
FNDA:0,(anonymous_41)
FNDA:0,(anonymous_42)
DA:46,0
DA:89,0
DA:90,0
DA:94,0
DA:99,0
DA:102,0
DA:104,0
DA:106,0
DA:108,0
DA:110,0
DA:112,0
DA:115,0
DA:116,0
DA:117,0
DA:118,0
DA:119,0
DA:122,0
DA:123,0
DA:125,0
DA:126,0
DA:127,0
DA:128,0
DA:129,0
DA:130,0
DA:139,0
DA:145,0
DA:146,0
DA:149,0
DA:150,0
DA:151,0
DA:158,0
DA:160,0
DA:161,0
DA:164,0
DA:165,0
DA:167,0
DA:168,0
DA:169,0
DA:170,0
DA:171,0
DA:175,0
DA:179,0
DA:182,0
DA:190,0
DA:193,0
DA:195,0
DA:196,0
DA:197,0
DA:199,0
DA:203,0
DA:204,0
DA:206,0
DA:207,0
DA:208,0
DA:210,0
DA:214,0
DA:218,0
DA:219,0
DA:221,0
DA:224,0
DA:225,0
DA:229,0
DA:230,0
DA:233,0
DA:237,0
DA:238,0
DA:240,0
DA:241,0
DA:243,0
DA:247,0
DA:248,0
DA:251,0
DA:253,0
DA:255,0
DA:256,0
DA:257,0
DA:259,0
DA:262,0
DA:263,0
DA:267,0
DA:268,0
DA:269,0
DA:273,0
DA:274,0
DA:275,0
DA:278,0
DA:288,0
DA:291,0
DA:292,0
DA:293,0
DA:297,0
DA:298,0
DA:299,0
DA:303,0
DA:304,0
DA:305,0
DA:308,0
DA:311,0
DA:313,0
DA:314,0
DA:315,0
DA:316,0
DA:317,0
DA:318,0
DA:319,0
DA:320,0
DA:323,0
DA:324,0
DA:330,0
DA:342,0
DA:343,0
DA:344,0
DA:346,0
DA:348,0
DA:349,0
DA:352,0
DA:353,0
DA:354,0
DA:358,0
DA:359,0
DA:360,0
DA:363,0
DA:365,0
DA:377,0
DA:380,0
DA:381,0
DA:382,0
DA:384,0
DA:387,0
DA:388,0
DA:391,0
DA:394,0
DA:395,0
DA:405,0
DA:406,0
DA:407,0
DA:408,0
DA:409,0
DA:413,0
DA:414,0
DA:419,0
DA:420,0
DA:422,0
DA:423,0
DA:424,0
DA:427,0
DA:428,0
DA:432,0
DA:433,0
DA:454,0
DA:457,0
DA:458,0
DA:461,0
DA:465,0
DA:470,0
DA:476,0
DA:479,0
DA:480,0
DA:483,0
DA:484,0
DA:485,0
DA:486,0
DA:491,0
DA:493,0
DA:494,0
DA:506,0
DA:507,0
DA:508,0
DA:513,0
DA:515,0
DA:516,0
DA:528,0
DA:529,0
DA:531,0
DA:532,0
DA:533,0
DA:538,0
DA:540,0
DA:541,0
DA:553,0
DA:556,0
DA:557,0
DA:558,0
DA:564,0
DA:565,0
DA:566,0
DA:571,0
DA:575,0
DA:576,0
LF:189
LH:0
BRDA:90,0,0,0
BRDA:90,0,1,0
BRDA:99,1,0,0
BRDA:102,2,0,0
BRDA:102,3,0,0
BRDA:102,3,1,0
BRDA:118,4,0,0
BRDA:123,5,0,0
BRDA:128,6,0,0
BRDA:158,7,0,0
BRDA:158,8,0,0
BRDA:158,8,1,0
BRDA:169,9,0,0
BRDA:179,10,0,0
BRDA:179,10,1,0
BRDA:190,11,0,0
BRDA:190,12,0,0
BRDA:190,12,1,0
BRDA:190,12,2,0
BRDA:195,13,0,0
BRDA:195,14,0,0
BRDA:195,14,1,0
BRDA:204,15,0,0
BRDA:207,16,0,0
BRDA:207,16,1,0
BRDA:208,17,0,0
BRDA:208,17,1,0
BRDA:210,18,0,0
BRDA:210,18,1,0
BRDA:219,19,0,0
BRDA:224,20,0,0
BRDA:229,21,0,0
BRDA:229,22,0,0
BRDA:229,22,1,0
BRDA:238,23,0,0
BRDA:238,24,0,0
BRDA:238,24,1,0
BRDA:253,25,0,0
BRDA:253,25,1,0
BRDA:256,26,0,0
BRDA:256,26,1,0
BRDA:262,27,0,0
BRDA:267,28,0,0
BRDA:267,28,1,0
BRDA:267,28,2,0
BRDA:268,29,0,0
BRDA:273,30,0,0
BRDA:273,30,1,0
BRDA:274,31,0,0
BRDA:279,32,0,0
BRDA:279,32,1,0
BRDA:279,32,2,0
BRDA:280,33,0,0
BRDA:280,33,1,0
BRDA:281,34,0,0
BRDA:281,34,1,0
BRDA:291,35,0,0
BRDA:292,36,0,0
BRDA:297,37,0,0
BRDA:297,37,1,0
BRDA:297,37,2,0
BRDA:298,38,0,0
BRDA:303,39,0,0
BRDA:303,39,1,0
BRDA:304,40,0,0
BRDA:311,41,0,0
BRDA:311,41,1,0
BRDA:313,42,0,0
BRDA:313,43,0,0
BRDA:313,43,1,0
BRDA:314,44,0,0
BRDA:316,45,0,0
BRDA:323,46,0,0
BRDA:331,47,0,0
BRDA:331,47,1,0
BRDA:331,47,2,0
BRDA:332,48,0,0
BRDA:332,48,1,0
BRDA:333,49,0,0
BRDA:333,49,1,0
BRDA:342,50,0,0
BRDA:344,51,0,0
BRDA:352,52,0,0
BRDA:352,52,1,0
BRDA:353,53,0,0
BRDA:358,54,0,0
BRDA:358,54,1,0
BRDA:359,55,0,0
BRDA:366,56,0,0
BRDA:366,56,1,0
BRDA:367,57,0,0
BRDA:367,57,1,0
BRDA:368,58,0,0
BRDA:368,58,1,0
BRDA:377,59,0,0
BRDA:382,60,0,0
BRDA:387,61,0,0
BRDA:387,61,1,0
BRDA:394,62,0,0
BRDA:409,63,0,0
BRDA:409,63,1,0
BRDA:409,63,2,0
BRDA:409,63,3,0
BRDA:409,63,4,0
BRDA:409,63,5,0
BRDA:413,64,0,0
BRDA:423,65,0,0
BRDA:436,66,0,0
BRDA:436,66,1,0
BRDA:439,67,0,0
BRDA:439,67,1,0
BRDA:457,68,0,0
BRDA:461,69,0,0
BRDA:461,69,1,0
BRDA:470,70,0,0
BRDA:470,71,0,0
BRDA:470,71,1,0
BRDA:479,72,0,0
BRDA:483,73,0,0
BRDA:486,74,0,0
BRDA:486,75,0,0
BRDA:486,75,1,0
BRDA:486,75,2,0
BRDA:486,75,3,0
BRDA:506,76,0,0
BRDA:508,77,0,0
BRDA:508,78,0,0
BRDA:508,78,1,0
BRDA:508,78,2,0
BRDA:508,78,3,0
BRDA:528,79,0,0
BRDA:531,80,0,0
BRDA:533,81,0,0
BRDA:533,82,0,0
BRDA:533,82,1,0
BRDA:533,82,2,0
BRDA:533,82,3,0
BRDA:558,83,0,0
BRDA:558,83,1,0
BRDA:558,83,2,0
BRDA:558,83,3,0
BRF:141
BRH:0
end_of_record
